<?xml version="1.0" encoding="UTF-8"?>
<coverage generated="1751597992961" clover="3.2.0">
  <project timestamp="1751597992961" name="All files">
    <metrics statements="552" coveredstatements="507" conditionals="343" coveredconditionals="273" methods="77" coveredmethods="75" elements="972" coveredelements="855" complexity="0" loc="552" ncloc="552" packages="5" files="16" classes="16"/>
    <package name="be-movies-app">
      <metrics statements="32" coveredstatements="32" conditionals="2" coveredconditionals="1" methods="0" coveredmethods="0"/>
      <file name="app.js" path="C:\Users\neubr\Documents\hacktiv8\phase2\IndividualProject\movies-app\be-movies-app\app.js">
        <metrics statements="32" coveredstatements="32" conditionals="2" coveredconditionals="1" methods="0" coveredmethods="0"/>
        <line num="1" count="5" type="cond" truecount="1" falsecount="1"/>
        <line num="2" count="5" type="stmt"/>
        <line num="5" count="5" type="stmt"/>
        <line num="6" count="5" type="stmt"/>
        <line num="8" count="5" type="stmt"/>
        <line num="9" count="5" type="stmt"/>
        <line num="10" count="5" type="stmt"/>
        <line num="11" count="5" type="stmt"/>
        <line num="12" count="5" type="stmt"/>
        <line num="13" count="5" type="stmt"/>
        <line num="15" count="5" type="stmt"/>
        <line num="17" count="5" type="stmt"/>
        <line num="18" count="5" type="stmt"/>
        <line num="19" count="5" type="stmt"/>
        <line num="22" count="5" type="stmt"/>
        <line num="23" count="5" type="stmt"/>
        <line num="24" count="5" type="stmt"/>
        <line num="25" count="5" type="stmt"/>
        <line num="28" count="5" type="stmt"/>
        <line num="29" count="5" type="stmt"/>
        <line num="30" count="5" type="stmt"/>
        <line num="33" count="5" type="stmt"/>
        <line num="34" count="5" type="stmt"/>
        <line num="37" count="5" type="stmt"/>
        <line num="38" count="5" type="stmt"/>
        <line num="39" count="5" type="stmt"/>
        <line num="40" count="5" type="stmt"/>
        <line num="41" count="5" type="stmt"/>
        <line num="44" count="5" type="stmt"/>
        <line num="49" count="5" type="stmt"/>
        <line num="55" count="5" type="stmt"/>
        <line num="57" count="5" type="stmt"/>
      </file>
    </package>
    <package name="be-movies-app.controllers">
      <metrics statements="378" coveredstatements="339" conditionals="300" coveredconditionals="239" methods="48" coveredmethods="46"/>
      <file name="MoviesController.js" path="C:\Users\neubr\Documents\hacktiv8\phase2\IndividualProject\movies-app\be-movies-app\controllers\MoviesController.js">
        <metrics statements="154" coveredstatements="119" conditionals="137" coveredconditionals="88" methods="29" coveredmethods="27"/>
        <line num="1" count="5" type="stmt"/>
        <line num="2" count="5" type="stmt"/>
        <line num="3" count="5" type="stmt"/>
        <line num="7" count="6" type="stmt"/>
        <line num="8" count="6" type="stmt"/>
        <line num="9" count="6" type="stmt"/>
        <line num="12" count="6" type="stmt"/>
        <line num="13" count="6" type="stmt"/>
        <line num="16" count="6" type="cond" truecount="1" falsecount="1"/>
        <line num="17" count="0" type="stmt"/>
        <line num="18" count="0" type="cond" truecount="0" falsecount="5"/>
        <line num="19" count="0" type="stmt"/>
        <line num="21" count="6" type="cond" truecount="1" falsecount="1"/>
        <line num="23" count="0" type="stmt"/>
        <line num="24" count="0" type="cond" truecount="0" falsecount="5"/>
        <line num="25" count="0" type="stmt"/>
        <line num="27" count="6" type="cond" truecount="5" falsecount="0"/>
        <line num="29" count="1" type="stmt"/>
        <line num="30" count="1" type="cond" truecount="4" falsecount="1"/>
        <line num="31" count="1" type="stmt"/>
        <line num="36" count="6" type="cond" truecount="3" falsecount="1"/>
        <line num="38" count="0" type="cond" truecount="0" falsecount="2"/>
        <line num="39" count="0" type="stmt"/>
        <line num="41" count="6" type="cond" truecount="3" falsecount="1"/>
        <line num="43" count="0" type="stmt"/>
        <line num="44" count="0" type="cond" truecount="0" falsecount="4"/>
        <line num="45" count="0" type="stmt"/>
        <line num="47" count="6" type="cond" truecount="1" falsecount="1"/>
        <line num="49" count="0" type="stmt"/>
        <line num="50" count="0" type="cond" truecount="0" falsecount="4"/>
        <line num="51" count="0" type="stmt"/>
        <line num="53" count="6" type="cond" truecount="5" falsecount="0"/>
        <line num="55" count="1" type="stmt"/>
        <line num="56" count="1" type="cond" truecount="3" falsecount="1"/>
        <line num="57" count="1" type="stmt"/>
        <line num="62" count="6" type="stmt"/>
        <line num="65" count="6" type="cond" truecount="2" falsecount="0"/>
        <line num="66" count="6" type="cond" truecount="5" falsecount="0"/>
        <line num="67" count="1" type="stmt"/>
        <line num="73" count="6" type="cond" truecount="2" falsecount="0"/>
        <line num="74" count="6" type="cond" truecount="5" falsecount="0"/>
        <line num="76" count="1" type="stmt"/>
        <line num="77" count="1" type="cond" truecount="1" falsecount="1"/>
        <line num="79" count="1" type="stmt"/>
        <line num="85" count="0" type="stmt"/>
        <line num="92" count="6" type="stmt"/>
        <line num="95" count="6" type="stmt"/>
        <line num="103" count="6" type="cond" truecount="4" falsecount="0"/>
        <line num="104" count="2" type="stmt"/>
        <line num="105" count="2" type="stmt"/>
        <line num="106" count="2" type="stmt"/>
        <line num="109" count="2" type="cond" truecount="2" falsecount="0"/>
        <line num="110" count="1" type="stmt"/>
        <line num="111" count="1" type="stmt"/>
        <line num="115" count="2" type="cond" truecount="1" falsecount="1"/>
        <line num="116" count="0" type="stmt"/>
        <line num="117" count="0" type="stmt"/>
        <line num="118" count="0" type="cond" truecount="0" falsecount="2"/>
        <line num="122" count="2" type="stmt"/>
        <line num="123" count="2" type="cond" truecount="1" falsecount="1"/>
        <line num="124" count="2" type="stmt"/>
        <line num="127" count="0" type="stmt"/>
        <line num="131" count="4" type="stmt"/>
        <line num="135" count="6" type="stmt"/>
        <line num="138" count="6" type="stmt"/>
        <line num="141" count="6" type="stmt"/>
        <line num="164" count="0" type="stmt"/>
        <line num="165" count="0" type="stmt"/>
        <line num="170" count="4" type="stmt"/>
        <line num="171" count="4" type="stmt"/>
        <line num="173" count="4" type="stmt"/>
        <line num="175" count="4" type="cond" truecount="2" falsecount="0"/>
        <line num="176" count="2" type="stmt"/>
        <line num="179" count="2" type="stmt"/>
        <line num="186" count="2" type="stmt"/>
        <line num="191" count="2" type="stmt"/>
        <line num="192" count="2" type="stmt"/>
        <line num="195" count="2" type="stmt"/>
        <line num="199" count="2" type="cond" truecount="1" falsecount="1"/>
        <line num="200" count="0" type="stmt"/>
        <line num="204" count="2" type="cond" truecount="4" falsecount="0"/>
        <line num="205" count="1" type="stmt"/>
        <line num="216" count="1" type="stmt"/>
        <line num="218" count="2" type="stmt"/>
        <line num="219" count="2" type="stmt"/>
        <line num="221" count="1" type="cond" truecount="1" falsecount="1"/>
        <line num="222" count="0" type="stmt"/>
        <line num="233" count="1" type="stmt"/>
        <line num="238" count="1" type="cond" truecount="1" falsecount="1"/>
        <line num="239" count="0" type="stmt"/>
        <line num="250" count="2" type="stmt"/>
        <line num="257" count="1" type="stmt"/>
        <line num="262" count="1" type="cond" truecount="3" falsecount="1"/>
        <line num="263" count="0" type="stmt"/>
        <line num="274" count="1" type="stmt"/>
        <line num="280" count="1" type="stmt"/>
        <line num="281" count="6" type="stmt"/>
        <line num="285" count="1" type="stmt"/>
        <line num="292" count="1" type="stmt"/>
        <line num="293" count="1" type="stmt"/>
        <line num="294" count="6" type="cond" truecount="1" falsecount="1"/>
        <line num="295" count="6" type="stmt"/>
        <line num="296" count="12" type="stmt"/>
        <line num="297" count="12" type="cond" truecount="2" falsecount="0"/>
        <line num="298" count="12" type="stmt"/>
        <line num="303" count="1" type="stmt"/>
        <line num="309" count="1" type="stmt"/>
        <line num="312" count="1" type="stmt"/>
        <line num="313" count="6" type="cond" truecount="1" falsecount="1"/>
        <line num="315" count="12" type="stmt"/>
        <line num="316" count="12" type="cond" truecount="2" falsecount="0"/>
        <line num="317" count="12" type="stmt"/>
        <line num="321" count="6" type="stmt"/>
        <line num="327" count="1" type="stmt"/>
        <line num="340" count="0" type="stmt"/>
        <line num="342" count="0" type="cond" truecount="0" falsecount="2"/>
        <line num="343" count="0" type="stmt"/>
        <line num="344" count="0" type="cond" truecount="0" falsecount="4"/>
        <line num="345" count="0" type="stmt"/>
        <line num="350" count="0" type="stmt"/>
        <line num="362" count="2" type="stmt"/>
        <line num="363" count="2" type="stmt"/>
        <line num="364" count="2" type="cond" truecount="2" falsecount="0"/>
        <line num="365" count="2" type="cond" truecount="2" falsecount="0"/>
        <line num="366" count="2" type="stmt"/>
        <line num="368" count="2" type="stmt"/>
        <line num="380" count="2" type="stmt"/>
        <line num="381" count="2" type="stmt"/>
        <line num="382" count="11" type="cond" truecount="1" falsecount="1"/>
        <line num="383" count="11" type="stmt"/>
        <line num="384" count="22" type="stmt"/>
        <line num="385" count="22" type="cond" truecount="2" falsecount="0"/>
        <line num="386" count="22" type="stmt"/>
        <line num="391" count="2" type="stmt"/>
        <line num="397" count="2" type="stmt"/>
        <line num="400" count="2" type="stmt"/>
        <line num="401" count="11" type="stmt"/>
        <line num="403" count="11" type="cond" truecount="1" falsecount="1"/>
        <line num="404" count="0" type="stmt"/>
        <line num="407" count="11" type="cond" truecount="1" falsecount="1"/>
        <line num="409" count="22" type="stmt"/>
        <line num="410" count="22" type="cond" truecount="2" falsecount="0"/>
        <line num="411" count="22" type="stmt"/>
        <line num="415" count="11" type="stmt"/>
        <line num="424" count="2" type="stmt"/>
        <line num="438" count="0" type="stmt"/>
        <line num="439" count="0" type="stmt"/>
        <line num="453" count="1" type="stmt"/>
        <line num="455" count="1" type="stmt"/>
        <line num="460" count="1" type="cond" truecount="3" falsecount="1"/>
        <line num="461" count="6" type="stmt"/>
        <line num="467" count="1" type="stmt"/>
        <line num="470" count="0" type="stmt"/>
        <line num="476" count="5" type="stmt"/>
      </file>
      <file name="authController.js" path="C:\Users\neubr\Documents\hacktiv8\phase2\IndividualProject\movies-app\be-movies-app\controllers\authController.js">
        <metrics statements="61" coveredstatements="61" conditionals="18" coveredconditionals="18" methods="3" coveredmethods="3"/>
        <line num="1" count="5" type="stmt"/>
        <line num="2" count="5" type="stmt"/>
        <line num="3" count="5" type="stmt"/>
        <line num="4" count="5" type="stmt"/>
        <line num="5" count="5" type="stmt"/>
        <line num="9" count="13" type="stmt"/>
        <line num="10" count="13" type="stmt"/>
        <line num="12" count="13" type="stmt"/>
        <line num="19" count="2" type="stmt"/>
        <line num="20" count="2" type="stmt"/>
        <line num="21" count="2" type="stmt"/>
        <line num="22" count="2" type="stmt"/>
        <line num="23" count="2" type="stmt"/>
        <line num="25" count="2" type="stmt"/>
        <line num="30" count="11" type="stmt"/>
        <line num="35" count="12" type="stmt"/>
        <line num="36" count="12" type="stmt"/>
        <line num="38" count="12" type="cond" truecount="2" falsecount="0"/>
        <line num="39" count="3" type="stmt"/>
        <line num="41" count="9" type="cond" truecount="2" falsecount="0"/>
        <line num="42" count="3" type="stmt"/>
        <line num="45" count="6" type="stmt"/>
        <line num="49" count="6" type="cond" truecount="2" falsecount="0"/>
        <line num="50" count="2" type="stmt"/>
        <line num="53" count="4" type="stmt"/>
        <line num="55" count="4" type="cond" truecount="2" falsecount="0"/>
        <line num="56" count="2" type="stmt"/>
        <line num="59" count="2" type="stmt"/>
        <line num="61" count="2" type="stmt"/>
        <line num="62" count="2" type="stmt"/>
        <line num="63" count="2" type="stmt"/>
        <line num="64" count="2" type="stmt"/>
        <line num="65" count="2" type="stmt"/>
        <line num="67" count="2" type="stmt"/>
        <line num="69" count="10" type="stmt"/>
        <line num="74" count="7" type="stmt"/>
        <line num="75" count="7" type="stmt"/>
        <line num="77" count="7" type="cond" truecount="2" falsecount="0"/>
        <line num="78" count="1" type="stmt"/>
        <line num="81" count="6" type="stmt"/>
        <line num="84" count="6" type="stmt"/>
        <line num="89" count="3" type="stmt"/>
        <line num="92" count="3" type="stmt"/>
        <line num="96" count="3" type="cond" truecount="2" falsecount="0"/>
        <line num="98" count="2" type="stmt"/>
        <line num="101" count="2" type="stmt"/>
        <line num="102" count="2" type="stmt"/>
        <line num="103" count="2" type="cond" truecount="2" falsecount="0"/>
        <line num="104" count="1" type="stmt"/>
        <line num="108" count="2" type="stmt"/>
        <line num="119" count="3" type="stmt"/>
        <line num="122" count="3" type="stmt"/>
        <line num="123" count="3" type="stmt"/>
        <line num="124" count="3" type="stmt"/>
        <line num="125" count="3" type="stmt"/>
        <line num="126" count="3" type="stmt"/>
        <line num="128" count="3" type="stmt"/>
        <line num="135" count="4" type="cond" truecount="4" falsecount="0"/>
        <line num="136" count="1" type="stmt"/>
        <line num="138" count="4" type="stmt"/>
        <line num="143" count="5" type="stmt"/>
      </file>
      <file name="pubController.js" path="C:\Users\neubr\Documents\hacktiv8\phase2\IndividualProject\movies-app\be-movies-app\controllers\pubController.js">
        <metrics statements="109" coveredstatements="106" conditionals="117" coveredconditionals="106" methods="12" coveredmethods="12"/>
        <line num="1" count="5" type="stmt"/>
        <line num="4" count="5" type="stmt"/>
        <line num="5" count="5" type="stmt"/>
        <line num="11" count="10" type="stmt"/>
        <line num="32" count="11" type="stmt"/>
        <line num="33" count="11" type="stmt"/>
        <line num="34" count="11" type="stmt"/>
        <line num="37" count="11" type="stmt"/>
        <line num="38" count="11" type="stmt"/>
        <line num="41" count="11" type="cond" truecount="4" falsecount="0"/>
        <line num="42" count="2" type="cond" truecount="2" falsecount="0"/>
        <line num="43" count="2" type="stmt"/>
        <line num="44" count="2" type="cond" truecount="4" falsecount="0"/>
        <line num="45" count="1" type="stmt"/>
        <line num="49" count="11" type="cond" truecount="4" falsecount="0"/>
        <line num="50" count="2" type="cond" truecount="2" falsecount="0"/>
        <line num="51" count="2" type="stmt"/>
        <line num="52" count="2" type="cond" truecount="4" falsecount="0"/>
        <line num="53" count="1" type="stmt"/>
        <line num="58" count="11" type="stmt"/>
        <line num="61" count="11" type="stmt"/>
        <line num="68" count="11" type="cond" truecount="2" falsecount="0"/>
        <line num="69" count="1" type="stmt"/>
        <line num="70" count="1" type="stmt"/>
        <line num="71" count="10" type="cond" truecount="2" falsecount="0"/>
        <line num="72" count="1" type="stmt"/>
        <line num="73" count="1" type="stmt"/>
        <line num="75" count="9" type="stmt"/>
        <line num="79" count="11" type="cond" truecount="2" falsecount="0"/>
        <line num="80" count="2" type="cond" truecount="2" falsecount="0"/>
        <line num="81" count="2" type="cond" truecount="2" falsecount="0"/>
        <line num="83" count="2" type="stmt"/>
        <line num="90" count="2" type="cond" truecount="1" falsecount="1"/>
        <line num="93" count="11" type="stmt"/>
        <line num="99" count="7" type="stmt"/>
        <line num="104" count="7" type="stmt"/>
        <line num="105" count="7" type="stmt"/>
        <line num="106" count="6" type="cond" truecount="1" falsecount="1"/>
        <line num="107" count="6" type="stmt"/>
        <line num="110" count="6" type="stmt"/>
        <line num="117" count="7" type="stmt"/>
        <line num="129" count="4" type="cond" truecount="2" falsecount="0"/>
        <line num="131" count="4" type="cond" truecount="4" falsecount="0"/>
        <line num="132" count="1" type="stmt"/>
        <line num="133" count="3" type="cond" truecount="4" falsecount="0"/>
        <line num="134" count="1" type="stmt"/>
        <line num="135" count="2" type="cond" truecount="2" falsecount="0"/>
        <line num="137" count="1" type="stmt"/>
        <line num="140" count="1" type="cond" truecount="1" falsecount="1"/>
        <line num="141" count="1" type="stmt"/>
        <line num="147" count="5" type="stmt"/>
        <line num="148" count="5" type="stmt"/>
        <line num="151" count="5" type="stmt"/>
        <line num="152" count="5" type="stmt"/>
        <line num="155" count="5" type="cond" truecount="4" falsecount="0"/>
        <line num="156" count="1" type="cond" truecount="2" falsecount="0"/>
        <line num="157" count="1" type="stmt"/>
        <line num="158" count="1" type="cond" truecount="3" falsecount="1"/>
        <line num="159" count="1" type="stmt"/>
        <line num="163" count="5" type="cond" truecount="4" falsecount="0"/>
        <line num="164" count="1" type="cond" truecount="2" falsecount="0"/>
        <line num="165" count="1" type="stmt"/>
        <line num="166" count="1" type="cond" truecount="3" falsecount="1"/>
        <line num="167" count="1" type="stmt"/>
        <line num="172" count="5" type="stmt"/>
        <line num="175" count="5" type="stmt"/>
        <line num="184" count="2" type="stmt"/>
        <line num="189" count="2" type="stmt"/>
        <line num="190" count="2" type="stmt"/>
        <line num="191" count="2" type="cond" truecount="1" falsecount="1"/>
        <line num="192" count="2" type="stmt"/>
        <line num="195" count="2" type="stmt"/>
        <line num="201" count="2" type="stmt"/>
        <line num="213" count="3" type="stmt"/>
        <line num="214" count="3" type="cond" truecount="4" falsecount="0"/>
        <line num="215" count="1" type="stmt"/>
        <line num="216" count="2" type="cond" truecount="2" falsecount="0"/>
        <line num="218" count="1" type="stmt"/>
        <line num="219" count="1" type="cond" truecount="4" falsecount="1"/>
        <line num="221" count="1" type="stmt"/>
        <line num="223" count="0" type="stmt"/>
        <line num="229" count="6" type="stmt"/>
        <line num="231" count="6" type="stmt"/>
        <line num="233" count="6" type="stmt"/>
        <line num="239" count="2" type="stmt"/>
        <line num="245" count="2" type="stmt"/>
        <line num="252" count="4" type="stmt"/>
        <line num="253" count="4" type="cond" truecount="4" falsecount="0"/>
        <line num="254" count="1" type="stmt"/>
        <line num="255" count="3" type="cond" truecount="4" falsecount="0"/>
        <line num="256" count="1" type="stmt"/>
        <line num="257" count="2" type="cond" truecount="2" falsecount="0"/>
        <line num="259" count="1" type="stmt"/>
        <line num="260" count="1" type="cond" truecount="4" falsecount="1"/>
        <line num="262" count="1" type="stmt"/>
        <line num="264" count="0" type="stmt"/>
        <line num="270" count="4" type="stmt"/>
        <line num="271" count="4" type="stmt"/>
        <line num="276" count="2" type="stmt"/>
        <line num="283" count="1" type="stmt"/>
        <line num="290" count="3" type="stmt"/>
        <line num="291" count="3" type="cond" truecount="4" falsecount="0"/>
        <line num="292" count="1" type="stmt"/>
        <line num="293" count="2" type="cond" truecount="2" falsecount="0"/>
        <line num="295" count="1" type="stmt"/>
        <line num="296" count="1" type="cond" truecount="4" falsecount="1"/>
        <line num="298" count="1" type="stmt"/>
        <line num="300" count="0" type="stmt"/>
        <line num="306" count="5" type="stmt"/>
      </file>
      <file name="userMoviesController.js" path="C:\Users\neubr\Documents\hacktiv8\phase2\IndividualProject\movies-app\be-movies-app\controllers\userMoviesController.js">
        <metrics statements="54" coveredstatements="53" conditionals="28" coveredconditionals="27" methods="4" coveredmethods="4"/>
        <line num="1" count="5" type="stmt"/>
        <line num="5" count="7" type="stmt"/>
        <line num="6" count="7" type="stmt"/>
        <line num="7" count="7" type="stmt"/>
        <line num="9" count="7" type="cond" truecount="4" falsecount="0"/>
        <line num="10" count="1" type="stmt"/>
        <line num="13" count="6" type="cond" truecount="2" falsecount="0"/>
        <line num="14" count="1" type="stmt"/>
        <line num="18" count="5" type="stmt"/>
        <line num="19" count="5" type="cond" truecount="2" falsecount="0"/>
        <line num="20" count="1" type="stmt"/>
        <line num="24" count="4" type="stmt"/>
        <line num="28" count="4" type="cond" truecount="2" falsecount="0"/>
        <line num="29" count="1" type="stmt"/>
        <line num="32" count="3" type="stmt"/>
        <line num="39" count="3" type="stmt"/>
        <line num="46" count="4" type="stmt"/>
        <line num="51" count="4" type="stmt"/>
        <line num="52" count="4" type="stmt"/>
        <line num="53" count="4" type="stmt"/>
        <line num="55" count="4" type="stmt"/>
        <line num="57" count="4" type="cond" truecount="2" falsecount="0"/>
        <line num="58" count="3" type="cond" truecount="2" falsecount="0"/>
        <line num="59" count="1" type="stmt"/>
        <line num="61" count="2" type="stmt"/>
        <line num="64" count="3" type="cond" truecount="2" falsecount="0"/>
        <line num="65" count="1" type="cond" truecount="1" falsecount="1"/>
        <line num="66" count="0" type="stmt"/>
        <line num="68" count="1" type="stmt"/>
        <line num="71" count="3" type="stmt"/>
        <line num="80" count="3" type="stmt"/>
        <line num="87" count="1" type="stmt"/>
        <line num="92" count="3" type="stmt"/>
        <line num="93" count="3" type="stmt"/>
        <line num="94" count="3" type="stmt"/>
        <line num="95" count="3" type="stmt"/>
        <line num="97" count="3" type="cond" truecount="4" falsecount="0"/>
        <line num="98" count="1" type="stmt"/>
        <line num="101" count="2" type="stmt"/>
        <line num="105" count="2" type="cond" truecount="2" falsecount="0"/>
        <line num="106" count="1" type="stmt"/>
        <line num="109" count="1" type="stmt"/>
        <line num="111" count="1" type="stmt"/>
        <line num="118" count="2" type="stmt"/>
        <line num="123" count="2" type="stmt"/>
        <line num="124" count="2" type="stmt"/>
        <line num="125" count="2" type="stmt"/>
        <line num="127" count="2" type="stmt"/>
        <line num="131" count="2" type="cond" truecount="2" falsecount="0"/>
        <line num="132" count="1" type="stmt"/>
        <line num="135" count="1" type="stmt"/>
        <line num="137" count="1" type="stmt"/>
        <line num="142" count="1" type="stmt"/>
        <line num="147" count="5" type="stmt"/>
      </file>
    </package>
    <package name="be-movies-app.helpers">
      <metrics statements="52" coveredstatements="51" conditionals="14" coveredconditionals="12" methods="13" coveredmethods="13"/>
      <file name="bcrypt.js" path="C:\Users\neubr\Documents\hacktiv8\phase2\IndividualProject\movies-app\be-movies-app\helpers\bcrypt.js">
        <metrics statements="7" coveredstatements="7" conditionals="0" coveredconditionals="0" methods="2" coveredmethods="2"/>
        <line num="1" count="5" type="stmt"/>
        <line num="3" count="5" type="stmt"/>
        <line num="4" count="20" type="stmt"/>
        <line num="5" count="20" type="stmt"/>
        <line num="8" count="5" type="stmt"/>
        <line num="9" count="4" type="stmt"/>
        <line num="12" count="5" type="stmt"/>
      </file>
      <file name="gemini.js" path="C:\Users\neubr\Documents\hacktiv8\phase2\IndividualProject\movies-app\be-movies-app\helpers\gemini.js">
        <metrics statements="38" coveredstatements="37" conditionals="14" coveredconditionals="12" methods="9" coveredmethods="9"/>
        <line num="1" count="6" type="stmt"/>
        <line num="10" count="12" type="stmt"/>
        <line num="12" count="12" type="stmt"/>
        <line num="13" count="12" type="cond" truecount="2" falsecount="0"/>
        <line num="14" count="1" type="stmt"/>
        <line num="18" count="11" type="stmt"/>
        <line num="19" count="11" type="stmt"/>
        <line num="22" count="11" type="stmt"/>
        <line num="25" count="74" type="stmt"/>
        <line num="32" count="11" type="stmt"/>
        <line num="39" count="74" type="stmt"/>
        <line num="51" count="11" type="stmt"/>
        <line num="52" count="10" type="stmt"/>
        <line num="53" count="10" type="stmt"/>
        <line num="56" count="10" type="cond" truecount="2" falsecount="0"/>
        <line num="57" count="1" type="stmt"/>
        <line num="60" count="9" type="stmt"/>
        <line num="65" count="9" type="stmt"/>
        <line num="67" count="9" type="stmt"/>
        <line num="70" count="3" type="stmt"/>
        <line num="71" count="3" type="cond" truecount="2" falsecount="0"/>
        <line num="72" count="2" type="stmt"/>
        <line num="75" count="1" type="cond" truecount="1" falsecount="1"/>
        <line num="80" count="9" type="cond" truecount="1" falsecount="1"/>
        <line num="81" count="0" type="stmt"/>
        <line num="85" count="9" type="stmt"/>
        <line num="86" count="53" type="cond" truecount="2" falsecount="0"/>
        <line num="90" count="9" type="stmt"/>
        <line num="91" count="147" type="stmt"/>
        <line num="95" count="9" type="cond" truecount="2" falsecount="0"/>
        <line num="96" count="3" type="stmt"/>
        <line num="97" count="16" type="stmt"/>
        <line num="99" count="5" type="stmt"/>
        <line num="101" count="3" type="stmt"/>
        <line num="105" count="9" type="stmt"/>
        <line num="107" count="3" type="stmt"/>
        <line num="110" count="18" type="stmt"/>
        <line num="114" count="6" type="stmt"/>
      </file>
      <file name="jwt.js" path="C:\Users\neubr\Documents\hacktiv8\phase2\IndividualProject\movies-app\be-movies-app\helpers\jwt.js">
        <metrics statements="7" coveredstatements="7" conditionals="0" coveredconditionals="0" methods="2" coveredmethods="2"/>
        <line num="1" count="5" type="stmt"/>
        <line num="3" count="5" type="stmt"/>
        <line num="6" count="5" type="stmt"/>
        <line num="7" count="9" type="stmt"/>
        <line num="11" count="5" type="stmt"/>
        <line num="12" count="32" type="stmt"/>
        <line num="15" count="5" type="stmt"/>
      </file>
    </package>
    <package name="be-movies-app.middlewares">
      <metrics statements="38" coveredstatements="34" conditionals="17" coveredconditionals="14" methods="2" coveredmethods="2"/>
      <file name="authentication.js" path="C:\Users\neubr\Documents\hacktiv8\phase2\IndividualProject\movies-app\be-movies-app\middlewares\authentication.js">
        <metrics statements="19" coveredstatements="17" conditionals="8" coveredconditionals="6" methods="1" coveredmethods="1"/>
        <line num="1" count="5" type="stmt"/>
        <line num="2" count="5" type="stmt"/>
        <line num="5" count="40" type="stmt"/>
        <line num="6" count="40" type="stmt"/>
        <line num="8" count="40" type="cond" truecount="2" falsecount="0"/>
        <line num="9" count="8" type="stmt"/>
        <line num="12" count="32" type="stmt"/>
        <line num="13" count="32" type="stmt"/>
        <line num="14" count="32" type="stmt"/>
        <line num="17" count="32" type="cond" truecount="3" falsecount="1"/>
        <line num="18" count="0" type="stmt"/>
        <line num="22" count="32" type="stmt"/>
        <line num="25" count="30" type="stmt"/>
        <line num="27" count="30" type="cond" truecount="1" falsecount="1"/>
        <line num="28" count="0" type="stmt"/>
        <line num="32" count="30" type="stmt"/>
        <line num="34" count="30" type="stmt"/>
        <line num="36" count="10" type="stmt"/>
        <line num="40" count="5" type="stmt"/>
      </file>
      <file name="errorHandler.js" path="C:\Users\neubr\Documents\hacktiv8\phase2\IndividualProject\movies-app\be-movies-app\middlewares\errorHandler.js">
        <metrics statements="19" coveredstatements="17" conditionals="9" coveredconditionals="8" methods="1" coveredmethods="1"/>
        <line num="2" count="59" type="stmt"/>
        <line num="4" count="59" type="cond" truecount="8" falsecount="1"/>
        <line num="7" count="11" type="stmt"/>
        <line num="8" count="11" type="stmt"/>
        <line num="10" count="13" type="stmt"/>
        <line num="11" count="13" type="stmt"/>
        <line num="13" count="16" type="stmt"/>
        <line num="14" count="16" type="stmt"/>
        <line num="16" count="2" type="stmt"/>
        <line num="17" count="2" type="stmt"/>
        <line num="19" count="7" type="stmt"/>
        <line num="20" count="7" type="stmt"/>
        <line num="22" count="0" type="stmt"/>
        <line num="23" count="0" type="stmt"/>
        <line num="25" count="8" type="stmt"/>
        <line num="26" count="8" type="stmt"/>
        <line num="28" count="2" type="stmt"/>
        <line num="29" count="2" type="stmt"/>
        <line num="33" count="5" type="stmt"/>
      </file>
    </package>
    <package name="be-movies-app.models">
      <metrics statements="52" coveredstatements="51" conditionals="10" coveredconditionals="7" methods="14" coveredmethods="14"/>
      <file name="genre.js" path="C:\Users\neubr\Documents\hacktiv8\phase2\IndividualProject\movies-app\be-movies-app\models\genre.js">
        <metrics statements="4" coveredstatements="4" conditionals="0" coveredconditionals="0" methods="2" coveredmethods="2"/>
        <line num="4" count="5" type="stmt"/>
        <line num="5" count="5" type="stmt"/>
        <line num="16" count="5" type="stmt"/>
        <line num="22" count="5" type="stmt"/>
      </file>
      <file name="index.js" path="C:\Users\neubr\Documents\hacktiv8\phase2\IndividualProject\movies-app\be-movies-app\models\index.js">
        <metrics statements="21" coveredstatements="20" conditionals="10" coveredconditionals="7" methods="3" coveredmethods="3"/>
        <line num="3" count="5" type="stmt"/>
        <line num="4" count="5" type="stmt"/>
        <line num="5" count="5" type="stmt"/>
        <line num="6" count="5" type="stmt"/>
        <line num="7" count="5" type="stmt"/>
        <line num="8" count="5" type="cond" truecount="1" falsecount="1"/>
        <line num="9" count="5" type="stmt"/>
        <line num="10" count="5" type="stmt"/>
        <line num="13" count="5" type="cond" truecount="1" falsecount="1"/>
        <line num="14" count="0" type="stmt"/>
        <line num="16" count="5" type="stmt"/>
        <line num="19" count="5" type="stmt"/>
        <line num="22" count="30" type="stmt"/>
        <line num="30" count="25" type="stmt"/>
        <line num="31" count="25" type="stmt"/>
        <line num="34" count="5" type="stmt"/>
        <line num="35" count="25" type="cond" truecount="1" falsecount="1"/>
        <line num="36" count="25" type="stmt"/>
        <line num="40" count="5" type="stmt"/>
        <line num="41" count="5" type="stmt"/>
        <line num="43" count="5" type="stmt"/>
      </file>
      <file name="movie.js" path="C:\Users\neubr\Documents\hacktiv8\phase2\IndividualProject\movies-app\be-movies-app\models\movie.js">
        <metrics statements="6" coveredstatements="6" conditionals="0" coveredconditionals="0" methods="2" coveredmethods="2"/>
        <line num="4" count="5" type="stmt"/>
        <line num="5" count="5" type="stmt"/>
        <line num="14" count="5" type="stmt"/>
        <line num="19" count="5" type="stmt"/>
        <line num="26" count="5" type="stmt"/>
        <line num="37" count="5" type="stmt"/>
      </file>
      <file name="user.js" path="C:\Users\neubr\Documents\hacktiv8\phase2\IndividualProject\movies-app\be-movies-app\models\user.js">
        <metrics statements="9" coveredstatements="9" conditionals="0" coveredconditionals="0" methods="3" coveredmethods="3"/>
        <line num="4" count="5" type="stmt"/>
        <line num="5" count="5" type="stmt"/>
        <line num="6" count="5" type="stmt"/>
        <line num="15" count="5" type="stmt"/>
        <line num="20" count="5" type="stmt"/>
        <line num="27" count="5" type="stmt"/>
        <line num="85" count="5" type="stmt"/>
        <line num="86" count="20" type="stmt"/>
        <line num="88" count="5" type="stmt"/>
      </file>
      <file name="usermovies.js" path="C:\Users\neubr\Documents\hacktiv8\phase2\IndividualProject\movies-app\be-movies-app\models\usermovies.js">
        <metrics statements="6" coveredstatements="6" conditionals="0" coveredconditionals="0" methods="2" coveredmethods="2"/>
        <line num="4" count="5" type="stmt"/>
        <line num="5" count="5" type="stmt"/>
        <line num="14" count="5" type="stmt"/>
        <line num="19" count="5" type="stmt"/>
        <line num="26" count="5" type="stmt"/>
        <line num="60" count="5" type="stmt"/>
      </file>
      <file name="userrecommendations.js" path="C:\Users\neubr\Documents\hacktiv8\phase2\IndividualProject\movies-app\be-movies-app\models\userrecommendations.js">
        <metrics statements="6" coveredstatements="6" conditionals="0" coveredconditionals="0" methods="2" coveredmethods="2"/>
        <line num="4" count="5" type="stmt"/>
        <line num="5" count="5" type="stmt"/>
        <line num="14" count="5" type="stmt"/>
        <line num="19" count="5" type="stmt"/>
        <line num="26" count="5" type="stmt"/>
        <line num="51" count="5" type="stmt"/>
      </file>
    </package>
  </project>
</coverage>
