{"C:\\Users\\neubr\\Documents\\hacktiv8\\phase2\\IndividualProject\\movies-app\\be-movies-app\\app.js": {"path":"C:\\Users\\neubr\\Documents\\hacktiv8\\phase2\\IndividualProject\\movies-app\\be-movies-app\\app.js","statementMap":{"0":{"start":{"line":1,"column":0},"end":{"line":3,"column":1}},"1":{"start":{"line":2,"column":2},"end":{"line":2,"column":29}},"2":{"start":{"line":5,"column":13},"end":{"line":5,"column":28}},"3":{"start":{"line":6,"column":16},"end":{"line":6,"column":34}},"4":{"start":{"line":8,"column":21},"end":{"line":8,"column":58}},"5":{"start":{"line":9,"column":23},"end":{"line":9,"column":62}},"6":{"start":{"line":10,"column":23},"end":{"line":10,"column":62}},"7":{"start":{"line":11,"column":25},"end":{"line":11,"column":66}},"8":{"start":{"line":12,"column":29},"end":{"line":12,"column":74}},"9":{"start":{"line":13,"column":22},"end":{"line":13,"column":60}},"10":{"start":{"line":16,"column":12},"end":{"line":16,"column":21}},"11":{"start":{"line":18,"column":0},"end":{"line":18,"column":16}},"12":{"start":{"line":19,"column":0},"end":{"line":19,"column":48}},"13":{"start":{"line":20,"column":0},"end":{"line":20,"column":24}},"14":{"start":{"line":23,"column":0},"end":{"line":23,"column":48}},"15":{"start":{"line":24,"column":0},"end":{"line":24,"column":63}},"16":{"start":{"line":25,"column":0},"end":{"line":25,"column":55}},"17":{"start":{"line":26,"column":0},"end":{"line":26,"column":48}},"18":{"start":{"line":29,"column":0},"end":{"line":29,"column":47}},"19":{"start":{"line":30,"column":0},"end":{"line":30,"column":41}},"20":{"start":{"line":31,"column":0},"end":{"line":31,"column":54}},"21":{"start":{"line":36,"column":0},"end":{"line":36,"column":63}},"22":{"start":{"line":37,"column":0},"end":{"line":37,"column":71}},"23":{"start":{"line":40,"column":0},"end":{"line":40,"column":40}},"24":{"start":{"line":41,"column":0},"end":{"line":41,"column":60}},"25":{"start":{"line":42,"column":0},"end":{"line":42,"column":60}},"26":{"start":{"line":43,"column":0},"end":{"line":43,"column":77}},"27":{"start":{"line":44,"column":0},"end":{"line":44,"column":69}},"28":{"start":{"line":47,"column":0},"end":{"line":47,"column":81}},"29":{"start":{"line":48,"column":0},"end":{"line":48,"column":95}},"30":{"start":{"line":50,"column":0},"end":{"line":50,"column":22}},"31":{"start":{"line":52,"column":0},"end":{"line":52,"column":21}}},"fnMap":{},"branchMap":{"0":{"loc":{"start":{"line":1,"column":0},"end":{"line":3,"column":1}},"type":"if","locations":[{"start":{"line":1,"column":0},"end":{"line":3,"column":1}},{"start":{},"end":{}}],"line":1}},"s":{"0":5,"1":5,"2":5,"3":5,"4":5,"5":5,"6":5,"7":5,"8":5,"9":5,"10":5,"11":5,"12":5,"13":5,"14":5,"15":5,"16":5,"17":5,"18":5,"19":5,"20":5,"21":5,"22":5,"23":5,"24":5,"25":5,"26":5,"27":5,"28":5,"29":5,"30":5,"31":5},"f":{},"b":{"0":[5,0]},"_coverageSchema":"1a1c01bbd47fc00a2c39e90264f33305004495a9","hash":"c602ab014d4350e58f60c54787b84adeb4e4b6b5"}
,"C:\\Users\\neubr\\Documents\\hacktiv8\\phase2\\IndividualProject\\movies-app\\be-movies-app\\controllers\\authController.js": {"path":"C:\\Users\\neubr\\Documents\\hacktiv8\\phase2\\IndividualProject\\movies-app\\be-movies-app\\controllers\\authController.js","statementMap":{"0":{"start":{"line":1,"column":17},"end":{"line":1,"column":43}},"1":{"start":{"line":2,"column":42},"end":{"line":2,"column":70}},"2":{"start":{"line":3,"column":22},"end":{"line":3,"column":47}},"3":{"start":{"line":4,"column":25},"end":{"line":4,"column":55}},"4":{"start":{"line":5,"column":15},"end":{"line":5,"column":32}},"5":{"start":{"line":9,"column":4},"end":{"line":31,"column":5}},"6":{"start":{"line":10,"column":61},"end":{"line":10,"column":69}},"7":{"start":{"line":12,"column":17},"end":{"line":17,"column":8}},"8":{"start":{"line":19,"column":6},"end":{"line":19,"column":27}},"9":{"start":{"line":20,"column":6},"end":{"line":20,"column":27}},"10":{"start":{"line":21,"column":6},"end":{"line":21,"column":28}},"11":{"start":{"line":22,"column":6},"end":{"line":22,"column":28}},"12":{"start":{"line":23,"column":6},"end":{"line":23,"column":21}},"13":{"start":{"line":25,"column":6},"end":{"line":28,"column":9}},"14":{"start":{"line":30,"column":6},"end":{"line":30,"column":18}},"15":{"start":{"line":35,"column":4},"end":{"line":70,"column":5}},"16":{"start":{"line":36,"column":34},"end":{"line":36,"column":42}},"17":{"start":{"line":38,"column":6},"end":{"line":40,"column":7}},"18":{"start":{"line":39,"column":8},"end":{"line":39,"column":67}},"19":{"start":{"line":41,"column":6},"end":{"line":43,"column":7}},"20":{"start":{"line":42,"column":8},"end":{"line":42,"column":70}},"21":{"start":{"line":45,"column":19},"end":{"line":47,"column":8}},"22":{"start":{"line":49,"column":6},"end":{"line":51,"column":7}},"23":{"start":{"line":50,"column":8},"end":{"line":50,"column":74}},"24":{"start":{"line":53,"column":30},"end":{"line":53,"column":70}},"25":{"start":{"line":55,"column":6},"end":{"line":57,"column":7}},"26":{"start":{"line":56,"column":8},"end":{"line":56,"column":74}},"27":{"start":{"line":59,"column":27},"end":{"line":59,"column":53}},"28":{"start":{"line":61,"column":24},"end":{"line":61,"column":37}},"29":{"start":{"line":62,"column":6},"end":{"line":62,"column":32}},"30":{"start":{"line":63,"column":6},"end":{"line":63,"column":33}},"31":{"start":{"line":64,"column":6},"end":{"line":64,"column":33}},"32":{"start":{"line":65,"column":6},"end":{"line":65,"column":26}},"33":{"start":{"line":67,"column":6},"end":{"line":67,"column":62}},"34":{"start":{"line":69,"column":6},"end":{"line":69,"column":18}},"35":{"start":{"line":74,"column":4},"end":{"line":139,"column":5}},"36":{"start":{"line":75,"column":27},"end":{"line":75,"column":35}},"37":{"start":{"line":77,"column":6},"end":{"line":79,"column":7}},"38":{"start":{"line":78,"column":8},"end":{"line":78,"column":77}},"39":{"start":{"line":81,"column":21},"end":{"line":81,"column":67}},"40":{"start":{"line":84,"column":21},"end":{"line":87,"column":8}},"41":{"start":{"line":89,"column":22},"end":{"line":89,"column":41}},"42":{"start":{"line":92,"column":17},"end":{"line":94,"column":8}},"43":{"start":{"line":96,"column":6},"end":{"line":116,"column":7}},"44":{"start":{"line":98,"column":31},"end":{"line":98,"column":69}},"45":{"start":{"line":101,"column":23},"end":{"line":101,"column":50}},"46":{"start":{"line":102,"column":29},"end":{"line":102,"column":72}},"47":{"start":{"line":103,"column":8},"end":{"line":105,"column":9}},"48":{"start":{"line":104,"column":10},"end":{"line":104,"column":71}},"49":{"start":{"line":108,"column":8},"end":{"line":115,"column":11}},"50":{"start":{"line":119,"column":27},"end":{"line":119,"column":53}},"51":{"start":{"line":122,"column":24},"end":{"line":122,"column":37}},"52":{"start":{"line":123,"column":6},"end":{"line":123,"column":32}},"53":{"start":{"line":124,"column":6},"end":{"line":124,"column":33}},"54":{"start":{"line":125,"column":6},"end":{"line":125,"column":33}},"55":{"start":{"line":126,"column":6},"end":{"line":126,"column":26}},"56":{"start":{"line":128,"column":6},"end":{"line":132,"column":9}},"57":{"start":{"line":135,"column":6},"end":{"line":137,"column":7}},"58":{"start":{"line":136,"column":8},"end":{"line":136,"column":83}},"59":{"start":{"line":138,"column":6},"end":{"line":138,"column":18}},"60":{"start":{"line":143,"column":0},"end":{"line":143,"column":32}}},"fnMap":{"0":{"name":"(anonymous_0)","decl":{"start":{"line":8,"column":2},"end":{"line":8,"column":3}},"loc":{"start":{"line":8,"column":40},"end":{"line":32,"column":3}},"line":8},"1":{"name":"(anonymous_1)","decl":{"start":{"line":34,"column":2},"end":{"line":34,"column":3}},"loc":{"start":{"line":34,"column":37},"end":{"line":71,"column":3}},"line":34},"2":{"name":"(anonymous_2)","decl":{"start":{"line":73,"column":2},"end":{"line":73,"column":3}},"loc":{"start":{"line":73,"column":43},"end":{"line":140,"column":3}},"line":73}},"branchMap":{"0":{"loc":{"start":{"line":38,"column":6},"end":{"line":40,"column":7}},"type":"if","locations":[{"start":{"line":38,"column":6},"end":{"line":40,"column":7}},{"start":{},"end":{}}],"line":38},"1":{"loc":{"start":{"line":41,"column":6},"end":{"line":43,"column":7}},"type":"if","locations":[{"start":{"line":41,"column":6},"end":{"line":43,"column":7}},{"start":{},"end":{}}],"line":41},"2":{"loc":{"start":{"line":49,"column":6},"end":{"line":51,"column":7}},"type":"if","locations":[{"start":{"line":49,"column":6},"end":{"line":51,"column":7}},{"start":{},"end":{}}],"line":49},"3":{"loc":{"start":{"line":55,"column":6},"end":{"line":57,"column":7}},"type":"if","locations":[{"start":{"line":55,"column":6},"end":{"line":57,"column":7}},{"start":{},"end":{}}],"line":55},"4":{"loc":{"start":{"line":77,"column":6},"end":{"line":79,"column":7}},"type":"if","locations":[{"start":{"line":77,"column":6},"end":{"line":79,"column":7}},{"start":{},"end":{}}],"line":77},"5":{"loc":{"start":{"line":96,"column":6},"end":{"line":116,"column":7}},"type":"if","locations":[{"start":{"line":96,"column":6},"end":{"line":116,"column":7}},{"start":{},"end":{}}],"line":96},"6":{"loc":{"start":{"line":103,"column":8},"end":{"line":105,"column":9}},"type":"if","locations":[{"start":{"line":103,"column":8},"end":{"line":105,"column":9}},{"start":{},"end":{}}],"line":103},"7":{"loc":{"start":{"line":135,"column":6},"end":{"line":137,"column":7}},"type":"if","locations":[{"start":{"line":135,"column":6},"end":{"line":137,"column":7}},{"start":{},"end":{}}],"line":135},"8":{"loc":{"start":{"line":135,"column":10},"end":{"line":135,"column":81}},"type":"binary-expr","locations":[{"start":{"line":135,"column":10},"end":{"line":135,"column":32}},{"start":{"line":135,"column":36},"end":{"line":135,"column":81}}],"line":135}},"s":{"0":5,"1":5,"2":5,"3":5,"4":5,"5":13,"6":13,"7":13,"8":2,"9":2,"10":2,"11":2,"12":2,"13":2,"14":11,"15":12,"16":12,"17":12,"18":3,"19":9,"20":3,"21":6,"22":6,"23":2,"24":4,"25":4,"26":2,"27":2,"28":2,"29":2,"30":2,"31":2,"32":2,"33":2,"34":10,"35":7,"36":7,"37":7,"38":1,"39":6,"40":6,"41":3,"42":3,"43":3,"44":2,"45":2,"46":2,"47":2,"48":1,"49":2,"50":3,"51":3,"52":3,"53":3,"54":3,"55":3,"56":3,"57":4,"58":1,"59":4,"60":5},"f":{"0":13,"1":12,"2":7},"b":{"0":[3,9],"1":[3,6],"2":[2,4],"3":[2,2],"4":[1,6],"5":[2,1],"6":[1,1],"7":[1,3],"8":[4,3]},"_coverageSchema":"1a1c01bbd47fc00a2c39e90264f33305004495a9","hash":"c963fbb4c4f1525b5d4ab217ccd4c428c600e580"}
,"C:\\Users\\neubr\\Documents\\hacktiv8\\phase2\\IndividualProject\\movies-app\\be-movies-app\\controllers\\moviesController.js": {"path":"C:\\Users\\neubr\\Documents\\hacktiv8\\phase2\\IndividualProject\\movies-app\\be-movies-app\\controllers\\moviesController.js","statementMap":{"0":{"start":{"line":1,"column":15},"end":{"line":1,"column":35}},"1":{"start":{"line":2,"column":52},"end":{"line":2,"column":72}},"2":{"start":{"line":3,"column":38},"end":{"line":3,"column":66}},"3":{"start":{"line":7,"column":4},"end":{"line":110,"column":5}},"4":{"start":{"line":8,"column":6},"end":{"line":8,"column":46}},"5":{"start":{"line":9,"column":39},"end":{"line":9,"column":48}},"6":{"start":{"line":12,"column":18},"end":{"line":12,"column":20}},"7":{"start":{"line":13,"column":23},"end":{"line":13,"column":24}},"8":{"start":{"line":17,"column":6},"end":{"line":22,"column":7}},"9":{"start":{"line":18,"column":27},"end":{"line":18,"column":58}},"10":{"start":{"line":19,"column":8},"end":{"line":21,"column":9}},"11":{"start":{"line":20,"column":10},"end":{"line":20,"column":29}},"12":{"start":{"line":24,"column":6},"end":{"line":29,"column":7}},"13":{"start":{"line":25,"column":27},"end":{"line":25,"column":60}},"14":{"start":{"line":26,"column":8},"end":{"line":28,"column":9}},"15":{"start":{"line":27,"column":10},"end":{"line":27,"column":34}},"16":{"start":{"line":32,"column":6},"end":{"line":37,"column":7}},"17":{"start":{"line":33,"column":27},"end":{"line":33,"column":57}},"18":{"start":{"line":34,"column":8},"end":{"line":36,"column":9}},"19":{"start":{"line":35,"column":10},"end":{"line":35,"column":29}},"20":{"start":{"line":39,"column":6},"end":{"line":44,"column":7}},"21":{"start":{"line":40,"column":27},"end":{"line":40,"column":59}},"22":{"start":{"line":41,"column":8},"end":{"line":43,"column":9}},"23":{"start":{"line":42,"column":10},"end":{"line":42,"column":34}},"24":{"start":{"line":47,"column":6},"end":{"line":60,"column":7}},"25":{"start":{"line":48,"column":8},"end":{"line":53,"column":9}},"26":{"start":{"line":49,"column":29},"end":{"line":49,"column":56}},"27":{"start":{"line":50,"column":10},"end":{"line":52,"column":11}},"28":{"start":{"line":51,"column":12},"end":{"line":51,"column":31}},"29":{"start":{"line":54,"column":8},"end":{"line":59,"column":9}},"30":{"start":{"line":55,"column":29},"end":{"line":55,"column":58}},"31":{"start":{"line":56,"column":10},"end":{"line":58,"column":11}},"32":{"start":{"line":57,"column":12},"end":{"line":57,"column":36}},"33":{"start":{"line":62,"column":20},"end":{"line":62,"column":22}},"34":{"start":{"line":65,"column":6},"end":{"line":69,"column":7}},"35":{"start":{"line":66,"column":8},"end":{"line":68,"column":10}},"36":{"start":{"line":72,"column":6},"end":{"line":76,"column":7}},"37":{"start":{"line":73,"column":8},"end":{"line":75,"column":10}},"38":{"start":{"line":79,"column":21},"end":{"line":79,"column":45}},"39":{"start":{"line":81,"column":29},"end":{"line":86,"column":7}},"40":{"start":{"line":89,"column":6},"end":{"line":95,"column":7}},"41":{"start":{"line":90,"column":25},"end":{"line":90,"column":57}},"42":{"start":{"line":91,"column":27},"end":{"line":91,"column":69}},"43":{"start":{"line":92,"column":8},"end":{"line":92,"column":56}},"44":{"start":{"line":94,"column":8},"end":{"line":94,"column":50}},"45":{"start":{"line":97,"column":30},"end":{"line":97,"column":73}},"46":{"start":{"line":100,"column":6},"end":{"line":107,"column":9}},"47":{"start":{"line":109,"column":6},"end":{"line":109,"column":16}},"48":{"start":{"line":114,"column":4},"end":{"line":131,"column":5}},"49":{"start":{"line":115,"column":21},"end":{"line":115,"column":31}},"50":{"start":{"line":117,"column":20},"end":{"line":117,"column":44}},"51":{"start":{"line":119,"column":6},"end":{"line":121,"column":7}},"52":{"start":{"line":120,"column":8},"end":{"line":120,"column":77}},"53":{"start":{"line":123,"column":6},"end":{"line":128,"column":9}},"54":{"start":{"line":130,"column":6},"end":{"line":130,"column":18}},"55":{"start":{"line":135,"column":4},"end":{"line":299,"column":5}},"56":{"start":{"line":136,"column":21},"end":{"line":136,"column":32}},"57":{"start":{"line":139,"column":19},"end":{"line":141,"column":8}},"58":{"start":{"line":143,"column":6},"end":{"line":145,"column":7}},"59":{"start":{"line":144,"column":8},"end":{"line":144,"column":62}},"60":{"start":{"line":148,"column":6},"end":{"line":157,"column":7}},"61":{"start":{"line":149,"column":8},"end":{"line":156,"column":11}},"62":{"start":{"line":160,"column":34},"end":{"line":163,"column":42}},"63":{"start":{"line":162,"column":22},"end":{"line":162,"column":34}},"64":{"start":{"line":163,"column":25},"end":{"line":163,"column":41}},"65":{"start":{"line":165,"column":6},"end":{"line":174,"column":7}},"66":{"start":{"line":166,"column":8},"end":{"line":173,"column":11}},"67":{"start":{"line":177,"column":21},"end":{"line":180,"column":8}},"68":{"start":{"line":182,"column":6},"end":{"line":191,"column":7}},"69":{"start":{"line":183,"column":8},"end":{"line":190,"column":11}},"70":{"start":{"line":194,"column":29},"end":{"line":198,"column":9}},"71":{"start":{"line":194,"column":50},"end":{"line":198,"column":7}},"72":{"start":{"line":201,"column":34},"end":{"line":204,"column":7}},"73":{"start":{"line":206,"column":6},"end":{"line":215,"column":7}},"74":{"start":{"line":207,"column":8},"end":{"line":214,"column":11}},"75":{"start":{"line":218,"column":32},"end":{"line":221,"column":8}},"76":{"start":{"line":224,"column":36},"end":{"line":226,"column":24}},"77":{"start":{"line":225,"column":19},"end":{"line":225,"column":67}},"78":{"start":{"line":225,"column":51},"end":{"line":225,"column":66}},"79":{"start":{"line":229,"column":6},"end":{"line":233,"column":8}},"80":{"start":{"line":236,"column":26},"end":{"line":236,"column":35}},"81":{"start":{"line":237,"column":6},"end":{"line":244,"column":9}},"82":{"start":{"line":238,"column":8},"end":{"line":243,"column":9}},"83":{"start":{"line":239,"column":22},"end":{"line":241,"column":47}},"84":{"start":{"line":240,"column":23},"end":{"line":240,"column":42}},"85":{"start":{"line":241,"column":26},"end":{"line":241,"column":46}},"86":{"start":{"line":242,"column":10},"end":{"line":242,"column":49}},"87":{"start":{"line":242,"column":28},"end":{"line":242,"column":47}},"88":{"start":{"line":247,"column":21},"end":{"line":250,"column":8}},"89":{"start":{"line":253,"column":23},"end":{"line":253,"column":75}},"90":{"start":{"line":253,"column":51},"end":{"line":253,"column":73}},"91":{"start":{"line":256,"column":39},"end":{"line":269,"column":8}},"92":{"start":{"line":257,"column":28},"end":{"line":263,"column":14}},"93":{"start":{"line":259,"column":25},"end":{"line":259,"column":44}},"94":{"start":{"line":260,"column":28},"end":{"line":260,"column":48}},"95":{"start":{"line":261,"column":25},"end":{"line":261,"column":41}},"96":{"start":{"line":265,"column":8},"end":{"line":268,"column":10}},"97":{"start":{"line":271,"column":6},"end":{"line":281,"column":9}},"98":{"start":{"line":284,"column":6},"end":{"line":284,"column":59}},"99":{"start":{"line":286,"column":6},"end":{"line":298,"column":7}},"100":{"start":{"line":287,"column":8},"end":{"line":287,"column":20}},"101":{"start":{"line":288,"column":13},"end":{"line":298,"column":7}},"102":{"start":{"line":289,"column":8},"end":{"line":292,"column":11}},"103":{"start":{"line":294,"column":8},"end":{"line":297,"column":11}},"104":{"start":{"line":306,"column":4},"end":{"line":387,"column":5}},"105":{"start":{"line":307,"column":21},"end":{"line":307,"column":32}},"106":{"start":{"line":308,"column":20},"end":{"line":308,"column":51}},"107":{"start":{"line":309,"column":19},"end":{"line":309,"column":48}},"108":{"start":{"line":310,"column":21},"end":{"line":310,"column":39}},"109":{"start":{"line":312,"column":30},"end":{"line":321,"column":8}},"110":{"start":{"line":324,"column":26},"end":{"line":324,"column":35}},"111":{"start":{"line":325,"column":6},"end":{"line":332,"column":9}},"112":{"start":{"line":326,"column":8},"end":{"line":331,"column":9}},"113":{"start":{"line":327,"column":22},"end":{"line":329,"column":47}},"114":{"start":{"line":328,"column":23},"end":{"line":328,"column":42}},"115":{"start":{"line":329,"column":26},"end":{"line":329,"column":46}},"116":{"start":{"line":330,"column":10},"end":{"line":330,"column":49}},"117":{"start":{"line":330,"column":28},"end":{"line":330,"column":47}},"118":{"start":{"line":335,"column":21},"end":{"line":338,"column":8}},"119":{"start":{"line":341,"column":23},"end":{"line":341,"column":75}},"120":{"start":{"line":341,"column":51},"end":{"line":341,"column":73}},"121":{"start":{"line":344,"column":31},"end":{"line":366,"column":8}},"122":{"start":{"line":345,"column":22},"end":{"line":345,"column":42}},"123":{"start":{"line":347,"column":8},"end":{"line":349,"column":9}},"124":{"start":{"line":348,"column":10},"end":{"line":348,"column":61}},"125":{"start":{"line":351,"column":28},"end":{"line":357,"column":14}},"126":{"start":{"line":353,"column":25},"end":{"line":353,"column":44}},"127":{"start":{"line":354,"column":28},"end":{"line":354,"column":48}},"128":{"start":{"line":355,"column":25},"end":{"line":355,"column":41}},"129":{"start":{"line":359,"column":8},"end":{"line":365,"column":10}},"130":{"start":{"line":368,"column":6},"end":{"line":379,"column":9}},"131":{"start":{"line":382,"column":6},"end":{"line":382,"column":65}},"132":{"start":{"line":383,"column":6},"end":{"line":386,"column":9}},"133":{"start":{"line":397,"column":4},"end":{"line":416,"column":5}},"134":{"start":{"line":399,"column":6},"end":{"line":401,"column":9}},"135":{"start":{"line":404,"column":6},"end":{"line":412,"column":7}},"136":{"start":{"line":405,"column":32},"end":{"line":409,"column":11}},"137":{"start":{"line":405,"column":53},"end":{"line":409,"column":9}},"138":{"start":{"line":411,"column":8},"end":{"line":411,"column":62}},"139":{"start":{"line":414,"column":6},"end":{"line":414,"column":65}},"140":{"start":{"line":420,"column":0},"end":{"line":420,"column":34}}},"fnMap":{"0":{"name":"(anonymous_0)","decl":{"start":{"line":6,"column":2},"end":{"line":6,"column":3}},"loc":{"start":{"line":6,"column":41},"end":{"line":111,"column":3}},"line":6},"1":{"name":"(anonymous_1)","decl":{"start":{"line":113,"column":2},"end":{"line":113,"column":3}},"loc":{"start":{"line":113,"column":45},"end":{"line":132,"column":3}},"line":113},"2":{"name":"(anonymous_2)","decl":{"start":{"line":134,"column":2},"end":{"line":134,"column":3}},"loc":{"start":{"line":134,"column":50},"end":{"line":300,"column":3}},"line":134},"3":{"name":"(anonymous_3)","decl":{"start":{"line":162,"column":13},"end":{"line":162,"column":14}},"loc":{"start":{"line":162,"column":22},"end":{"line":162,"column":34}},"line":162},"4":{"name":"(anonymous_4)","decl":{"start":{"line":163,"column":16},"end":{"line":163,"column":17}},"loc":{"start":{"line":163,"column":25},"end":{"line":163,"column":41}},"line":163},"5":{"name":"(anonymous_5)","decl":{"start":{"line":194,"column":40},"end":{"line":194,"column":41}},"loc":{"start":{"line":194,"column":50},"end":{"line":198,"column":7}},"line":194},"6":{"name":"(anonymous_6)","decl":{"start":{"line":225,"column":13},"end":{"line":225,"column":14}},"loc":{"start":{"line":225,"column":19},"end":{"line":225,"column":67}},"line":225},"7":{"name":"(anonymous_7)","decl":{"start":{"line":225,"column":42},"end":{"line":225,"column":43}},"loc":{"start":{"line":225,"column":51},"end":{"line":225,"column":66}},"line":225},"8":{"name":"(anonymous_8)","decl":{"start":{"line":237,"column":36},"end":{"line":237,"column":37}},"loc":{"start":{"line":237,"column":45},"end":{"line":244,"column":7}},"line":237},"9":{"name":"(anonymous_9)","decl":{"start":{"line":240,"column":17},"end":{"line":240,"column":18}},"loc":{"start":{"line":240,"column":23},"end":{"line":240,"column":42}},"line":240},"10":{"name":"(anonymous_10)","decl":{"start":{"line":241,"column":20},"end":{"line":241,"column":21}},"loc":{"start":{"line":241,"column":26},"end":{"line":241,"column":46}},"line":241},"11":{"name":"(anonymous_11)","decl":{"start":{"line":242,"column":22},"end":{"line":242,"column":23}},"loc":{"start":{"line":242,"column":28},"end":{"line":242,"column":47}},"line":242},"12":{"name":"(anonymous_12)","decl":{"start":{"line":253,"column":42},"end":{"line":253,"column":43}},"loc":{"start":{"line":253,"column":51},"end":{"line":253,"column":73}},"line":253},"13":{"name":"(anonymous_13)","decl":{"start":{"line":256,"column":65},"end":{"line":256,"column":66}},"loc":{"start":{"line":256,"column":74},"end":{"line":269,"column":7}},"line":256},"14":{"name":"(anonymous_14)","decl":{"start":{"line":259,"column":19},"end":{"line":259,"column":20}},"loc":{"start":{"line":259,"column":25},"end":{"line":259,"column":44}},"line":259},"15":{"name":"(anonymous_15)","decl":{"start":{"line":260,"column":22},"end":{"line":260,"column":23}},"loc":{"start":{"line":260,"column":28},"end":{"line":260,"column":48}},"line":260},"16":{"name":"(anonymous_16)","decl":{"start":{"line":261,"column":19},"end":{"line":261,"column":20}},"loc":{"start":{"line":261,"column":25},"end":{"line":261,"column":41}},"line":261},"17":{"name":"(anonymous_17)","decl":{"start":{"line":305,"column":2},"end":{"line":305,"column":3}},"loc":{"start":{"line":305,"column":56},"end":{"line":388,"column":3}},"line":305},"18":{"name":"(anonymous_18)","decl":{"start":{"line":325,"column":19},"end":{"line":325,"column":20}},"loc":{"start":{"line":325,"column":37},"end":{"line":332,"column":7}},"line":325},"19":{"name":"(anonymous_19)","decl":{"start":{"line":328,"column":17},"end":{"line":328,"column":18}},"loc":{"start":{"line":328,"column":23},"end":{"line":328,"column":42}},"line":328},"20":{"name":"(anonymous_20)","decl":{"start":{"line":329,"column":20},"end":{"line":329,"column":21}},"loc":{"start":{"line":329,"column":26},"end":{"line":329,"column":46}},"line":329},"21":{"name":"(anonymous_21)","decl":{"start":{"line":330,"column":22},"end":{"line":330,"column":23}},"loc":{"start":{"line":330,"column":28},"end":{"line":330,"column":47}},"line":330},"22":{"name":"(anonymous_22)","decl":{"start":{"line":341,"column":42},"end":{"line":341,"column":43}},"loc":{"start":{"line":341,"column":51},"end":{"line":341,"column":73}},"line":341},"23":{"name":"(anonymous_23)","decl":{"start":{"line":344,"column":40},"end":{"line":344,"column":41}},"loc":{"start":{"line":344,"column":58},"end":{"line":366,"column":7}},"line":344},"24":{"name":"(anonymous_24)","decl":{"start":{"line":353,"column":19},"end":{"line":353,"column":20}},"loc":{"start":{"line":353,"column":25},"end":{"line":353,"column":44}},"line":353},"25":{"name":"(anonymous_25)","decl":{"start":{"line":354,"column":22},"end":{"line":354,"column":23}},"loc":{"start":{"line":354,"column":28},"end":{"line":354,"column":48}},"line":354},"26":{"name":"(anonymous_26)","decl":{"start":{"line":355,"column":19},"end":{"line":355,"column":20}},"loc":{"start":{"line":355,"column":25},"end":{"line":355,"column":41}},"line":355},"27":{"name":"(anonymous_27)","decl":{"start":{"line":396,"column":2},"end":{"line":396,"column":3}},"loc":{"start":{"line":396,"column":70},"end":{"line":417,"column":3}},"line":396},"28":{"name":"(anonymous_28)","decl":{"start":{"line":405,"column":43},"end":{"line":405,"column":44}},"loc":{"start":{"line":405,"column":53},"end":{"line":409,"column":9}},"line":405}},"branchMap":{"0":{"loc":{"start":{"line":17,"column":6},"end":{"line":22,"column":7}},"type":"if","locations":[{"start":{"line":17,"column":6},"end":{"line":22,"column":7}},{"start":{},"end":{}}],"line":17},"1":{"loc":{"start":{"line":19,"column":8},"end":{"line":21,"column":9}},"type":"if","locations":[{"start":{"line":19,"column":8},"end":{"line":21,"column":9}},{"start":{},"end":{}}],"line":19},"2":{"loc":{"start":{"line":19,"column":12},"end":{"line":19,"column":48}},"type":"binary-expr","locations":[{"start":{"line":19,"column":12},"end":{"line":19,"column":30}},{"start":{"line":19,"column":34},"end":{"line":19,"column":48}}],"line":19},"3":{"loc":{"start":{"line":24,"column":6},"end":{"line":29,"column":7}},"type":"if","locations":[{"start":{"line":24,"column":6},"end":{"line":29,"column":7}},{"start":{},"end":{}}],"line":24},"4":{"loc":{"start":{"line":26,"column":8},"end":{"line":28,"column":9}},"type":"if","locations":[{"start":{"line":26,"column":8},"end":{"line":28,"column":9}},{"start":{},"end":{}}],"line":26},"5":{"loc":{"start":{"line":26,"column":12},"end":{"line":26,"column":48}},"type":"binary-expr","locations":[{"start":{"line":26,"column":12},"end":{"line":26,"column":30}},{"start":{"line":26,"column":34},"end":{"line":26,"column":48}}],"line":26},"6":{"loc":{"start":{"line":32,"column":6},"end":{"line":37,"column":7}},"type":"if","locations":[{"start":{"line":32,"column":6},"end":{"line":37,"column":7}},{"start":{},"end":{}}],"line":32},"7":{"loc":{"start":{"line":34,"column":8},"end":{"line":36,"column":9}},"type":"if","locations":[{"start":{"line":34,"column":8},"end":{"line":36,"column":9}},{"start":{},"end":{}}],"line":34},"8":{"loc":{"start":{"line":34,"column":12},"end":{"line":34,"column":48}},"type":"binary-expr","locations":[{"start":{"line":34,"column":12},"end":{"line":34,"column":30}},{"start":{"line":34,"column":34},"end":{"line":34,"column":48}}],"line":34},"9":{"loc":{"start":{"line":39,"column":6},"end":{"line":44,"column":7}},"type":"if","locations":[{"start":{"line":39,"column":6},"end":{"line":44,"column":7}},{"start":{},"end":{}}],"line":39},"10":{"loc":{"start":{"line":41,"column":8},"end":{"line":43,"column":9}},"type":"if","locations":[{"start":{"line":41,"column":8},"end":{"line":43,"column":9}},{"start":{},"end":{}}],"line":41},"11":{"loc":{"start":{"line":41,"column":12},"end":{"line":41,"column":48}},"type":"binary-expr","locations":[{"start":{"line":41,"column":12},"end":{"line":41,"column":30}},{"start":{"line":41,"column":34},"end":{"line":41,"column":48}}],"line":41},"12":{"loc":{"start":{"line":47,"column":6},"end":{"line":60,"column":7}},"type":"if","locations":[{"start":{"line":47,"column":6},"end":{"line":60,"column":7}},{"start":{},"end":{}}],"line":47},"13":{"loc":{"start":{"line":48,"column":8},"end":{"line":53,"column":9}},"type":"if","locations":[{"start":{"line":48,"column":8},"end":{"line":53,"column":9}},{"start":{},"end":{}}],"line":48},"14":{"loc":{"start":{"line":50,"column":10},"end":{"line":52,"column":11}},"type":"if","locations":[{"start":{"line":50,"column":10},"end":{"line":52,"column":11}},{"start":{},"end":{}}],"line":50},"15":{"loc":{"start":{"line":50,"column":14},"end":{"line":50,"column":50}},"type":"binary-expr","locations":[{"start":{"line":50,"column":14},"end":{"line":50,"column":32}},{"start":{"line":50,"column":36},"end":{"line":50,"column":50}}],"line":50},"16":{"loc":{"start":{"line":54,"column":8},"end":{"line":59,"column":9}},"type":"if","locations":[{"start":{"line":54,"column":8},"end":{"line":59,"column":9}},{"start":{},"end":{}}],"line":54},"17":{"loc":{"start":{"line":56,"column":10},"end":{"line":58,"column":11}},"type":"if","locations":[{"start":{"line":56,"column":10},"end":{"line":58,"column":11}},{"start":{},"end":{}}],"line":56},"18":{"loc":{"start":{"line":56,"column":14},"end":{"line":56,"column":50}},"type":"binary-expr","locations":[{"start":{"line":56,"column":14},"end":{"line":56,"column":32}},{"start":{"line":56,"column":36},"end":{"line":56,"column":50}}],"line":56},"19":{"loc":{"start":{"line":65,"column":6},"end":{"line":69,"column":7}},"type":"if","locations":[{"start":{"line":65,"column":6},"end":{"line":69,"column":7}},{"start":{},"end":{}}],"line":65},"20":{"loc":{"start":{"line":72,"column":6},"end":{"line":76,"column":7}},"type":"if","locations":[{"start":{"line":72,"column":6},"end":{"line":76,"column":7}},{"start":{},"end":{}}],"line":72},"21":{"loc":{"start":{"line":89,"column":6},"end":{"line":95,"column":7}},"type":"if","locations":[{"start":{"line":89,"column":6},"end":{"line":95,"column":7}},{"start":{"line":93,"column":13},"end":{"line":95,"column":7}}],"line":89},"22":{"loc":{"start":{"line":90,"column":25},"end":{"line":90,"column":57}},"type":"cond-expr","locations":[{"start":{"line":90,"column":43},"end":{"line":90,"column":49}},{"start":{"line":90,"column":52},"end":{"line":90,"column":57}}],"line":90},"23":{"loc":{"start":{"line":91,"column":27},"end":{"line":91,"column":69}},"type":"cond-expr","locations":[{"start":{"line":91,"column":49},"end":{"line":91,"column":62}},{"start":{"line":91,"column":65},"end":{"line":91,"column":69}}],"line":91},"24":{"loc":{"start":{"line":119,"column":6},"end":{"line":121,"column":7}},"type":"if","locations":[{"start":{"line":119,"column":6},"end":{"line":121,"column":7}},{"start":{},"end":{}}],"line":119},"25":{"loc":{"start":{"line":143,"column":6},"end":{"line":145,"column":7}},"type":"if","locations":[{"start":{"line":143,"column":6},"end":{"line":145,"column":7}},{"start":{},"end":{}}],"line":143},"26":{"loc":{"start":{"line":148,"column":6},"end":{"line":157,"column":7}},"type":"if","locations":[{"start":{"line":148,"column":6},"end":{"line":157,"column":7}},{"start":{},"end":{}}],"line":148},"27":{"loc":{"start":{"line":148,"column":10},"end":{"line":148,"column":69}},"type":"binary-expr","locations":[{"start":{"line":148,"column":10},"end":{"line":148,"column":31}},{"start":{"line":148,"column":35},"end":{"line":148,"column":69}}],"line":148},"28":{"loc":{"start":{"line":165,"column":6},"end":{"line":174,"column":7}},"type":"if","locations":[{"start":{"line":165,"column":6},"end":{"line":174,"column":7}},{"start":{},"end":{}}],"line":165},"29":{"loc":{"start":{"line":182,"column":6},"end":{"line":191,"column":7}},"type":"if","locations":[{"start":{"line":182,"column":6},"end":{"line":191,"column":7}},{"start":{},"end":{}}],"line":182},"30":{"loc":{"start":{"line":197,"column":18},"end":{"line":197,"column":38}},"type":"binary-expr","locations":[{"start":{"line":197,"column":18},"end":{"line":197,"column":32}},{"start":{"line":197,"column":36},"end":{"line":197,"column":38}}],"line":197},"31":{"loc":{"start":{"line":206,"column":6},"end":{"line":215,"column":7}},"type":"if","locations":[{"start":{"line":206,"column":6},"end":{"line":215,"column":7}},{"start":{},"end":{}}],"line":206},"32":{"loc":{"start":{"line":206,"column":10},"end":{"line":206,"column":66}},"type":"binary-expr","locations":[{"start":{"line":206,"column":10},"end":{"line":206,"column":30}},{"start":{"line":206,"column":34},"end":{"line":206,"column":66}}],"line":206},"33":{"loc":{"start":{"line":238,"column":8},"end":{"line":243,"column":9}},"type":"if","locations":[{"start":{"line":238,"column":8},"end":{"line":243,"column":9}},{"start":{},"end":{}}],"line":238},"34":{"loc":{"start":{"line":241,"column":26},"end":{"line":241,"column":46}},"type":"binary-expr","locations":[{"start":{"line":241,"column":26},"end":{"line":241,"column":36}},{"start":{"line":241,"column":40},"end":{"line":241,"column":46}}],"line":241},"35":{"loc":{"start":{"line":257,"column":28},"end":{"line":263,"column":14}},"type":"cond-expr","locations":[{"start":{"line":258,"column":12},"end":{"line":262,"column":30}},{"start":{"line":263,"column":12},"end":{"line":263,"column":14}}],"line":257},"36":{"loc":{"start":{"line":260,"column":28},"end":{"line":260,"column":48}},"type":"binary-expr","locations":[{"start":{"line":260,"column":28},"end":{"line":260,"column":38}},{"start":{"line":260,"column":42},"end":{"line":260,"column":48}}],"line":260},"37":{"loc":{"start":{"line":286,"column":6},"end":{"line":298,"column":7}},"type":"if","locations":[{"start":{"line":286,"column":6},"end":{"line":298,"column":7}},{"start":{"line":288,"column":13},"end":{"line":298,"column":7}}],"line":286},"38":{"loc":{"start":{"line":288,"column":13},"end":{"line":298,"column":7}},"type":"if","locations":[{"start":{"line":288,"column":13},"end":{"line":298,"column":7}},{"start":{"line":293,"column":13},"end":{"line":298,"column":7}}],"line":288},"39":{"loc":{"start":{"line":288,"column":17},"end":{"line":288,"column":74}},"type":"binary-expr","locations":[{"start":{"line":288,"column":17},"end":{"line":288,"column":30}},{"start":{"line":288,"column":34},"end":{"line":288,"column":74}}],"line":288},"40":{"loc":{"start":{"line":308,"column":20},"end":{"line":308,"column":51}},"type":"binary-expr","locations":[{"start":{"line":308,"column":20},"end":{"line":308,"column":45}},{"start":{"line":308,"column":49},"end":{"line":308,"column":51}}],"line":308},"41":{"loc":{"start":{"line":309,"column":19},"end":{"line":309,"column":48}},"type":"binary-expr","locations":[{"start":{"line":309,"column":19},"end":{"line":309,"column":43}},{"start":{"line":309,"column":47},"end":{"line":309,"column":48}}],"line":309},"42":{"loc":{"start":{"line":326,"column":8},"end":{"line":331,"column":9}},"type":"if","locations":[{"start":{"line":326,"column":8},"end":{"line":331,"column":9}},{"start":{},"end":{}}],"line":326},"43":{"loc":{"start":{"line":329,"column":26},"end":{"line":329,"column":46}},"type":"binary-expr","locations":[{"start":{"line":329,"column":26},"end":{"line":329,"column":36}},{"start":{"line":329,"column":40},"end":{"line":329,"column":46}}],"line":329},"44":{"loc":{"start":{"line":347,"column":8},"end":{"line":349,"column":9}},"type":"if","locations":[{"start":{"line":347,"column":8},"end":{"line":349,"column":9}},{"start":{},"end":{}}],"line":347},"45":{"loc":{"start":{"line":351,"column":28},"end":{"line":357,"column":14}},"type":"cond-expr","locations":[{"start":{"line":352,"column":12},"end":{"line":356,"column":30}},{"start":{"line":357,"column":12},"end":{"line":357,"column":14}}],"line":351},"46":{"loc":{"start":{"line":354,"column":28},"end":{"line":354,"column":48}},"type":"binary-expr","locations":[{"start":{"line":354,"column":28},"end":{"line":354,"column":38}},{"start":{"line":354,"column":42},"end":{"line":354,"column":48}}],"line":354},"47":{"loc":{"start":{"line":404,"column":6},"end":{"line":412,"column":7}},"type":"if","locations":[{"start":{"line":404,"column":6},"end":{"line":412,"column":7}},{"start":{},"end":{}}],"line":404},"48":{"loc":{"start":{"line":404,"column":10},"end":{"line":404,"column":37}},"type":"binary-expr","locations":[{"start":{"line":404,"column":10},"end":{"line":404,"column":16}},{"start":{"line":404,"column":20},"end":{"line":404,"column":37}}],"line":404}},"s":{"0":5,"1":5,"2":5,"3":6,"4":6,"5":6,"6":6,"7":6,"8":6,"9":0,"10":0,"11":0,"12":6,"13":0,"14":0,"15":0,"16":6,"17":0,"18":0,"19":0,"20":6,"21":0,"22":0,"23":0,"24":6,"25":1,"26":1,"27":1,"28":1,"29":1,"30":1,"31":1,"32":1,"33":6,"34":6,"35":1,"36":6,"37":1,"38":6,"39":6,"40":6,"41":2,"42":2,"43":2,"44":4,"45":6,"46":6,"47":0,"48":4,"49":4,"50":4,"51":4,"52":2,"53":2,"54":2,"55":2,"56":2,"57":2,"58":2,"59":0,"60":2,"61":1,"62":1,"63":2,"64":2,"65":1,"66":0,"67":1,"68":1,"69":0,"70":1,"71":2,"72":1,"73":1,"74":0,"75":1,"76":1,"77":6,"78":6,"79":1,"80":1,"81":1,"82":6,"83":6,"84":12,"85":12,"86":6,"87":12,"88":1,"89":1,"90":0,"91":1,"92":6,"93":12,"94":12,"95":12,"96":6,"97":1,"98":0,"99":0,"100":0,"101":0,"102":0,"103":0,"104":2,"105":2,"106":2,"107":2,"108":2,"109":2,"110":2,"111":2,"112":11,"113":11,"114":22,"115":22,"116":11,"117":22,"118":2,"119":2,"120":0,"121":2,"122":11,"123":11,"124":0,"125":11,"126":22,"127":22,"128":22,"129":11,"130":2,"131":0,"132":0,"133":1,"134":1,"135":1,"136":1,"137":6,"138":1,"139":0,"140":5},"f":{"0":6,"1":4,"2":2,"3":2,"4":2,"5":2,"6":6,"7":6,"8":6,"9":12,"10":12,"11":12,"12":0,"13":6,"14":12,"15":12,"16":12,"17":2,"18":11,"19":22,"20":22,"21":22,"22":0,"23":11,"24":22,"25":22,"26":22,"27":1,"28":6},"b":{"0":[0,6],"1":[0,0],"2":[0,0],"3":[0,6],"4":[0,0],"5":[0,0],"6":[0,6],"7":[0,0],"8":[0,0],"9":[0,6],"10":[0,0],"11":[0,0],"12":[1,5],"13":[1,0],"14":[1,0],"15":[1,1],"16":[1,0],"17":[1,0],"18":[1,1],"19":[1,5],"20":[1,5],"21":[2,4],"22":[1,1],"23":[1,1],"24":[2,2],"25":[0,2],"26":[1,1],"27":[2,1],"28":[0,1],"29":[0,1],"30":[2,0],"31":[0,1],"32":[1,1],"33":[6,0],"34":[12,12],"35":[6,0],"36":[12,12],"37":[0,0],"38":[0,0],"39":[0,0],"40":[2,1],"41":[2,1],"42":[11,0],"43":[22,22],"44":[0,11],"45":[11,0],"46":[22,22],"47":[1,0],"48":[1,1]},"_coverageSchema":"1a1c01bbd47fc00a2c39e90264f33305004495a9","hash":"1e1adee984a901131b0d92b3369c0c9bbf4df7c8"}
,"C:\\Users\\neubr\\Documents\\hacktiv8\\phase2\\IndividualProject\\movies-app\\be-movies-app\\controllers\\pubController.js": {"path":"C:\\Users\\neubr\\Documents\\hacktiv8\\phase2\\IndividualProject\\movies-app\\be-movies-app\\controllers\\pubController.js","statementMap":{"0":{"start":{"line":1,"column":14},"end":{"line":1,"column":30}},"1":{"start":{"line":4,"column":20},"end":{"line":4,"column":50}},"2":{"start":{"line":5,"column":19},"end":{"line":8,"column":3}},"3":{"start":{"line":11,"column":4},"end":{"line":28,"column":6}},"4":{"start":{"line":32,"column":4},"end":{"line":143,"column":5}},"5":{"start":{"line":33,"column":6},"end":{"line":33,"column":46}},"6":{"start":{"line":34,"column":45},"end":{"line":34,"column":54}},"7":{"start":{"line":37,"column":18},"end":{"line":37,"column":20}},"8":{"start":{"line":38,"column":23},"end":{"line":38,"column":24}},"9":{"start":{"line":41,"column":6},"end":{"line":47,"column":7}},"10":{"start":{"line":42,"column":26},"end":{"line":42,"column":63}},"11":{"start":{"line":43,"column":27},"end":{"line":43,"column":44}},"12":{"start":{"line":44,"column":8},"end":{"line":46,"column":9}},"13":{"start":{"line":45,"column":10},"end":{"line":45,"column":29}},"14":{"start":{"line":49,"column":6},"end":{"line":55,"column":7}},"15":{"start":{"line":50,"column":28},"end":{"line":50,"column":69}},"16":{"start":{"line":51,"column":27},"end":{"line":51,"column":46}},"17":{"start":{"line":52,"column":8},"end":{"line":54,"column":9}},"18":{"start":{"line":53,"column":10},"end":{"line":53,"column":34}},"19":{"start":{"line":58,"column":34},"end":{"line":58,"column":44}},"20":{"start":{"line":61,"column":21},"end":{"line":65,"column":7}},"21":{"start":{"line":68,"column":6},"end":{"line":76,"column":7}},"22":{"start":{"line":69,"column":8},"end":{"line":69,"column":55}},"23":{"start":{"line":70,"column":8},"end":{"line":70,"column":30}},"24":{"start":{"line":71,"column":13},"end":{"line":76,"column":7}},"25":{"start":{"line":72,"column":8},"end":{"line":72,"column":57}},"26":{"start":{"line":73,"column":8},"end":{"line":73,"column":36}},"27":{"start":{"line":75,"column":8},"end":{"line":75,"column":57}},"28":{"start":{"line":79,"column":6},"end":{"line":91,"column":7}},"29":{"start":{"line":80,"column":25},"end":{"line":80,"column":57}},"30":{"start":{"line":81,"column":27},"end":{"line":81,"column":69}},"31":{"start":{"line":83,"column":24},"end":{"line":88,"column":9}},"32":{"start":{"line":90,"column":8},"end":{"line":90,"column":76}},"33":{"start":{"line":93,"column":23},"end":{"line":96,"column":8}},"34":{"start":{"line":99,"column":28},"end":{"line":102,"column":8}},"35":{"start":{"line":104,"column":21},"end":{"line":104,"column":46}},"36":{"start":{"line":105,"column":32},"end":{"line":114,"column":8}},"37":{"start":{"line":106,"column":28},"end":{"line":108,"column":31}},"38":{"start":{"line":107,"column":10},"end":{"line":107,"column":39}},"39":{"start":{"line":107,"column":27},"end":{"line":107,"column":38}},"40":{"start":{"line":110,"column":8},"end":{"line":113,"column":11}},"41":{"start":{"line":117,"column":6},"end":{"line":127,"column":9}},"42":{"start":{"line":129,"column":6},"end":{"line":129,"column":83}},"43":{"start":{"line":131,"column":6},"end":{"line":142,"column":7}},"44":{"start":{"line":132,"column":8},"end":{"line":132,"column":74}},"45":{"start":{"line":133,"column":13},"end":{"line":142,"column":7}},"46":{"start":{"line":134,"column":8},"end":{"line":134,"column":63}},"47":{"start":{"line":135,"column":13},"end":{"line":142,"column":7}},"48":{"start":{"line":137,"column":8},"end":{"line":137,"column":90}},"49":{"start":{"line":140,"column":29},"end":{"line":140,"column":100}},"50":{"start":{"line":141,"column":8},"end":{"line":141,"column":69}},"51":{"start":{"line":147,"column":4},"end":{"line":225,"column":5}},"52":{"start":{"line":148,"column":23},"end":{"line":148,"column":32}},"53":{"start":{"line":151,"column":18},"end":{"line":151,"column":20}},"54":{"start":{"line":152,"column":23},"end":{"line":152,"column":24}},"55":{"start":{"line":155,"column":6},"end":{"line":161,"column":7}},"56":{"start":{"line":156,"column":26},"end":{"line":156,"column":63}},"57":{"start":{"line":157,"column":27},"end":{"line":157,"column":44}},"58":{"start":{"line":158,"column":8},"end":{"line":160,"column":9}},"59":{"start":{"line":159,"column":10},"end":{"line":159,"column":29}},"60":{"start":{"line":163,"column":6},"end":{"line":169,"column":7}},"61":{"start":{"line":164,"column":28},"end":{"line":164,"column":69}},"62":{"start":{"line":165,"column":27},"end":{"line":165,"column":46}},"63":{"start":{"line":166,"column":8},"end":{"line":168,"column":9}},"64":{"start":{"line":167,"column":10},"end":{"line":167,"column":34}},"65":{"start":{"line":172,"column":34},"end":{"line":172,"column":44}},"66":{"start":{"line":175,"column":23},"end":{"line":181,"column":8}},"67":{"start":{"line":184,"column":28},"end":{"line":187,"column":8}},"68":{"start":{"line":189,"column":21},"end":{"line":189,"column":46}},"69":{"start":{"line":190,"column":32},"end":{"line":199,"column":8}},"70":{"start":{"line":191,"column":28},"end":{"line":193,"column":31}},"71":{"start":{"line":192,"column":10},"end":{"line":192,"column":39}},"72":{"start":{"line":192,"column":27},"end":{"line":192,"column":38}},"73":{"start":{"line":195,"column":8},"end":{"line":198,"column":11}},"74":{"start":{"line":201,"column":6},"end":{"line":211,"column":9}},"75":{"start":{"line":213,"column":6},"end":{"line":213,"column":48}},"76":{"start":{"line":214,"column":6},"end":{"line":224,"column":7}},"77":{"start":{"line":215,"column":8},"end":{"line":215,"column":74}},"78":{"start":{"line":216,"column":13},"end":{"line":224,"column":7}},"79":{"start":{"line":218,"column":8},"end":{"line":218,"column":98}},"80":{"start":{"line":219,"column":13},"end":{"line":224,"column":7}},"81":{"start":{"line":221,"column":8},"end":{"line":221,"column":89}},"82":{"start":{"line":223,"column":8},"end":{"line":223,"column":98}},"83":{"start":{"line":229,"column":19},"end":{"line":229,"column":29}},"84":{"start":{"line":231,"column":4},"end":{"line":266,"column":5}},"85":{"start":{"line":233,"column":30},"end":{"line":236,"column":8}},"86":{"start":{"line":239,"column":31},"end":{"line":243,"column":8}},"87":{"start":{"line":245,"column":6},"end":{"line":250,"column":9}},"88":{"start":{"line":252,"column":6},"end":{"line":252,"column":48}},"89":{"start":{"line":253,"column":6},"end":{"line":265,"column":7}},"90":{"start":{"line":254,"column":8},"end":{"line":254,"column":77}},"91":{"start":{"line":255,"column":13},"end":{"line":265,"column":7}},"92":{"start":{"line":256,"column":8},"end":{"line":256,"column":74}},"93":{"start":{"line":257,"column":13},"end":{"line":265,"column":7}},"94":{"start":{"line":259,"column":8},"end":{"line":259,"column":97}},"95":{"start":{"line":260,"column":13},"end":{"line":265,"column":7}},"96":{"start":{"line":262,"column":8},"end":{"line":262,"column":89}},"97":{"start":{"line":264,"column":8},"end":{"line":264,"column":97}},"98":{"start":{"line":270,"column":4},"end":{"line":302,"column":5}},"99":{"start":{"line":271,"column":23},"end":{"line":274,"column":8}},"100":{"start":{"line":276,"column":32},"end":{"line":281,"column":9}},"101":{"start":{"line":276,"column":58},"end":{"line":281,"column":7}},"102":{"start":{"line":283,"column":6},"end":{"line":288,"column":9}},"103":{"start":{"line":290,"column":6},"end":{"line":290,"column":48}},"104":{"start":{"line":291,"column":6},"end":{"line":301,"column":7}},"105":{"start":{"line":292,"column":8},"end":{"line":292,"column":74}},"106":{"start":{"line":293,"column":13},"end":{"line":301,"column":7}},"107":{"start":{"line":295,"column":8},"end":{"line":295,"column":90}},"108":{"start":{"line":296,"column":13},"end":{"line":301,"column":7}},"109":{"start":{"line":298,"column":8},"end":{"line":298,"column":89}},"110":{"start":{"line":300,"column":8},"end":{"line":300,"column":90}},"111":{"start":{"line":306,"column":0},"end":{"line":306,"column":31}}},"fnMap":{"0":{"name":"(anonymous_0)","decl":{"start":{"line":10,"column":2},"end":{"line":10,"column":3}},"loc":{"start":{"line":10,"column":35},"end":{"line":29,"column":3}},"line":10},"1":{"name":"(anonymous_1)","decl":{"start":{"line":31,"column":2},"end":{"line":31,"column":3}},"loc":{"start":{"line":31,"column":41},"end":{"line":144,"column":3}},"line":31},"2":{"name":"(anonymous_2)","decl":{"start":{"line":105,"column":49},"end":{"line":105,"column":50}},"loc":{"start":{"line":105,"column":58},"end":{"line":114,"column":7}},"line":105},"3":{"name":"(anonymous_3)","decl":{"start":{"line":106,"column":49},"end":{"line":106,"column":50}},"loc":{"start":{"line":107,"column":10},"end":{"line":107,"column":39}},"line":107},"4":{"name":"(anonymous_4)","decl":{"start":{"line":107,"column":22},"end":{"line":107,"column":23}},"loc":{"start":{"line":107,"column":27},"end":{"line":107,"column":38}},"line":107},"5":{"name":"(anonymous_5)","decl":{"start":{"line":146,"column":2},"end":{"line":146,"column":3}},"loc":{"start":{"line":146,"column":48},"end":{"line":226,"column":3}},"line":146},"6":{"name":"(anonymous_6)","decl":{"start":{"line":190,"column":49},"end":{"line":190,"column":50}},"loc":{"start":{"line":190,"column":58},"end":{"line":199,"column":7}},"line":190},"7":{"name":"(anonymous_7)","decl":{"start":{"line":191,"column":49},"end":{"line":191,"column":50}},"loc":{"start":{"line":192,"column":10},"end":{"line":192,"column":39}},"line":192},"8":{"name":"(anonymous_8)","decl":{"start":{"line":192,"column":22},"end":{"line":192,"column":23}},"loc":{"start":{"line":192,"column":27},"end":{"line":192,"column":38}},"line":192},"9":{"name":"(anonymous_9)","decl":{"start":{"line":228,"column":2},"end":{"line":228,"column":3}},"loc":{"start":{"line":228,"column":44},"end":{"line":267,"column":3}},"line":228},"10":{"name":"(anonymous_10)","decl":{"start":{"line":269,"column":2},"end":{"line":269,"column":3}},"loc":{"start":{"line":269,"column":41},"end":{"line":303,"column":3}},"line":269},"11":{"name":"(anonymous_11)","decl":{"start":{"line":276,"column":48},"end":{"line":276,"column":49}},"loc":{"start":{"line":276,"column":58},"end":{"line":281,"column":7}},"line":276}},"branchMap":{"0":{"loc":{"start":{"line":15,"column":18},"end":{"line":15,"column":87}},"type":"cond-expr","locations":[{"start":{"line":15,"column":32},"end":{"line":15,"column":80}},{"start":{"line":15,"column":83},"end":{"line":15,"column":87}}],"line":15},"1":{"loc":{"start":{"line":16,"column":14},"end":{"line":16,"column":94}},"type":"cond-expr","locations":[{"start":{"line":16,"column":34},"end":{"line":16,"column":87}},{"start":{"line":16,"column":90},"end":{"line":16,"column":94}}],"line":16},"2":{"loc":{"start":{"line":18,"column":15},"end":{"line":18,"column":58}},"type":"cond-expr","locations":[{"start":{"line":18,"column":33},"end":{"line":18,"column":51}},{"start":{"line":18,"column":54},"end":{"line":18,"column":58}}],"line":18},"3":{"loc":{"start":{"line":23,"column":12},"end":{"line":23,"column":55}},"type":"cond-expr","locations":[{"start":{"line":23,"column":30},"end":{"line":23,"column":48}},{"start":{"line":23,"column":51},"end":{"line":23,"column":55}}],"line":23},"4":{"loc":{"start":{"line":24,"column":14},"end":{"line":24,"column":57}},"type":"cond-expr","locations":[{"start":{"line":24,"column":29},"end":{"line":24,"column":50}},{"start":{"line":24,"column":53},"end":{"line":24,"column":57}}],"line":24},"5":{"loc":{"start":{"line":41,"column":6},"end":{"line":47,"column":7}},"type":"if","locations":[{"start":{"line":41,"column":6},"end":{"line":47,"column":7}},{"start":{},"end":{}}],"line":41},"6":{"loc":{"start":{"line":41,"column":10},"end":{"line":41,"column":47}},"type":"binary-expr","locations":[{"start":{"line":41,"column":10},"end":{"line":41,"column":33}},{"start":{"line":41,"column":37},"end":{"line":41,"column":47}}],"line":41},"7":{"loc":{"start":{"line":42,"column":26},"end":{"line":42,"column":63}},"type":"binary-expr","locations":[{"start":{"line":42,"column":26},"end":{"line":42,"column":49}},{"start":{"line":42,"column":53},"end":{"line":42,"column":63}}],"line":42},"8":{"loc":{"start":{"line":44,"column":8},"end":{"line":46,"column":9}},"type":"if","locations":[{"start":{"line":44,"column":8},"end":{"line":46,"column":9}},{"start":{},"end":{}}],"line":44},"9":{"loc":{"start":{"line":44,"column":12},"end":{"line":44,"column":48}},"type":"binary-expr","locations":[{"start":{"line":44,"column":12},"end":{"line":44,"column":30}},{"start":{"line":44,"column":34},"end":{"line":44,"column":48}}],"line":44},"10":{"loc":{"start":{"line":49,"column":6},"end":{"line":55,"column":7}},"type":"if","locations":[{"start":{"line":49,"column":6},"end":{"line":55,"column":7}},{"start":{},"end":{}}],"line":49},"11":{"loc":{"start":{"line":49,"column":10},"end":{"line":49,"column":51}},"type":"binary-expr","locations":[{"start":{"line":49,"column":10},"end":{"line":49,"column":35}},{"start":{"line":49,"column":39},"end":{"line":49,"column":51}}],"line":49},"12":{"loc":{"start":{"line":50,"column":28},"end":{"line":50,"column":69}},"type":"binary-expr","locations":[{"start":{"line":50,"column":28},"end":{"line":50,"column":53}},{"start":{"line":50,"column":57},"end":{"line":50,"column":69}}],"line":50},"13":{"loc":{"start":{"line":52,"column":8},"end":{"line":54,"column":9}},"type":"if","locations":[{"start":{"line":52,"column":8},"end":{"line":54,"column":9}},{"start":{},"end":{}}],"line":52},"14":{"loc":{"start":{"line":52,"column":12},"end":{"line":52,"column":48}},"type":"binary-expr","locations":[{"start":{"line":52,"column":12},"end":{"line":52,"column":30}},{"start":{"line":52,"column":34},"end":{"line":52,"column":48}}],"line":52},"15":{"loc":{"start":{"line":68,"column":6},"end":{"line":76,"column":7}},"type":"if","locations":[{"start":{"line":68,"column":6},"end":{"line":76,"column":7}},{"start":{"line":71,"column":13},"end":{"line":76,"column":7}}],"line":68},"16":{"loc":{"start":{"line":71,"column":13},"end":{"line":76,"column":7}},"type":"if","locations":[{"start":{"line":71,"column":13},"end":{"line":76,"column":7}},{"start":{"line":74,"column":13},"end":{"line":76,"column":7}}],"line":71},"17":{"loc":{"start":{"line":79,"column":6},"end":{"line":91,"column":7}},"type":"if","locations":[{"start":{"line":79,"column":6},"end":{"line":91,"column":7}},{"start":{},"end":{}}],"line":79},"18":{"loc":{"start":{"line":80,"column":25},"end":{"line":80,"column":57}},"type":"cond-expr","locations":[{"start":{"line":80,"column":43},"end":{"line":80,"column":49}},{"start":{"line":80,"column":52},"end":{"line":80,"column":57}}],"line":80},"19":{"loc":{"start":{"line":81,"column":27},"end":{"line":81,"column":69}},"type":"cond-expr","locations":[{"start":{"line":81,"column":49},"end":{"line":81,"column":62}},{"start":{"line":81,"column":65},"end":{"line":81,"column":69}}],"line":81},"20":{"loc":{"start":{"line":90,"column":28},"end":{"line":90,"column":61}},"type":"binary-expr","locations":[{"start":{"line":90,"column":28},"end":{"line":90,"column":47}},{"start":{"line":90,"column":51},"end":{"line":90,"column":61}}],"line":90},"21":{"loc":{"start":{"line":106,"column":28},"end":{"line":108,"column":31}},"type":"binary-expr","locations":[{"start":{"line":106,"column":28},"end":{"line":108,"column":25}},{"start":{"line":108,"column":29},"end":{"line":108,"column":31}}],"line":106},"22":{"loc":{"start":{"line":129,"column":48},"end":{"line":129,"column":81}},"type":"binary-expr","locations":[{"start":{"line":129,"column":48},"end":{"line":129,"column":60}},{"start":{"line":129,"column":64},"end":{"line":129,"column":81}}],"line":129},"23":{"loc":{"start":{"line":131,"column":6},"end":{"line":142,"column":7}},"type":"if","locations":[{"start":{"line":131,"column":6},"end":{"line":142,"column":7}},{"start":{"line":133,"column":13},"end":{"line":142,"column":7}}],"line":131},"24":{"loc":{"start":{"line":131,"column":10},"end":{"line":131,"column":53}},"type":"binary-expr","locations":[{"start":{"line":131,"column":10},"end":{"line":131,"column":22}},{"start":{"line":131,"column":26},"end":{"line":131,"column":53}}],"line":131},"25":{"loc":{"start":{"line":133,"column":13},"end":{"line":142,"column":7}},"type":"if","locations":[{"start":{"line":133,"column":13},"end":{"line":142,"column":7}},{"start":{"line":135,"column":13},"end":{"line":142,"column":7}}],"line":133},"26":{"loc":{"start":{"line":133,"column":17},"end":{"line":133,"column":60}},"type":"binary-expr","locations":[{"start":{"line":133,"column":17},"end":{"line":133,"column":29}},{"start":{"line":133,"column":33},"end":{"line":133,"column":60}}],"line":133},"27":{"loc":{"start":{"line":135,"column":13},"end":{"line":142,"column":7}},"type":"if","locations":[{"start":{"line":135,"column":13},"end":{"line":142,"column":7}},{"start":{"line":138,"column":13},"end":{"line":142,"column":7}}],"line":135},"28":{"loc":{"start":{"line":140,"column":29},"end":{"line":140,"column":100}},"type":"binary-expr","locations":[{"start":{"line":140,"column":29},"end":{"line":140,"column":63}},{"start":{"line":140,"column":67},"end":{"line":140,"column":100}}],"line":140},"29":{"loc":{"start":{"line":155,"column":6},"end":{"line":161,"column":7}},"type":"if","locations":[{"start":{"line":155,"column":6},"end":{"line":161,"column":7}},{"start":{},"end":{}}],"line":155},"30":{"loc":{"start":{"line":155,"column":10},"end":{"line":155,"column":47}},"type":"binary-expr","locations":[{"start":{"line":155,"column":10},"end":{"line":155,"column":33}},{"start":{"line":155,"column":37},"end":{"line":155,"column":47}}],"line":155},"31":{"loc":{"start":{"line":156,"column":26},"end":{"line":156,"column":63}},"type":"binary-expr","locations":[{"start":{"line":156,"column":26},"end":{"line":156,"column":49}},{"start":{"line":156,"column":53},"end":{"line":156,"column":63}}],"line":156},"32":{"loc":{"start":{"line":158,"column":8},"end":{"line":160,"column":9}},"type":"if","locations":[{"start":{"line":158,"column":8},"end":{"line":160,"column":9}},{"start":{},"end":{}}],"line":158},"33":{"loc":{"start":{"line":158,"column":12},"end":{"line":158,"column":48}},"type":"binary-expr","locations":[{"start":{"line":158,"column":12},"end":{"line":158,"column":30}},{"start":{"line":158,"column":34},"end":{"line":158,"column":48}}],"line":158},"34":{"loc":{"start":{"line":163,"column":6},"end":{"line":169,"column":7}},"type":"if","locations":[{"start":{"line":163,"column":6},"end":{"line":169,"column":7}},{"start":{},"end":{}}],"line":163},"35":{"loc":{"start":{"line":163,"column":10},"end":{"line":163,"column":51}},"type":"binary-expr","locations":[{"start":{"line":163,"column":10},"end":{"line":163,"column":35}},{"start":{"line":163,"column":39},"end":{"line":163,"column":51}}],"line":163},"36":{"loc":{"start":{"line":164,"column":28},"end":{"line":164,"column":69}},"type":"binary-expr","locations":[{"start":{"line":164,"column":28},"end":{"line":164,"column":53}},{"start":{"line":164,"column":57},"end":{"line":164,"column":69}}],"line":164},"37":{"loc":{"start":{"line":166,"column":8},"end":{"line":168,"column":9}},"type":"if","locations":[{"start":{"line":166,"column":8},"end":{"line":168,"column":9}},{"start":{},"end":{}}],"line":166},"38":{"loc":{"start":{"line":166,"column":12},"end":{"line":166,"column":48}},"type":"binary-expr","locations":[{"start":{"line":166,"column":12},"end":{"line":166,"column":30}},{"start":{"line":166,"column":34},"end":{"line":166,"column":48}}],"line":166},"39":{"loc":{"start":{"line":191,"column":28},"end":{"line":193,"column":31}},"type":"binary-expr","locations":[{"start":{"line":191,"column":28},"end":{"line":193,"column":25}},{"start":{"line":193,"column":29},"end":{"line":193,"column":31}}],"line":191},"40":{"loc":{"start":{"line":214,"column":6},"end":{"line":224,"column":7}},"type":"if","locations":[{"start":{"line":214,"column":6},"end":{"line":224,"column":7}},{"start":{"line":216,"column":13},"end":{"line":224,"column":7}}],"line":214},"41":{"loc":{"start":{"line":214,"column":10},"end":{"line":214,"column":53}},"type":"binary-expr","locations":[{"start":{"line":214,"column":10},"end":{"line":214,"column":22}},{"start":{"line":214,"column":26},"end":{"line":214,"column":53}}],"line":214},"42":{"loc":{"start":{"line":216,"column":13},"end":{"line":224,"column":7}},"type":"if","locations":[{"start":{"line":216,"column":13},"end":{"line":224,"column":7}},{"start":{"line":219,"column":13},"end":{"line":224,"column":7}}],"line":216},"43":{"loc":{"start":{"line":219,"column":13},"end":{"line":224,"column":7}},"type":"if","locations":[{"start":{"line":219,"column":13},"end":{"line":224,"column":7}},{"start":{"line":222,"column":13},"end":{"line":224,"column":7}}],"line":219},"44":{"loc":{"start":{"line":219,"column":17},"end":{"line":219,"column":86}},"type":"binary-expr","locations":[{"start":{"line":219,"column":17},"end":{"line":219,"column":29}},{"start":{"line":219,"column":33},"end":{"line":219,"column":50}},{"start":{"line":219,"column":54},"end":{"line":219,"column":86}}],"line":219},"45":{"loc":{"start":{"line":253,"column":6},"end":{"line":265,"column":7}},"type":"if","locations":[{"start":{"line":253,"column":6},"end":{"line":265,"column":7}},{"start":{"line":255,"column":13},"end":{"line":265,"column":7}}],"line":253},"46":{"loc":{"start":{"line":253,"column":10},"end":{"line":253,"column":53}},"type":"binary-expr","locations":[{"start":{"line":253,"column":10},"end":{"line":253,"column":22}},{"start":{"line":253,"column":26},"end":{"line":253,"column":53}}],"line":253},"47":{"loc":{"start":{"line":255,"column":13},"end":{"line":265,"column":7}},"type":"if","locations":[{"start":{"line":255,"column":13},"end":{"line":265,"column":7}},{"start":{"line":257,"column":13},"end":{"line":265,"column":7}}],"line":255},"48":{"loc":{"start":{"line":255,"column":17},"end":{"line":255,"column":60}},"type":"binary-expr","locations":[{"start":{"line":255,"column":17},"end":{"line":255,"column":29}},{"start":{"line":255,"column":33},"end":{"line":255,"column":60}}],"line":255},"49":{"loc":{"start":{"line":257,"column":13},"end":{"line":265,"column":7}},"type":"if","locations":[{"start":{"line":257,"column":13},"end":{"line":265,"column":7}},{"start":{"line":260,"column":13},"end":{"line":265,"column":7}}],"line":257},"50":{"loc":{"start":{"line":260,"column":13},"end":{"line":265,"column":7}},"type":"if","locations":[{"start":{"line":260,"column":13},"end":{"line":265,"column":7}},{"start":{"line":263,"column":13},"end":{"line":265,"column":7}}],"line":260},"51":{"loc":{"start":{"line":260,"column":17},"end":{"line":260,"column":86}},"type":"binary-expr","locations":[{"start":{"line":260,"column":17},"end":{"line":260,"column":29}},{"start":{"line":260,"column":33},"end":{"line":260,"column":50}},{"start":{"line":260,"column":54},"end":{"line":260,"column":86}}],"line":260},"52":{"loc":{"start":{"line":291,"column":6},"end":{"line":301,"column":7}},"type":"if","locations":[{"start":{"line":291,"column":6},"end":{"line":301,"column":7}},{"start":{"line":293,"column":13},"end":{"line":301,"column":7}}],"line":291},"53":{"loc":{"start":{"line":291,"column":10},"end":{"line":291,"column":53}},"type":"binary-expr","locations":[{"start":{"line":291,"column":10},"end":{"line":291,"column":22}},{"start":{"line":291,"column":26},"end":{"line":291,"column":53}}],"line":291},"54":{"loc":{"start":{"line":293,"column":13},"end":{"line":301,"column":7}},"type":"if","locations":[{"start":{"line":293,"column":13},"end":{"line":301,"column":7}},{"start":{"line":296,"column":13},"end":{"line":301,"column":7}}],"line":293},"55":{"loc":{"start":{"line":296,"column":13},"end":{"line":301,"column":7}},"type":"if","locations":[{"start":{"line":296,"column":13},"end":{"line":301,"column":7}},{"start":{"line":299,"column":13},"end":{"line":301,"column":7}}],"line":296},"56":{"loc":{"start":{"line":296,"column":17},"end":{"line":296,"column":86}},"type":"binary-expr","locations":[{"start":{"line":296,"column":17},"end":{"line":296,"column":29}},{"start":{"line":296,"column":33},"end":{"line":296,"column":50}},{"start":{"line":296,"column":54},"end":{"line":296,"column":86}}],"line":296}},"s":{"0":5,"1":5,"2":5,"3":10,"4":11,"5":11,"6":11,"7":11,"8":11,"9":11,"10":2,"11":2,"12":2,"13":1,"14":11,"15":2,"16":2,"17":2,"18":1,"19":11,"20":11,"21":11,"22":1,"23":1,"24":10,"25":1,"26":1,"27":9,"28":11,"29":2,"30":2,"31":2,"32":2,"33":11,"34":7,"35":7,"36":7,"37":6,"38":6,"39":6,"40":6,"41":7,"42":4,"43":4,"44":1,"45":3,"46":1,"47":2,"48":1,"49":1,"50":1,"51":5,"52":5,"53":5,"54":5,"55":5,"56":1,"57":1,"58":1,"59":1,"60":5,"61":1,"62":1,"63":1,"64":1,"65":5,"66":5,"67":2,"68":2,"69":2,"70":2,"71":2,"72":2,"73":2,"74":2,"75":3,"76":3,"77":1,"78":2,"79":1,"80":1,"81":1,"82":0,"83":6,"84":6,"85":6,"86":2,"87":2,"88":4,"89":4,"90":1,"91":3,"92":1,"93":2,"94":1,"95":1,"96":1,"97":0,"98":4,"99":4,"100":1,"101":2,"102":1,"103":3,"104":3,"105":1,"106":2,"107":1,"108":1,"109":1,"110":0,"111":5},"f":{"0":10,"1":11,"2":6,"3":6,"4":6,"5":5,"6":2,"7":2,"8":2,"9":6,"10":4,"11":2},"b":{"0":[1,9],"1":[10,0],"2":[8,2],"3":[8,2],"4":[10,0],"5":[2,9],"6":[11,11],"7":[2,2],"8":[1,1],"9":[2,1],"10":[2,9],"11":[11,11],"12":[2,2],"13":[1,1],"14":[2,1],"15":[1,10],"16":[1,9],"17":[2,9],"18":[1,1],"19":[1,1],"20":[2,0],"21":[6,0],"22":[4,3],"23":[1,3],"24":[4,3],"25":[1,2],"26":[3,2],"27":[1,1],"28":[1,0],"29":[1,4],"30":[5,5],"31":[1,1],"32":[1,0],"33":[1,1],"34":[1,4],"35":[5,5],"36":[1,1],"37":[1,0],"38":[1,1],"39":[2,0],"40":[1,2],"41":[3,2],"42":[1,1],"43":[1,0],"44":[1,1,1],"45":[1,3],"46":[4,3],"47":[1,2],"48":[3,2],"49":[1,1],"50":[1,0],"51":[1,1,1],"52":[1,2],"53":[3,2],"54":[1,1],"55":[1,0],"56":[1,1,1]},"_coverageSchema":"1a1c01bbd47fc00a2c39e90264f33305004495a9","hash":"ba19db15e5272751a3d2a671f8166a8c0b6d56a5"}
,"C:\\Users\\neubr\\Documents\\hacktiv8\\phase2\\IndividualProject\\movies-app\\be-movies-app\\controllers\\userMoviesController.js": {"path":"C:\\Users\\neubr\\Documents\\hacktiv8\\phase2\\IndividualProject\\movies-app\\be-movies-app\\controllers\\userMoviesController.js","statementMap":{"0":{"start":{"line":1,"column":36},"end":{"line":1,"column":56}},"1":{"start":{"line":5,"column":4},"end":{"line":47,"column":5}},"2":{"start":{"line":6,"column":21},"end":{"line":6,"column":32}},"3":{"start":{"line":7,"column":32},"end":{"line":7,"column":40}},"4":{"start":{"line":9,"column":6},"end":{"line":11,"column":7}},"5":{"start":{"line":10,"column":8},"end":{"line":10,"column":80}},"6":{"start":{"line":13,"column":6},"end":{"line":15,"column":7}},"7":{"start":{"line":14,"column":8},"end":{"line":14,"column":88}},"8":{"start":{"line":18,"column":20},"end":{"line":18,"column":49}},"9":{"start":{"line":19,"column":6},"end":{"line":21,"column":7}},"10":{"start":{"line":20,"column":8},"end":{"line":20,"column":82}},"11":{"start":{"line":24,"column":23},"end":{"line":26,"column":8}},"12":{"start":{"line":28,"column":6},"end":{"line":30,"column":7}},"13":{"start":{"line":29,"column":8},"end":{"line":29,"column":79}},"14":{"start":{"line":32,"column":24},"end":{"line":37,"column":8}},"15":{"start":{"line":39,"column":6},"end":{"line":44,"column":9}},"16":{"start":{"line":46,"column":6},"end":{"line":46,"column":16}},"17":{"start":{"line":51,"column":4},"end":{"line":88,"column":5}},"18":{"start":{"line":52,"column":21},"end":{"line":52,"column":32}},"19":{"start":{"line":53,"column":31},"end":{"line":53,"column":40}},"20":{"start":{"line":55,"column":20},"end":{"line":55,"column":30}},"21":{"start":{"line":57,"column":6},"end":{"line":62,"column":7}},"22":{"start":{"line":58,"column":8},"end":{"line":60,"column":9}},"23":{"start":{"line":59,"column":10},"end":{"line":59,"column":90}},"24":{"start":{"line":61,"column":8},"end":{"line":61,"column":26}},"25":{"start":{"line":64,"column":6},"end":{"line":69,"column":7}},"26":{"start":{"line":65,"column":8},"end":{"line":67,"column":9}},"27":{"start":{"line":66,"column":10},"end":{"line":66,"column":89}},"28":{"start":{"line":68,"column":8},"end":{"line":68,"column":30}},"29":{"start":{"line":71,"column":25},"end":{"line":78,"column":8}},"30":{"start":{"line":80,"column":6},"end":{"line":85,"column":9}},"31":{"start":{"line":87,"column":6},"end":{"line":87,"column":16}},"32":{"start":{"line":92,"column":4},"end":{"line":119,"column":5}},"33":{"start":{"line":93,"column":21},"end":{"line":93,"column":32}},"34":{"start":{"line":94,"column":21},"end":{"line":94,"column":31}},"35":{"start":{"line":95,"column":25},"end":{"line":95,"column":33}},"36":{"start":{"line":97,"column":6},"end":{"line":99,"column":7}},"37":{"start":{"line":98,"column":8},"end":{"line":98,"column":74}},"38":{"start":{"line":101,"column":24},"end":{"line":103,"column":8}},"39":{"start":{"line":105,"column":6},"end":{"line":107,"column":7}},"40":{"start":{"line":106,"column":8},"end":{"line":106,"column":81}},"41":{"start":{"line":109,"column":6},"end":{"line":109,"column":41}},"42":{"start":{"line":111,"column":6},"end":{"line":116,"column":9}},"43":{"start":{"line":118,"column":6},"end":{"line":118,"column":16}},"44":{"start":{"line":123,"column":4},"end":{"line":143,"column":5}},"45":{"start":{"line":124,"column":21},"end":{"line":124,"column":32}},"46":{"start":{"line":125,"column":21},"end":{"line":125,"column":31}},"47":{"start":{"line":127,"column":24},"end":{"line":129,"column":8}},"48":{"start":{"line":131,"column":6},"end":{"line":133,"column":7}},"49":{"start":{"line":132,"column":8},"end":{"line":132,"column":76}},"50":{"start":{"line":135,"column":6},"end":{"line":135,"column":32}},"51":{"start":{"line":137,"column":6},"end":{"line":140,"column":9}},"52":{"start":{"line":142,"column":6},"end":{"line":142,"column":16}},"53":{"start":{"line":147,"column":0},"end":{"line":147,"column":38}}},"fnMap":{"0":{"name":"(anonymous_0)","decl":{"start":{"line":4,"column":2},"end":{"line":4,"column":3}},"loc":{"start":{"line":4,"column":45},"end":{"line":48,"column":3}},"line":4},"1":{"name":"(anonymous_1)","decl":{"start":{"line":50,"column":2},"end":{"line":50,"column":3}},"loc":{"start":{"line":50,"column":45},"end":{"line":89,"column":3}},"line":50},"2":{"name":"(anonymous_2)","decl":{"start":{"line":91,"column":2},"end":{"line":91,"column":3}},"loc":{"start":{"line":91,"column":49},"end":{"line":120,"column":3}},"line":91},"3":{"name":"(anonymous_3)","decl":{"start":{"line":122,"column":2},"end":{"line":122,"column":3}},"loc":{"start":{"line":122,"column":47},"end":{"line":144,"column":3}},"line":122}},"branchMap":{"0":{"loc":{"start":{"line":9,"column":6},"end":{"line":11,"column":7}},"type":"if","locations":[{"start":{"line":9,"column":6},"end":{"line":11,"column":7}},{"start":{},"end":{}}],"line":9},"1":{"loc":{"start":{"line":9,"column":10},"end":{"line":9,"column":27}},"type":"binary-expr","locations":[{"start":{"line":9,"column":10},"end":{"line":9,"column":18}},{"start":{"line":9,"column":22},"end":{"line":9,"column":27}}],"line":9},"2":{"loc":{"start":{"line":13,"column":6},"end":{"line":15,"column":7}},"type":"if","locations":[{"start":{"line":13,"column":6},"end":{"line":15,"column":7}},{"start":{},"end":{}}],"line":13},"3":{"loc":{"start":{"line":19,"column":6},"end":{"line":21,"column":7}},"type":"if","locations":[{"start":{"line":19,"column":6},"end":{"line":21,"column":7}},{"start":{},"end":{}}],"line":19},"4":{"loc":{"start":{"line":28,"column":6},"end":{"line":30,"column":7}},"type":"if","locations":[{"start":{"line":28,"column":6},"end":{"line":30,"column":7}},{"start":{},"end":{}}],"line":28},"5":{"loc":{"start":{"line":36,"column":16},"end":{"line":36,"column":55}},"type":"cond-expr","locations":[{"start":{"line":36,"column":39},"end":{"line":36,"column":48}},{"start":{"line":36,"column":51},"end":{"line":36,"column":55}}],"line":36},"6":{"loc":{"start":{"line":57,"column":6},"end":{"line":62,"column":7}},"type":"if","locations":[{"start":{"line":57,"column":6},"end":{"line":62,"column":7}},{"start":{},"end":{}}],"line":57},"7":{"loc":{"start":{"line":58,"column":8},"end":{"line":60,"column":9}},"type":"if","locations":[{"start":{"line":58,"column":8},"end":{"line":60,"column":9}},{"start":{},"end":{}}],"line":58},"8":{"loc":{"start":{"line":64,"column":6},"end":{"line":69,"column":7}},"type":"if","locations":[{"start":{"line":64,"column":6},"end":{"line":69,"column":7}},{"start":{},"end":{}}],"line":64},"9":{"loc":{"start":{"line":65,"column":8},"end":{"line":67,"column":9}},"type":"if","locations":[{"start":{"line":65,"column":8},"end":{"line":67,"column":9}},{"start":{},"end":{}}],"line":65},"10":{"loc":{"start":{"line":97,"column":6},"end":{"line":99,"column":7}},"type":"if","locations":[{"start":{"line":97,"column":6},"end":{"line":99,"column":7}},{"start":{},"end":{}}],"line":97},"11":{"loc":{"start":{"line":97,"column":10},"end":{"line":97,"column":50}},"type":"binary-expr","locations":[{"start":{"line":97,"column":10},"end":{"line":97,"column":17}},{"start":{"line":97,"column":21},"end":{"line":97,"column":50}}],"line":97},"12":{"loc":{"start":{"line":105,"column":6},"end":{"line":107,"column":7}},"type":"if","locations":[{"start":{"line":105,"column":6},"end":{"line":107,"column":7}},{"start":{},"end":{}}],"line":105},"13":{"loc":{"start":{"line":131,"column":6},"end":{"line":133,"column":7}},"type":"if","locations":[{"start":{"line":131,"column":6},"end":{"line":133,"column":7}},{"start":{},"end":{}}],"line":131}},"s":{"0":5,"1":7,"2":7,"3":7,"4":7,"5":1,"6":6,"7":1,"8":5,"9":5,"10":1,"11":4,"12":4,"13":1,"14":3,"15":3,"16":4,"17":4,"18":4,"19":4,"20":4,"21":4,"22":3,"23":1,"24":2,"25":3,"26":1,"27":0,"28":1,"29":3,"30":3,"31":1,"32":3,"33":3,"34":3,"35":3,"36":3,"37":1,"38":2,"39":2,"40":1,"41":1,"42":1,"43":2,"44":2,"45":2,"46":2,"47":2,"48":2,"49":1,"50":1,"51":1,"52":1,"53":5},"f":{"0":7,"1":4,"2":3,"3":2},"b":{"0":[1,6],"1":[7,6],"2":[1,5],"3":[1,4],"4":[1,3],"5":[1,2],"6":[3,1],"7":[1,2],"8":[1,2],"9":[0,1],"10":[1,2],"11":[3,3],"12":[1,1],"13":[1,1]},"_coverageSchema":"1a1c01bbd47fc00a2c39e90264f33305004495a9","hash":"77dbf503a594621595658b41efe17f93c4e24722"}
,"C:\\Users\\neubr\\Documents\\hacktiv8\\phase2\\IndividualProject\\movies-app\\be-movies-app\\helpers\\bcrypt.js": {"path":"C:\\Users\\neubr\\Documents\\hacktiv8\\phase2\\IndividualProject\\movies-app\\be-movies-app\\helpers\\bcrypt.js","statementMap":{"0":{"start":{"line":1,"column":15},"end":{"line":1,"column":32}},"1":{"start":{"line":3,"column":21},"end":{"line":6,"column":1}},"2":{"start":{"line":4,"column":15},"end":{"line":4,"column":37}},"3":{"start":{"line":5,"column":2},"end":{"line":5,"column":41}},"4":{"start":{"line":8,"column":24},"end":{"line":10,"column":1}},"5":{"start":{"line":9,"column":2},"end":{"line":9,"column":54}},"6":{"start":{"line":12,"column":0},"end":{"line":15,"column":2}}},"fnMap":{"0":{"name":"(anonymous_0)","decl":{"start":{"line":3,"column":21},"end":{"line":3,"column":22}},"loc":{"start":{"line":3,"column":35},"end":{"line":6,"column":1}},"line":3},"1":{"name":"(anonymous_1)","decl":{"start":{"line":8,"column":24},"end":{"line":8,"column":25}},"loc":{"start":{"line":8,"column":54},"end":{"line":10,"column":1}},"line":8}},"branchMap":{},"s":{"0":5,"1":5,"2":20,"3":20,"4":5,"5":4,"6":5},"f":{"0":20,"1":4},"b":{},"_coverageSchema":"1a1c01bbd47fc00a2c39e90264f33305004495a9","hash":"b318a55f54c4f8350ffea922a6b1e9dc77f23355"}
,"C:\\Users\\neubr\\Documents\\hacktiv8\\phase2\\IndividualProject\\movies-app\\be-movies-app\\helpers\\gemini.js": {"path":"C:\\Users\\neubr\\Documents\\hacktiv8\\phase2\\IndividualProject\\movies-app\\be-movies-app\\helpers\\gemini.js","statementMap":{"0":{"start":{"line":1,"column":31},"end":{"line":1,"column":63}},"1":{"start":{"line":10,"column":2},"end":{"line":105,"column":3}},"2":{"start":{"line":12,"column":19},"end":{"line":12,"column":45}},"3":{"start":{"line":13,"column":4},"end":{"line":15,"column":5}},"4":{"start":{"line":14,"column":6},"end":{"line":14,"column":75}},"5":{"start":{"line":18,"column":18},"end":{"line":18,"column":48}},"6":{"start":{"line":19,"column":18},"end":{"line":19,"column":73}},"7":{"start":{"line":22,"column":28},"end":{"line":22,"column":58}},"8":{"start":{"line":25,"column":26},"end":{"line":31,"column":9}},"9":{"start":{"line":27,"column":21},"end":{"line":31,"column":7}},"10":{"start":{"line":34,"column":19},"end":{"line":48,"column":1}},"11":{"start":{"line":40,"column":29},"end":{"line":40,"column":79}},"12":{"start":{"line":51,"column":19},"end":{"line":51,"column":54}},"13":{"start":{"line":52,"column":21},"end":{"line":52,"column":36}},"14":{"start":{"line":53,"column":17},"end":{"line":53,"column":39}},"15":{"start":{"line":58,"column":4},"end":{"line":70,"column":5}},"16":{"start":{"line":60,"column":6},"end":{"line":60,"column":40}},"17":{"start":{"line":63,"column":25},"end":{"line":63,"column":65}},"18":{"start":{"line":64,"column":6},"end":{"line":69,"column":7}},"19":{"start":{"line":65,"column":8},"end":{"line":65,"column":51}},"20":{"start":{"line":68,"column":8},"end":{"line":68,"column":63}},"21":{"start":{"line":73,"column":4},"end":{"line":75,"column":5}},"22":{"start":{"line":74,"column":6},"end":{"line":74,"column":26}},"23":{"start":{"line":78,"column":4},"end":{"line":78,"column":87}},"24":{"start":{"line":78,"column":49},"end":{"line":78,"column":85}},"25":{"start":{"line":81,"column":4},"end":{"line":83,"column":6}},"26":{"start":{"line":82,"column":6},"end":{"line":82,"column":46}},"27":{"start":{"line":82,"column":30},"end":{"line":82,"column":45}},"28":{"start":{"line":86,"column":4},"end":{"line":93,"column":5}},"29":{"start":{"line":87,"column":28},"end":{"line":90,"column":31}},"30":{"start":{"line":88,"column":25},"end":{"line":88,"column":59}},"31":{"start":{"line":90,"column":22},"end":{"line":90,"column":30}},"32":{"start":{"line":92,"column":6},"end":{"line":92,"column":61}},"33":{"start":{"line":96,"column":4},"end":{"line":96,"column":38}},"34":{"start":{"line":99,"column":4},"end":{"line":99,"column":54}},"35":{"start":{"line":102,"column":4},"end":{"line":104,"column":30}},"36":{"start":{"line":104,"column":20},"end":{"line":104,"column":28}},"37":{"start":{"line":108,"column":0},"end":{"line":108,"column":47}}},"fnMap":{"0":{"name":"generateRecommendationIds","decl":{"start":{"line":9,"column":15},"end":{"line":9,"column":40}},"loc":{"start":{"line":9,"column":73},"end":{"line":106,"column":1}},"line":9},"1":{"name":"(anonymous_1)","decl":{"start":{"line":27,"column":11},"end":{"line":27,"column":12}},"loc":{"start":{"line":27,"column":21},"end":{"line":31,"column":7}},"line":27},"2":{"name":"(anonymous_2)","decl":{"start":{"line":40,"column":20},"end":{"line":40,"column":21}},"loc":{"start":{"line":40,"column":29},"end":{"line":40,"column":79}},"line":40},"3":{"name":"(anonymous_3)","decl":{"start":{"line":78,"column":43},"end":{"line":78,"column":44}},"loc":{"start":{"line":78,"column":49},"end":{"line":78,"column":85}},"line":78},"4":{"name":"(anonymous_4)","decl":{"start":{"line":81,"column":43},"end":{"line":81,"column":44}},"loc":{"start":{"line":82,"column":6},"end":{"line":82,"column":46}},"line":82},"5":{"name":"(anonymous_5)","decl":{"start":{"line":82,"column":21},"end":{"line":82,"column":22}},"loc":{"start":{"line":82,"column":30},"end":{"line":82,"column":45}},"line":82},"6":{"name":"(anonymous_6)","decl":{"start":{"line":88,"column":16},"end":{"line":88,"column":17}},"loc":{"start":{"line":88,"column":25},"end":{"line":88,"column":59}},"line":88},"7":{"name":"(anonymous_7)","decl":{"start":{"line":90,"column":13},"end":{"line":90,"column":14}},"loc":{"start":{"line":90,"column":22},"end":{"line":90,"column":30}},"line":90},"8":{"name":"(anonymous_8)","decl":{"start":{"line":104,"column":11},"end":{"line":104,"column":12}},"loc":{"start":{"line":104,"column":20},"end":{"line":104,"column":28}},"line":104}},"branchMap":{"0":{"loc":{"start":{"line":13,"column":4},"end":{"line":15,"column":5}},"type":"if","locations":[{"start":{"line":13,"column":4},"end":{"line":15,"column":5}},{"start":{},"end":{}}],"line":13},"1":{"loc":{"start":{"line":64,"column":6},"end":{"line":69,"column":7}},"type":"if","locations":[{"start":{"line":64,"column":6},"end":{"line":69,"column":7}},{"start":{"line":66,"column":13},"end":{"line":69,"column":7}}],"line":64},"2":{"loc":{"start":{"line":68,"column":25},"end":{"line":68,"column":62}},"type":"binary-expr","locations":[{"start":{"line":68,"column":25},"end":{"line":68,"column":56}},{"start":{"line":68,"column":60},"end":{"line":68,"column":62}}],"line":68},"3":{"loc":{"start":{"line":73,"column":4},"end":{"line":75,"column":5}},"type":"if","locations":[{"start":{"line":73,"column":4},"end":{"line":75,"column":5}},{"start":{},"end":{}}],"line":73},"4":{"loc":{"start":{"line":78,"column":49},"end":{"line":78,"column":85}},"type":"binary-expr","locations":[{"start":{"line":78,"column":49},"end":{"line":78,"column":71}},{"start":{"line":78,"column":75},"end":{"line":78,"column":85}}],"line":78},"5":{"loc":{"start":{"line":86,"column":4},"end":{"line":93,"column":5}},"type":"if","locations":[{"start":{"line":86,"column":4},"end":{"line":93,"column":5}},{"start":{},"end":{}}],"line":86}},"s":{"0":6,"1":12,"2":12,"3":12,"4":1,"5":11,"6":11,"7":11,"8":11,"9":74,"10":11,"11":74,"12":11,"13":10,"14":10,"15":9,"16":9,"17":3,"18":3,"19":2,"20":1,"21":9,"22":0,"23":9,"24":53,"25":9,"26":51,"27":147,"28":9,"29":3,"30":16,"31":5,"32":3,"33":9,"34":3,"35":3,"36":18,"37":6},"f":{"0":12,"1":74,"2":74,"3":53,"4":51,"5":147,"6":16,"7":5,"8":18},"b":{"0":[1,11],"1":[2,1],"2":[1,0],"3":[0,9],"4":[53,51],"5":[3,6]},"_coverageSchema":"1a1c01bbd47fc00a2c39e90264f33305004495a9","hash":"be0d946cebc837e6116eedc87da737590707a2ad"}
,"C:\\Users\\neubr\\Documents\\hacktiv8\\phase2\\IndividualProject\\movies-app\\be-movies-app\\helpers\\jwt.js": {"path":"C:\\Users\\neubr\\Documents\\hacktiv8\\phase2\\IndividualProject\\movies-app\\be-movies-app\\helpers\\jwt.js","statementMap":{"0":{"start":{"line":1,"column":12},"end":{"line":1,"column":35}},"1":{"start":{"line":3,"column":19},"end":{"line":3,"column":41}},"2":{"start":{"line":6,"column":18},"end":{"line":8,"column":1}},"3":{"start":{"line":7,"column":2},"end":{"line":7,"column":35}},"4":{"start":{"line":11,"column":20},"end":{"line":13,"column":1}},"5":{"start":{"line":12,"column":2},"end":{"line":12,"column":39}},"6":{"start":{"line":15,"column":0},"end":{"line":18,"column":2}}},"fnMap":{"0":{"name":"(anonymous_0)","decl":{"start":{"line":6,"column":18},"end":{"line":6,"column":19}},"loc":{"start":{"line":6,"column":27},"end":{"line":8,"column":1}},"line":6},"1":{"name":"(anonymous_1)","decl":{"start":{"line":11,"column":20},"end":{"line":11,"column":21}},"loc":{"start":{"line":11,"column":31},"end":{"line":13,"column":1}},"line":11}},"branchMap":{},"s":{"0":5,"1":5,"2":5,"3":9,"4":5,"5":32,"6":5},"f":{"0":9,"1":32},"b":{},"_coverageSchema":"1a1c01bbd47fc00a2c39e90264f33305004495a9","hash":"21e04c4c0486480c7c3ccb9a52d5b05eeb3400dc"}
,"C:\\Users\\neubr\\Documents\\hacktiv8\\phase2\\IndividualProject\\movies-app\\be-movies-app\\middlewares\\authentication.js": {"path":"C:\\Users\\neubr\\Documents\\hacktiv8\\phase2\\IndividualProject\\movies-app\\be-movies-app\\middlewares\\authentication.js","statementMap":{"0":{"start":{"line":1,"column":24},"end":{"line":1,"column":49}},"1":{"start":{"line":2,"column":17},"end":{"line":2,"column":37}},"2":{"start":{"line":5,"column":2},"end":{"line":37,"column":3}},"3":{"start":{"line":6,"column":30},"end":{"line":6,"column":41}},"4":{"start":{"line":8,"column":4},"end":{"line":10,"column":5}},"5":{"start":{"line":9,"column":6},"end":{"line":9,"column":63}},"6":{"start":{"line":12,"column":21},"end":{"line":12,"column":45}},"7":{"start":{"line":13,"column":22},"end":{"line":13,"column":33}},"8":{"start":{"line":14,"column":23},"end":{"line":14,"column":34}},"9":{"start":{"line":17,"column":4},"end":{"line":19,"column":5}},"10":{"start":{"line":18,"column":6},"end":{"line":18,"column":63}},"11":{"start":{"line":22,"column":19},"end":{"line":22,"column":42}},"12":{"start":{"line":25,"column":17},"end":{"line":25,"column":47}},"13":{"start":{"line":27,"column":4},"end":{"line":29,"column":5}},"14":{"start":{"line":28,"column":6},"end":{"line":28,"column":63}},"15":{"start":{"line":32,"column":4},"end":{"line":32,"column":20}},"16":{"start":{"line":34,"column":4},"end":{"line":34,"column":11}},"17":{"start":{"line":36,"column":4},"end":{"line":36,"column":14}},"18":{"start":{"line":40,"column":0},"end":{"line":40,"column":32}}},"fnMap":{"0":{"name":"authentication","decl":{"start":{"line":4,"column":15},"end":{"line":4,"column":29}},"loc":{"start":{"line":4,"column":46},"end":{"line":38,"column":1}},"line":4}},"branchMap":{"0":{"loc":{"start":{"line":8,"column":4},"end":{"line":10,"column":5}},"type":"if","locations":[{"start":{"line":8,"column":4},"end":{"line":10,"column":5}},{"start":{},"end":{}}],"line":8},"1":{"loc":{"start":{"line":17,"column":4},"end":{"line":19,"column":5}},"type":"if","locations":[{"start":{"line":17,"column":4},"end":{"line":19,"column":5}},{"start":{},"end":{}}],"line":17},"2":{"loc":{"start":{"line":17,"column":8},"end":{"line":17,"column":45}},"type":"binary-expr","locations":[{"start":{"line":17,"column":8},"end":{"line":17,"column":30}},{"start":{"line":17,"column":34},"end":{"line":17,"column":45}}],"line":17},"3":{"loc":{"start":{"line":27,"column":4},"end":{"line":29,"column":5}},"type":"if","locations":[{"start":{"line":27,"column":4},"end":{"line":29,"column":5}},{"start":{},"end":{}}],"line":27}},"s":{"0":5,"1":5,"2":40,"3":40,"4":40,"5":8,"6":32,"7":32,"8":32,"9":32,"10":0,"11":32,"12":30,"13":30,"14":0,"15":30,"16":30,"17":10,"18":5},"f":{"0":40},"b":{"0":[8,32],"1":[0,32],"2":[32,32],"3":[0,30]},"_coverageSchema":"1a1c01bbd47fc00a2c39e90264f33305004495a9","hash":"71cc512c579098a7d3867f48caad0ee1c2f74e92"}
,"C:\\Users\\neubr\\Documents\\hacktiv8\\phase2\\IndividualProject\\movies-app\\be-movies-app\\middlewares\\errorHandler.js": {"path":"C:\\Users\\neubr\\Documents\\hacktiv8\\phase2\\IndividualProject\\movies-app\\be-movies-app\\middlewares\\errorHandler.js","statementMap":{"0":{"start":{"line":2,"column":2},"end":{"line":2,"column":39}},"1":{"start":{"line":4,"column":2},"end":{"line":30,"column":3}},"2":{"start":{"line":7,"column":6},"end":{"line":7,"column":65}},"3":{"start":{"line":8,"column":6},"end":{"line":8,"column":12}},"4":{"start":{"line":10,"column":6},"end":{"line":10,"column":55}},"5":{"start":{"line":11,"column":6},"end":{"line":11,"column":12}},"6":{"start":{"line":13,"column":6},"end":{"line":13,"column":55}},"7":{"start":{"line":14,"column":6},"end":{"line":14,"column":12}},"8":{"start":{"line":16,"column":6},"end":{"line":16,"column":57}},"9":{"start":{"line":17,"column":6},"end":{"line":17,"column":12}},"10":{"start":{"line":19,"column":6},"end":{"line":19,"column":55}},"11":{"start":{"line":20,"column":6},"end":{"line":20,"column":12}},"12":{"start":{"line":22,"column":6},"end":{"line":22,"column":55}},"13":{"start":{"line":23,"column":6},"end":{"line":23,"column":12}},"14":{"start":{"line":25,"column":6},"end":{"line":25,"column":55}},"15":{"start":{"line":26,"column":6},"end":{"line":26,"column":12}},"16":{"start":{"line":28,"column":6},"end":{"line":28,"column":65}},"17":{"start":{"line":29,"column":6},"end":{"line":29,"column":12}},"18":{"start":{"line":33,"column":0},"end":{"line":33,"column":30}}},"fnMap":{"0":{"name":"errorHandler","decl":{"start":{"line":1,"column":9},"end":{"line":1,"column":21}},"loc":{"start":{"line":1,"column":45},"end":{"line":31,"column":1}},"line":1}},"branchMap":{"0":{"loc":{"start":{"line":4,"column":2},"end":{"line":30,"column":3}},"type":"switch","locations":[{"start":{"line":5,"column":4},"end":{"line":5,"column":36}},{"start":{"line":6,"column":4},"end":{"line":8,"column":12}},{"start":{"line":9,"column":4},"end":{"line":11,"column":12}},{"start":{"line":12,"column":4},"end":{"line":14,"column":12}},{"start":{"line":15,"column":4},"end":{"line":17,"column":12}},{"start":{"line":18,"column":4},"end":{"line":20,"column":12}},{"start":{"line":21,"column":4},"end":{"line":23,"column":12}},{"start":{"line":24,"column":4},"end":{"line":26,"column":12}},{"start":{"line":27,"column":4},"end":{"line":29,"column":12}}],"line":4}},"s":{"0":59,"1":59,"2":11,"3":11,"4":13,"5":13,"6":16,"7":16,"8":2,"9":2,"10":7,"11":7,"12":0,"13":0,"14":8,"15":8,"16":2,"17":2,"18":5},"f":{"0":59},"b":{"0":[8,11,13,16,2,7,0,8,2]},"_coverageSchema":"1a1c01bbd47fc00a2c39e90264f33305004495a9","hash":"71ea17370f2d4c447f92d865329df1602623e0e5"}
,"C:\\Users\\neubr\\Documents\\hacktiv8\\phase2\\IndividualProject\\movies-app\\be-movies-app\\models\\genre.js": {"path":"C:\\Users\\neubr\\Documents\\hacktiv8\\phase2\\IndividualProject\\movies-app\\be-movies-app\\models\\genre.js","statementMap":{"0":{"start":{"line":4,"column":4},"end":{"line":4,"column":24}},"1":{"start":{"line":5,"column":0},"end":{"line":23,"column":2}},"2":{"start":{"line":16,"column":2},"end":{"line":21,"column":5}},"3":{"start":{"line":22,"column":2},"end":{"line":22,"column":15}}},"fnMap":{"0":{"name":"(anonymous_0)","decl":{"start":{"line":5,"column":17},"end":{"line":5,"column":18}},"loc":{"start":{"line":5,"column":43},"end":{"line":23,"column":1}},"line":5},"1":{"name":"(anonymous_1)","decl":{"start":{"line":12,"column":4},"end":{"line":12,"column":5}},"loc":{"start":{"line":12,"column":29},"end":{"line":14,"column":5}},"line":12}},"branchMap":{},"s":{"0":5,"1":5,"2":5,"3":5},"f":{"0":5,"1":5},"b":{},"_coverageSchema":"1a1c01bbd47fc00a2c39e90264f33305004495a9","hash":"b278b3772db3d9616d0462f4560f316a26b41335"}
,"C:\\Users\\neubr\\Documents\\hacktiv8\\phase2\\IndividualProject\\movies-app\\be-movies-app\\models\\index.js": {"path":"C:\\Users\\neubr\\Documents\\hacktiv8\\phase2\\IndividualProject\\movies-app\\be-movies-app\\models\\index.js","statementMap":{"0":{"start":{"line":3,"column":11},"end":{"line":3,"column":24}},"1":{"start":{"line":4,"column":13},"end":{"line":4,"column":28}},"2":{"start":{"line":5,"column":18},"end":{"line":5,"column":38}},"3":{"start":{"line":6,"column":16},"end":{"line":6,"column":34}},"4":{"start":{"line":7,"column":17},"end":{"line":7,"column":42}},"5":{"start":{"line":8,"column":12},"end":{"line":8,"column":49}},"6":{"start":{"line":9,"column":15},"end":{"line":9,"column":65}},"7":{"start":{"line":10,"column":11},"end":{"line":10,"column":13}},"8":{"start":{"line":13,"column":0},"end":{"line":17,"column":1}},"9":{"start":{"line":14,"column":2},"end":{"line":14,"column":74}},"10":{"start":{"line":16,"column":2},"end":{"line":16,"column":87}},"11":{"start":{"line":19,"column":0},"end":{"line":32,"column":5}},"12":{"start":{"line":22,"column":4},"end":{"line":27,"column":6}},"13":{"start":{"line":30,"column":18},"end":{"line":30,"column":85}},"14":{"start":{"line":31,"column":4},"end":{"line":31,"column":27}},"15":{"start":{"line":34,"column":0},"end":{"line":38,"column":3}},"16":{"start":{"line":35,"column":2},"end":{"line":37,"column":3}},"17":{"start":{"line":36,"column":4},"end":{"line":36,"column":32}},"18":{"start":{"line":40,"column":0},"end":{"line":40,"column":25}},"19":{"start":{"line":41,"column":0},"end":{"line":41,"column":25}},"20":{"start":{"line":43,"column":0},"end":{"line":43,"column":20}}},"fnMap":{"0":{"name":"(anonymous_0)","decl":{"start":{"line":21,"column":10},"end":{"line":21,"column":11}},"loc":{"start":{"line":21,"column":18},"end":{"line":28,"column":3}},"line":21},"1":{"name":"(anonymous_1)","decl":{"start":{"line":29,"column":11},"end":{"line":29,"column":12}},"loc":{"start":{"line":29,"column":19},"end":{"line":32,"column":3}},"line":29},"2":{"name":"(anonymous_2)","decl":{"start":{"line":34,"column":24},"end":{"line":34,"column":25}},"loc":{"start":{"line":34,"column":37},"end":{"line":38,"column":1}},"line":34}},"branchMap":{"0":{"loc":{"start":{"line":8,"column":12},"end":{"line":8,"column":49}},"type":"binary-expr","locations":[{"start":{"line":8,"column":12},"end":{"line":8,"column":32}},{"start":{"line":8,"column":36},"end":{"line":8,"column":49}}],"line":8},"1":{"loc":{"start":{"line":13,"column":0},"end":{"line":17,"column":1}},"type":"if","locations":[{"start":{"line":13,"column":0},"end":{"line":17,"column":1}},{"start":{"line":15,"column":7},"end":{"line":17,"column":1}}],"line":13},"2":{"loc":{"start":{"line":23,"column":6},"end":{"line":26,"column":37}},"type":"binary-expr","locations":[{"start":{"line":23,"column":6},"end":{"line":23,"column":29}},{"start":{"line":24,"column":6},"end":{"line":24,"column":23}},{"start":{"line":25,"column":6},"end":{"line":25,"column":30}},{"start":{"line":26,"column":6},"end":{"line":26,"column":37}}],"line":23},"3":{"loc":{"start":{"line":35,"column":2},"end":{"line":37,"column":3}},"type":"if","locations":[{"start":{"line":35,"column":2},"end":{"line":37,"column":3}},{"start":{},"end":{}}],"line":35}},"s":{"0":5,"1":5,"2":5,"3":5,"4":5,"5":5,"6":5,"7":5,"8":5,"9":0,"10":5,"11":5,"12":30,"13":25,"14":25,"15":5,"16":25,"17":25,"18":5,"19":5,"20":5},"f":{"0":30,"1":25,"2":25},"b":{"0":[5,0],"1":[0,5],"2":[30,30,25,25],"3":[25,0]},"_coverageSchema":"1a1c01bbd47fc00a2c39e90264f33305004495a9","hash":"2e8492b9484492a2ae9733271936a7422d22c52a"}
,"C:\\Users\\neubr\\Documents\\hacktiv8\\phase2\\IndividualProject\\movies-app\\be-movies-app\\models\\movie.js": {"path":"C:\\Users\\neubr\\Documents\\hacktiv8\\phase2\\IndividualProject\\movies-app\\be-movies-app\\models\\movie.js","statementMap":{"0":{"start":{"line":4,"column":4},"end":{"line":4,"column":24}},"1":{"start":{"line":5,"column":0},"end":{"line":38,"column":2}},"2":{"start":{"line":14,"column":6},"end":{"line":18,"column":9}},"3":{"start":{"line":19,"column":6},"end":{"line":23,"column":9}},"4":{"start":{"line":26,"column":2},"end":{"line":36,"column":5}},"5":{"start":{"line":37,"column":2},"end":{"line":37,"column":15}}},"fnMap":{"0":{"name":"(anonymous_0)","decl":{"start":{"line":5,"column":17},"end":{"line":5,"column":18}},"loc":{"start":{"line":5,"column":43},"end":{"line":38,"column":1}},"line":5},"1":{"name":"(anonymous_1)","decl":{"start":{"line":12,"column":4},"end":{"line":12,"column":5}},"loc":{"start":{"line":12,"column":29},"end":{"line":24,"column":5}},"line":12}},"branchMap":{},"s":{"0":5,"1":5,"2":5,"3":5,"4":5,"5":5},"f":{"0":5,"1":5},"b":{},"_coverageSchema":"1a1c01bbd47fc00a2c39e90264f33305004495a9","hash":"56439a13ed67edede789d9f27058c519c676bbf0"}
,"C:\\Users\\neubr\\Documents\\hacktiv8\\phase2\\IndividualProject\\movies-app\\be-movies-app\\models\\user.js": {"path":"C:\\Users\\neubr\\Documents\\hacktiv8\\phase2\\IndividualProject\\movies-app\\be-movies-app\\models\\user.js","statementMap":{"0":{"start":{"line":4,"column":4},"end":{"line":4,"column":24}},"1":{"start":{"line":5,"column":25},"end":{"line":5,"column":53}},"2":{"start":{"line":6,"column":0},"end":{"line":89,"column":2}},"3":{"start":{"line":15,"column":6},"end":{"line":19,"column":9}},"4":{"start":{"line":20,"column":6},"end":{"line":24,"column":9}},"5":{"start":{"line":27,"column":2},"end":{"line":84,"column":5}},"6":{"start":{"line":85,"column":2},"end":{"line":87,"column":4}},"7":{"start":{"line":86,"column":4},"end":{"line":86,"column":47}},"8":{"start":{"line":88,"column":2},"end":{"line":88,"column":14}}},"fnMap":{"0":{"name":"(anonymous_0)","decl":{"start":{"line":6,"column":17},"end":{"line":6,"column":18}},"loc":{"start":{"line":6,"column":43},"end":{"line":89,"column":1}},"line":6},"1":{"name":"(anonymous_1)","decl":{"start":{"line":13,"column":4},"end":{"line":13,"column":5}},"loc":{"start":{"line":13,"column":29},"end":{"line":25,"column":5}},"line":13},"2":{"name":"(anonymous_2)","decl":{"start":{"line":85,"column":20},"end":{"line":85,"column":21}},"loc":{"start":{"line":85,"column":30},"end":{"line":87,"column":3}},"line":85}},"branchMap":{},"s":{"0":5,"1":5,"2":5,"3":5,"4":5,"5":5,"6":5,"7":20,"8":5},"f":{"0":5,"1":5,"2":20},"b":{},"_coverageSchema":"1a1c01bbd47fc00a2c39e90264f33305004495a9","hash":"c00e5d9bd6a62695583a48885a68cb23b0e832a9"}
,"C:\\Users\\neubr\\Documents\\hacktiv8\\phase2\\IndividualProject\\movies-app\\be-movies-app\\models\\usermovies.js": {"path":"C:\\Users\\neubr\\Documents\\hacktiv8\\phase2\\IndividualProject\\movies-app\\be-movies-app\\models\\usermovies.js","statementMap":{"0":{"start":{"line":4,"column":4},"end":{"line":4,"column":24}},"1":{"start":{"line":5,"column":0},"end":{"line":61,"column":2}},"2":{"start":{"line":14,"column":6},"end":{"line":18,"column":9}},"3":{"start":{"line":19,"column":6},"end":{"line":23,"column":9}},"4":{"start":{"line":26,"column":2},"end":{"line":59,"column":5}},"5":{"start":{"line":60,"column":2},"end":{"line":60,"column":20}}},"fnMap":{"0":{"name":"(anonymous_0)","decl":{"start":{"line":5,"column":17},"end":{"line":5,"column":18}},"loc":{"start":{"line":5,"column":43},"end":{"line":61,"column":1}},"line":5},"1":{"name":"(anonymous_1)","decl":{"start":{"line":12,"column":4},"end":{"line":12,"column":5}},"loc":{"start":{"line":12,"column":29},"end":{"line":24,"column":5}},"line":12}},"branchMap":{},"s":{"0":5,"1":5,"2":5,"3":5,"4":5,"5":5},"f":{"0":5,"1":5},"b":{},"_coverageSchema":"1a1c01bbd47fc00a2c39e90264f33305004495a9","hash":"a4b6463b31ad4c18a3d24c9885da49b4a38b68ba"}
,"C:\\Users\\neubr\\Documents\\hacktiv8\\phase2\\IndividualProject\\movies-app\\be-movies-app\\models\\userrecommendations.js": {"path":"C:\\Users\\neubr\\Documents\\hacktiv8\\phase2\\IndividualProject\\movies-app\\be-movies-app\\models\\userrecommendations.js","statementMap":{"0":{"start":{"line":4,"column":4},"end":{"line":4,"column":24}},"1":{"start":{"line":5,"column":0},"end":{"line":52,"column":2}},"2":{"start":{"line":14,"column":6},"end":{"line":18,"column":9}},"3":{"start":{"line":19,"column":6},"end":{"line":23,"column":9}},"4":{"start":{"line":26,"column":2},"end":{"line":50,"column":5}},"5":{"start":{"line":51,"column":2},"end":{"line":51,"column":29}}},"fnMap":{"0":{"name":"(anonymous_0)","decl":{"start":{"line":5,"column":17},"end":{"line":5,"column":18}},"loc":{"start":{"line":5,"column":43},"end":{"line":52,"column":1}},"line":5},"1":{"name":"(anonymous_1)","decl":{"start":{"line":12,"column":4},"end":{"line":12,"column":5}},"loc":{"start":{"line":12,"column":29},"end":{"line":24,"column":5}},"line":12}},"branchMap":{},"s":{"0":5,"1":5,"2":5,"3":5,"4":5,"5":5},"f":{"0":5,"1":5},"b":{},"_coverageSchema":"1a1c01bbd47fc00a2c39e90264f33305004495a9","hash":"3c8c2dff40515852dd07163d2047eb788e580d3f"}
}
