{"C:\\Users\\neubr\\Documents\\hacktiv8\\phase2\\IndividualProject\\movies-app\\be-movies-app\\app.js": {"path":"C:\\Users\\neubr\\Documents\\hacktiv8\\phase2\\IndividualProject\\movies-app\\be-movies-app\\app.js","statementMap":{"0":{"start":{"line":1,"column":0},"end":{"line":3,"column":1}},"1":{"start":{"line":2,"column":2},"end":{"line":2,"column":29}},"2":{"start":{"line":5,"column":13},"end":{"line":5,"column":28}},"3":{"start":{"line":6,"column":16},"end":{"line":6,"column":34}},"4":{"start":{"line":8,"column":21},"end":{"line":8,"column":58}},"5":{"start":{"line":9,"column":23},"end":{"line":9,"column":62}},"6":{"start":{"line":10,"column":23},"end":{"line":10,"column":62}},"7":{"start":{"line":11,"column":25},"end":{"line":11,"column":66}},"8":{"start":{"line":12,"column":29},"end":{"line":12,"column":74}},"9":{"start":{"line":13,"column":22},"end":{"line":13,"column":60}},"10":{"start":{"line":15,"column":12},"end":{"line":15,"column":21}},"11":{"start":{"line":17,"column":0},"end":{"line":17,"column":16}},"12":{"start":{"line":18,"column":0},"end":{"line":18,"column":48}},"13":{"start":{"line":19,"column":0},"end":{"line":19,"column":24}},"14":{"start":{"line":22,"column":0},"end":{"line":22,"column":48}},"15":{"start":{"line":23,"column":0},"end":{"line":23,"column":63}},"16":{"start":{"line":24,"column":0},"end":{"line":24,"column":55}},"17":{"start":{"line":25,"column":0},"end":{"line":25,"column":48}},"18":{"start":{"line":28,"column":0},"end":{"line":28,"column":47}},"19":{"start":{"line":29,"column":0},"end":{"line":29,"column":41}},"20":{"start":{"line":30,"column":0},"end":{"line":30,"column":54}},"21":{"start":{"line":33,"column":0},"end":{"line":33,"column":63}},"22":{"start":{"line":34,"column":0},"end":{"line":34,"column":71}},"23":{"start":{"line":37,"column":0},"end":{"line":37,"column":40}},"24":{"start":{"line":38,"column":0},"end":{"line":38,"column":60}},"25":{"start":{"line":39,"column":0},"end":{"line":39,"column":60}},"26":{"start":{"line":40,"column":0},"end":{"line":40,"column":77}},"27":{"start":{"line":41,"column":0},"end":{"line":41,"column":69}},"28":{"start":{"line":44,"column":0},"end":{"line":48,"column":2}},"29":{"start":{"line":49,"column":0},"end":{"line":53,"column":2}},"30":{"start":{"line":55,"column":0},"end":{"line":55,"column":22}},"31":{"start":{"line":57,"column":0},"end":{"line":57,"column":21}}},"fnMap":{},"branchMap":{"0":{"loc":{"start":{"line":1,"column":0},"end":{"line":3,"column":1}},"type":"if","locations":[{"start":{"line":1,"column":0},"end":{"line":3,"column":1}},{"start":{},"end":{}}],"line":1}},"s":{"0":5,"1":5,"2":5,"3":5,"4":5,"5":5,"6":5,"7":5,"8":5,"9":5,"10":5,"11":5,"12":5,"13":5,"14":5,"15":5,"16":5,"17":5,"18":5,"19":5,"20":5,"21":5,"22":5,"23":5,"24":5,"25":5,"26":5,"27":5,"28":5,"29":5,"30":5,"31":5},"f":{},"b":{"0":[5,0]},"_coverageSchema":"1a1c01bbd47fc00a2c39e90264f33305004495a9","hash":"1465b4206bc29a3dca39a929205b974e295e200c"}
,"C:\\Users\\neubr\\Documents\\hacktiv8\\phase2\\IndividualProject\\movies-app\\be-movies-app\\controllers\\MoviesController.js": {"path":"C:\\Users\\neubr\\Documents\\hacktiv8\\phase2\\IndividualProject\\movies-app\\be-movies-app\\controllers\\MoviesController.js","statementMap":{"0":{"start":{"line":1,"column":15},"end":{"line":1,"column":35}},"1":{"start":{"line":2,"column":52},"end":{"line":2,"column":72}},"2":{"start":{"line":3,"column":38},"end":{"line":3,"column":66}},"3":{"start":{"line":7,"column":4},"end":{"line":166,"column":5}},"4":{"start":{"line":8,"column":6},"end":{"line":8,"column":46}},"5":{"start":{"line":9,"column":78},"end":{"line":9,"column":87}},"6":{"start":{"line":12,"column":18},"end":{"line":12,"column":20}},"7":{"start":{"line":13,"column":23},"end":{"line":13,"column":24}},"8":{"start":{"line":16,"column":6},"end":{"line":33,"column":7}},"9":{"start":{"line":17,"column":28},"end":{"line":17,"column":48}},"10":{"start":{"line":18,"column":8},"end":{"line":20,"column":9}},"11":{"start":{"line":19,"column":10},"end":{"line":19,"column":30}},"12":{"start":{"line":21,"column":13},"end":{"line":33,"column":7}},"13":{"start":{"line":23,"column":27},"end":{"line":23,"column":60}},"14":{"start":{"line":24,"column":8},"end":{"line":26,"column":9}},"15":{"start":{"line":25,"column":10},"end":{"line":25,"column":29}},"16":{"start":{"line":27,"column":13},"end":{"line":33,"column":7}},"17":{"start":{"line":29,"column":27},"end":{"line":29,"column":46}},"18":{"start":{"line":30,"column":8},"end":{"line":32,"column":9}},"19":{"start":{"line":31,"column":10},"end":{"line":31,"column":29}},"20":{"start":{"line":36,"column":6},"end":{"line":59,"column":7}},"21":{"start":{"line":38,"column":8},"end":{"line":40,"column":9}},"22":{"start":{"line":39,"column":10},"end":{"line":39,"column":28}},"23":{"start":{"line":41,"column":13},"end":{"line":59,"column":7}},"24":{"start":{"line":43,"column":27},"end":{"line":43,"column":41}},"25":{"start":{"line":44,"column":8},"end":{"line":46,"column":9}},"26":{"start":{"line":45,"column":10},"end":{"line":45,"column":34}},"27":{"start":{"line":47,"column":13},"end":{"line":59,"column":7}},"28":{"start":{"line":49,"column":30},"end":{"line":49,"column":65}},"29":{"start":{"line":50,"column":8},"end":{"line":52,"column":9}},"30":{"start":{"line":51,"column":10},"end":{"line":51,"column":37}},"31":{"start":{"line":53,"column":13},"end":{"line":59,"column":7}},"32":{"start":{"line":55,"column":27},"end":{"line":55,"column":48}},"33":{"start":{"line":56,"column":8},"end":{"line":58,"column":9}},"34":{"start":{"line":57,"column":10},"end":{"line":57,"column":34}},"35":{"start":{"line":62,"column":20},"end":{"line":62,"column":22}},"36":{"start":{"line":65,"column":26},"end":{"line":65,"column":41}},"37":{"start":{"line":66,"column":6},"end":{"line":70,"column":7}},"38":{"start":{"line":67,"column":8},"end":{"line":69,"column":10}},"39":{"start":{"line":73,"column":26},"end":{"line":73,"column":41}},"40":{"start":{"line":74,"column":6},"end":{"line":89,"column":7}},"41":{"start":{"line":76,"column":27},"end":{"line":76,"column":45}},"42":{"start":{"line":77,"column":8},"end":{"line":88,"column":9}},"43":{"start":{"line":79,"column":10},"end":{"line":81,"column":12}},"44":{"start":{"line":85,"column":10},"end":{"line":87,"column":12}},"45":{"start":{"line":92,"column":21},"end":{"line":92,"column":58}},"46":{"start":{"line":95,"column":26},"end":{"line":100,"column":7}},"47":{"start":{"line":103,"column":6},"end":{"line":132,"column":7}},"48":{"start":{"line":104,"column":26},"end":{"line":104,"column":37}},"49":{"start":{"line":105,"column":23},"end":{"line":105,"column":28}},"50":{"start":{"line":106,"column":25},"end":{"line":106,"column":34}},"51":{"start":{"line":109,"column":8},"end":{"line":112,"column":9}},"52":{"start":{"line":110,"column":10},"end":{"line":110,"column":28}},"53":{"start":{"line":111,"column":10},"end":{"line":111,"column":42}},"54":{"start":{"line":115,"column":8},"end":{"line":119,"column":9}},"55":{"start":{"line":116,"column":31},"end":{"line":116,"column":51}},"56":{"start":{"line":117,"column":10},"end":{"line":117,"column":34}},"57":{"start":{"line":118,"column":10},"end":{"line":118,"column":76}},"58":{"start":{"line":122,"column":35},"end":{"line":122,"column":120}},"59":{"start":{"line":123,"column":8},"end":{"line":128,"column":9}},"60":{"start":{"line":124,"column":10},"end":{"line":124,"column":55}},"61":{"start":{"line":127,"column":10},"end":{"line":127,"column":49}},"62":{"start":{"line":131,"column":8},"end":{"line":131,"column":47}},"63":{"start":{"line":135,"column":30},"end":{"line":135,"column":70}},"64":{"start":{"line":138,"column":25},"end":{"line":138,"column":49}},"65":{"start":{"line":141,"column":6},"end":{"line":162,"column":9}},"66":{"start":{"line":164,"column":6},"end":{"line":164,"column":48}},"67":{"start":{"line":165,"column":6},"end":{"line":165,"column":16}},"68":{"start":{"line":170,"column":4},"end":{"line":187,"column":5}},"69":{"start":{"line":171,"column":21},"end":{"line":171,"column":31}},"70":{"start":{"line":173,"column":20},"end":{"line":173,"column":44}},"71":{"start":{"line":175,"column":6},"end":{"line":177,"column":7}},"72":{"start":{"line":176,"column":8},"end":{"line":176,"column":77}},"73":{"start":{"line":179,"column":6},"end":{"line":184,"column":9}},"74":{"start":{"line":186,"column":6},"end":{"line":186,"column":18}},"75":{"start":{"line":191,"column":4},"end":{"line":355,"column":5}},"76":{"start":{"line":192,"column":21},"end":{"line":192,"column":32}},"77":{"start":{"line":195,"column":19},"end":{"line":197,"column":8}},"78":{"start":{"line":199,"column":6},"end":{"line":201,"column":7}},"79":{"start":{"line":200,"column":8},"end":{"line":200,"column":62}},"80":{"start":{"line":204,"column":6},"end":{"line":213,"column":7}},"81":{"start":{"line":205,"column":8},"end":{"line":212,"column":11}},"82":{"start":{"line":216,"column":34},"end":{"line":219,"column":42}},"83":{"start":{"line":218,"column":22},"end":{"line":218,"column":34}},"84":{"start":{"line":219,"column":25},"end":{"line":219,"column":41}},"85":{"start":{"line":221,"column":6},"end":{"line":230,"column":7}},"86":{"start":{"line":222,"column":8},"end":{"line":229,"column":11}},"87":{"start":{"line":233,"column":21},"end":{"line":236,"column":8}},"88":{"start":{"line":238,"column":6},"end":{"line":247,"column":7}},"89":{"start":{"line":239,"column":8},"end":{"line":246,"column":11}},"90":{"start":{"line":250,"column":29},"end":{"line":254,"column":9}},"91":{"start":{"line":250,"column":50},"end":{"line":254,"column":7}},"92":{"start":{"line":257,"column":34},"end":{"line":260,"column":7}},"93":{"start":{"line":262,"column":6},"end":{"line":271,"column":7}},"94":{"start":{"line":263,"column":8},"end":{"line":270,"column":11}},"95":{"start":{"line":274,"column":32},"end":{"line":277,"column":8}},"96":{"start":{"line":280,"column":36},"end":{"line":282,"column":24}},"97":{"start":{"line":281,"column":19},"end":{"line":281,"column":67}},"98":{"start":{"line":281,"column":51},"end":{"line":281,"column":66}},"99":{"start":{"line":285,"column":6},"end":{"line":289,"column":8}},"100":{"start":{"line":292,"column":26},"end":{"line":292,"column":35}},"101":{"start":{"line":293,"column":6},"end":{"line":300,"column":9}},"102":{"start":{"line":294,"column":8},"end":{"line":299,"column":9}},"103":{"start":{"line":295,"column":22},"end":{"line":297,"column":47}},"104":{"start":{"line":296,"column":23},"end":{"line":296,"column":42}},"105":{"start":{"line":297,"column":26},"end":{"line":297,"column":46}},"106":{"start":{"line":298,"column":10},"end":{"line":298,"column":49}},"107":{"start":{"line":298,"column":28},"end":{"line":298,"column":47}},"108":{"start":{"line":303,"column":21},"end":{"line":306,"column":8}},"109":{"start":{"line":309,"column":23},"end":{"line":309,"column":75}},"110":{"start":{"line":309,"column":51},"end":{"line":309,"column":73}},"111":{"start":{"line":312,"column":39},"end":{"line":325,"column":8}},"112":{"start":{"line":313,"column":28},"end":{"line":319,"column":14}},"113":{"start":{"line":315,"column":25},"end":{"line":315,"column":44}},"114":{"start":{"line":316,"column":28},"end":{"line":316,"column":48}},"115":{"start":{"line":317,"column":25},"end":{"line":317,"column":41}},"116":{"start":{"line":321,"column":8},"end":{"line":324,"column":10}},"117":{"start":{"line":327,"column":6},"end":{"line":337,"column":9}},"118":{"start":{"line":340,"column":6},"end":{"line":340,"column":59}},"119":{"start":{"line":342,"column":6},"end":{"line":354,"column":7}},"120":{"start":{"line":343,"column":8},"end":{"line":343,"column":20}},"121":{"start":{"line":344,"column":13},"end":{"line":354,"column":7}},"122":{"start":{"line":345,"column":8},"end":{"line":348,"column":11}},"123":{"start":{"line":350,"column":8},"end":{"line":353,"column":11}},"124":{"start":{"line":362,"column":4},"end":{"line":443,"column":5}},"125":{"start":{"line":363,"column":21},"end":{"line":363,"column":32}},"126":{"start":{"line":364,"column":20},"end":{"line":364,"column":51}},"127":{"start":{"line":365,"column":19},"end":{"line":365,"column":48}},"128":{"start":{"line":366,"column":21},"end":{"line":366,"column":39}},"129":{"start":{"line":368,"column":30},"end":{"line":377,"column":8}},"130":{"start":{"line":380,"column":26},"end":{"line":380,"column":35}},"131":{"start":{"line":381,"column":6},"end":{"line":388,"column":9}},"132":{"start":{"line":382,"column":8},"end":{"line":387,"column":9}},"133":{"start":{"line":383,"column":22},"end":{"line":385,"column":47}},"134":{"start":{"line":384,"column":23},"end":{"line":384,"column":42}},"135":{"start":{"line":385,"column":26},"end":{"line":385,"column":46}},"136":{"start":{"line":386,"column":10},"end":{"line":386,"column":49}},"137":{"start":{"line":386,"column":28},"end":{"line":386,"column":47}},"138":{"start":{"line":391,"column":21},"end":{"line":394,"column":8}},"139":{"start":{"line":397,"column":23},"end":{"line":397,"column":75}},"140":{"start":{"line":397,"column":51},"end":{"line":397,"column":73}},"141":{"start":{"line":400,"column":31},"end":{"line":422,"column":8}},"142":{"start":{"line":401,"column":22},"end":{"line":401,"column":42}},"143":{"start":{"line":403,"column":8},"end":{"line":405,"column":9}},"144":{"start":{"line":404,"column":10},"end":{"line":404,"column":61}},"145":{"start":{"line":407,"column":28},"end":{"line":413,"column":14}},"146":{"start":{"line":409,"column":25},"end":{"line":409,"column":44}},"147":{"start":{"line":410,"column":28},"end":{"line":410,"column":48}},"148":{"start":{"line":411,"column":25},"end":{"line":411,"column":41}},"149":{"start":{"line":415,"column":8},"end":{"line":421,"column":10}},"150":{"start":{"line":424,"column":6},"end":{"line":435,"column":9}},"151":{"start":{"line":438,"column":6},"end":{"line":438,"column":65}},"152":{"start":{"line":439,"column":6},"end":{"line":442,"column":9}},"153":{"start":{"line":453,"column":4},"end":{"line":472,"column":5}},"154":{"start":{"line":455,"column":6},"end":{"line":457,"column":9}},"155":{"start":{"line":460,"column":6},"end":{"line":468,"column":7}},"156":{"start":{"line":461,"column":32},"end":{"line":465,"column":11}},"157":{"start":{"line":461,"column":53},"end":{"line":465,"column":9}},"158":{"start":{"line":467,"column":8},"end":{"line":467,"column":62}},"159":{"start":{"line":470,"column":6},"end":{"line":470,"column":65}},"160":{"start":{"line":476,"column":0},"end":{"line":476,"column":34}}},"fnMap":{"0":{"name":"(anonymous_0)","decl":{"start":{"line":6,"column":2},"end":{"line":6,"column":3}},"loc":{"start":{"line":6,"column":41},"end":{"line":167,"column":3}},"line":6},"1":{"name":"(anonymous_1)","decl":{"start":{"line":169,"column":2},"end":{"line":169,"column":3}},"loc":{"start":{"line":169,"column":45},"end":{"line":188,"column":3}},"line":169},"2":{"name":"(anonymous_2)","decl":{"start":{"line":190,"column":2},"end":{"line":190,"column":3}},"loc":{"start":{"line":190,"column":50},"end":{"line":356,"column":3}},"line":190},"3":{"name":"(anonymous_3)","decl":{"start":{"line":218,"column":13},"end":{"line":218,"column":14}},"loc":{"start":{"line":218,"column":22},"end":{"line":218,"column":34}},"line":218},"4":{"name":"(anonymous_4)","decl":{"start":{"line":219,"column":16},"end":{"line":219,"column":17}},"loc":{"start":{"line":219,"column":25},"end":{"line":219,"column":41}},"line":219},"5":{"name":"(anonymous_5)","decl":{"start":{"line":250,"column":40},"end":{"line":250,"column":41}},"loc":{"start":{"line":250,"column":50},"end":{"line":254,"column":7}},"line":250},"6":{"name":"(anonymous_6)","decl":{"start":{"line":281,"column":13},"end":{"line":281,"column":14}},"loc":{"start":{"line":281,"column":19},"end":{"line":281,"column":67}},"line":281},"7":{"name":"(anonymous_7)","decl":{"start":{"line":281,"column":42},"end":{"line":281,"column":43}},"loc":{"start":{"line":281,"column":51},"end":{"line":281,"column":66}},"line":281},"8":{"name":"(anonymous_8)","decl":{"start":{"line":293,"column":36},"end":{"line":293,"column":37}},"loc":{"start":{"line":293,"column":45},"end":{"line":300,"column":7}},"line":293},"9":{"name":"(anonymous_9)","decl":{"start":{"line":296,"column":17},"end":{"line":296,"column":18}},"loc":{"start":{"line":296,"column":23},"end":{"line":296,"column":42}},"line":296},"10":{"name":"(anonymous_10)","decl":{"start":{"line":297,"column":20},"end":{"line":297,"column":21}},"loc":{"start":{"line":297,"column":26},"end":{"line":297,"column":46}},"line":297},"11":{"name":"(anonymous_11)","decl":{"start":{"line":298,"column":22},"end":{"line":298,"column":23}},"loc":{"start":{"line":298,"column":28},"end":{"line":298,"column":47}},"line":298},"12":{"name":"(anonymous_12)","decl":{"start":{"line":309,"column":42},"end":{"line":309,"column":43}},"loc":{"start":{"line":309,"column":51},"end":{"line":309,"column":73}},"line":309},"13":{"name":"(anonymous_13)","decl":{"start":{"line":312,"column":65},"end":{"line":312,"column":66}},"loc":{"start":{"line":312,"column":74},"end":{"line":325,"column":7}},"line":312},"14":{"name":"(anonymous_14)","decl":{"start":{"line":315,"column":19},"end":{"line":315,"column":20}},"loc":{"start":{"line":315,"column":25},"end":{"line":315,"column":44}},"line":315},"15":{"name":"(anonymous_15)","decl":{"start":{"line":316,"column":22},"end":{"line":316,"column":23}},"loc":{"start":{"line":316,"column":28},"end":{"line":316,"column":48}},"line":316},"16":{"name":"(anonymous_16)","decl":{"start":{"line":317,"column":19},"end":{"line":317,"column":20}},"loc":{"start":{"line":317,"column":25},"end":{"line":317,"column":41}},"line":317},"17":{"name":"(anonymous_17)","decl":{"start":{"line":361,"column":2},"end":{"line":361,"column":3}},"loc":{"start":{"line":361,"column":56},"end":{"line":444,"column":3}},"line":361},"18":{"name":"(anonymous_18)","decl":{"start":{"line":381,"column":19},"end":{"line":381,"column":20}},"loc":{"start":{"line":381,"column":37},"end":{"line":388,"column":7}},"line":381},"19":{"name":"(anonymous_19)","decl":{"start":{"line":384,"column":17},"end":{"line":384,"column":18}},"loc":{"start":{"line":384,"column":23},"end":{"line":384,"column":42}},"line":384},"20":{"name":"(anonymous_20)","decl":{"start":{"line":385,"column":20},"end":{"line":385,"column":21}},"loc":{"start":{"line":385,"column":26},"end":{"line":385,"column":46}},"line":385},"21":{"name":"(anonymous_21)","decl":{"start":{"line":386,"column":22},"end":{"line":386,"column":23}},"loc":{"start":{"line":386,"column":28},"end":{"line":386,"column":47}},"line":386},"22":{"name":"(anonymous_22)","decl":{"start":{"line":397,"column":42},"end":{"line":397,"column":43}},"loc":{"start":{"line":397,"column":51},"end":{"line":397,"column":73}},"line":397},"23":{"name":"(anonymous_23)","decl":{"start":{"line":400,"column":40},"end":{"line":400,"column":41}},"loc":{"start":{"line":400,"column":58},"end":{"line":422,"column":7}},"line":400},"24":{"name":"(anonymous_24)","decl":{"start":{"line":409,"column":19},"end":{"line":409,"column":20}},"loc":{"start":{"line":409,"column":25},"end":{"line":409,"column":44}},"line":409},"25":{"name":"(anonymous_25)","decl":{"start":{"line":410,"column":22},"end":{"line":410,"column":23}},"loc":{"start":{"line":410,"column":28},"end":{"line":410,"column":48}},"line":410},"26":{"name":"(anonymous_26)","decl":{"start":{"line":411,"column":19},"end":{"line":411,"column":20}},"loc":{"start":{"line":411,"column":25},"end":{"line":411,"column":41}},"line":411},"27":{"name":"(anonymous_27)","decl":{"start":{"line":452,"column":2},"end":{"line":452,"column":3}},"loc":{"start":{"line":452,"column":70},"end":{"line":473,"column":3}},"line":452},"28":{"name":"(anonymous_28)","decl":{"start":{"line":461,"column":43},"end":{"line":461,"column":44}},"loc":{"start":{"line":461,"column":53},"end":{"line":465,"column":9}},"line":461}},"branchMap":{"0":{"loc":{"start":{"line":16,"column":6},"end":{"line":33,"column":7}},"type":"if","locations":[{"start":{"line":16,"column":6},"end":{"line":33,"column":7}},{"start":{"line":21,"column":13},"end":{"line":33,"column":7}}],"line":16},"1":{"loc":{"start":{"line":18,"column":8},"end":{"line":20,"column":9}},"type":"if","locations":[{"start":{"line":18,"column":8},"end":{"line":20,"column":9}},{"start":{},"end":{}}],"line":18},"2":{"loc":{"start":{"line":18,"column":12},"end":{"line":18,"column":72}},"type":"binary-expr","locations":[{"start":{"line":18,"column":12},"end":{"line":18,"column":31}},{"start":{"line":18,"column":35},"end":{"line":18,"column":50}},{"start":{"line":18,"column":54},"end":{"line":18,"column":72}}],"line":18},"3":{"loc":{"start":{"line":21,"column":13},"end":{"line":33,"column":7}},"type":"if","locations":[{"start":{"line":21,"column":13},"end":{"line":33,"column":7}},{"start":{"line":27,"column":13},"end":{"line":33,"column":7}}],"line":21},"4":{"loc":{"start":{"line":24,"column":8},"end":{"line":26,"column":9}},"type":"if","locations":[{"start":{"line":24,"column":8},"end":{"line":26,"column":9}},{"start":{},"end":{}}],"line":24},"5":{"loc":{"start":{"line":24,"column":12},"end":{"line":24,"column":69}},"type":"binary-expr","locations":[{"start":{"line":24,"column":12},"end":{"line":24,"column":30}},{"start":{"line":24,"column":34},"end":{"line":24,"column":48}},{"start":{"line":24,"column":52},"end":{"line":24,"column":69}}],"line":24},"6":{"loc":{"start":{"line":27,"column":13},"end":{"line":33,"column":7}},"type":"if","locations":[{"start":{"line":27,"column":13},"end":{"line":33,"column":7}},{"start":{},"end":{}}],"line":27},"7":{"loc":{"start":{"line":27,"column":17},"end":{"line":27,"column":62}},"type":"binary-expr","locations":[{"start":{"line":27,"column":17},"end":{"line":27,"column":21}},{"start":{"line":27,"column":25},"end":{"line":27,"column":49}},{"start":{"line":27,"column":53},"end":{"line":27,"column":62}}],"line":27},"8":{"loc":{"start":{"line":30,"column":8},"end":{"line":32,"column":9}},"type":"if","locations":[{"start":{"line":30,"column":8},"end":{"line":32,"column":9}},{"start":{},"end":{}}],"line":30},"9":{"loc":{"start":{"line":30,"column":12},"end":{"line":30,"column":69}},"type":"binary-expr","locations":[{"start":{"line":30,"column":12},"end":{"line":30,"column":30}},{"start":{"line":30,"column":34},"end":{"line":30,"column":48}},{"start":{"line":30,"column":52},"end":{"line":30,"column":69}}],"line":30},"10":{"loc":{"start":{"line":36,"column":6},"end":{"line":59,"column":7}},"type":"if","locations":[{"start":{"line":36,"column":6},"end":{"line":59,"column":7}},{"start":{"line":41,"column":13},"end":{"line":59,"column":7}}],"line":36},"11":{"loc":{"start":{"line":36,"column":10},"end":{"line":36,"column":42}},"type":"binary-expr","locations":[{"start":{"line":36,"column":10},"end":{"line":36,"column":14}},{"start":{"line":36,"column":18},"end":{"line":36,"column":42}}],"line":36},"12":{"loc":{"start":{"line":38,"column":8},"end":{"line":40,"column":9}},"type":"if","locations":[{"start":{"line":38,"column":8},"end":{"line":40,"column":9}},{"start":{},"end":{}}],"line":38},"13":{"loc":{"start":{"line":41,"column":13},"end":{"line":59,"column":7}},"type":"if","locations":[{"start":{"line":41,"column":13},"end":{"line":59,"column":7}},{"start":{"line":47,"column":13},"end":{"line":59,"column":7}}],"line":41},"14":{"loc":{"start":{"line":41,"column":17},"end":{"line":41,"column":49}},"type":"binary-expr","locations":[{"start":{"line":41,"column":17},"end":{"line":41,"column":21}},{"start":{"line":41,"column":25},"end":{"line":41,"column":49}}],"line":41},"15":{"loc":{"start":{"line":44,"column":8},"end":{"line":46,"column":9}},"type":"if","locations":[{"start":{"line":44,"column":8},"end":{"line":46,"column":9}},{"start":{},"end":{}}],"line":44},"16":{"loc":{"start":{"line":44,"column":12},"end":{"line":44,"column":48}},"type":"binary-expr","locations":[{"start":{"line":44,"column":12},"end":{"line":44,"column":30}},{"start":{"line":44,"column":34},"end":{"line":44,"column":48}}],"line":44},"17":{"loc":{"start":{"line":47,"column":13},"end":{"line":59,"column":7}},"type":"if","locations":[{"start":{"line":47,"column":13},"end":{"line":59,"column":7}},{"start":{"line":53,"column":13},"end":{"line":59,"column":7}}],"line":47},"18":{"loc":{"start":{"line":50,"column":8},"end":{"line":52,"column":9}},"type":"if","locations":[{"start":{"line":50,"column":8},"end":{"line":52,"column":9}},{"start":{},"end":{}}],"line":50},"19":{"loc":{"start":{"line":50,"column":12},"end":{"line":50,"column":54}},"type":"binary-expr","locations":[{"start":{"line":50,"column":12},"end":{"line":50,"column":33}},{"start":{"line":50,"column":37},"end":{"line":50,"column":54}}],"line":50},"20":{"loc":{"start":{"line":53,"column":13},"end":{"line":59,"column":7}},"type":"if","locations":[{"start":{"line":53,"column":13},"end":{"line":59,"column":7}},{"start":{},"end":{}}],"line":53},"21":{"loc":{"start":{"line":53,"column":17},"end":{"line":53,"column":64}},"type":"binary-expr","locations":[{"start":{"line":53,"column":17},"end":{"line":53,"column":21}},{"start":{"line":53,"column":25},"end":{"line":53,"column":49}},{"start":{"line":53,"column":53},"end":{"line":53,"column":64}}],"line":53},"22":{"loc":{"start":{"line":56,"column":8},"end":{"line":58,"column":9}},"type":"if","locations":[{"start":{"line":56,"column":8},"end":{"line":58,"column":9}},{"start":{},"end":{}}],"line":56},"23":{"loc":{"start":{"line":56,"column":12},"end":{"line":56,"column":48}},"type":"binary-expr","locations":[{"start":{"line":56,"column":12},"end":{"line":56,"column":30}},{"start":{"line":56,"column":34},"end":{"line":56,"column":48}}],"line":56},"24":{"loc":{"start":{"line":65,"column":26},"end":{"line":65,"column":41}},"type":"binary-expr","locations":[{"start":{"line":65,"column":26},"end":{"line":65,"column":32}},{"start":{"line":65,"column":36},"end":{"line":65,"column":41}}],"line":65},"25":{"loc":{"start":{"line":66,"column":6},"end":{"line":70,"column":7}},"type":"if","locations":[{"start":{"line":66,"column":6},"end":{"line":70,"column":7}},{"start":{},"end":{}}],"line":66},"26":{"loc":{"start":{"line":66,"column":10},"end":{"line":66,"column":78}},"type":"binary-expr","locations":[{"start":{"line":66,"column":10},"end":{"line":66,"column":21}},{"start":{"line":66,"column":25},"end":{"line":66,"column":56}},{"start":{"line":66,"column":60},"end":{"line":66,"column":78}}],"line":66},"27":{"loc":{"start":{"line":73,"column":26},"end":{"line":73,"column":41}},"type":"binary-expr","locations":[{"start":{"line":73,"column":26},"end":{"line":73,"column":32}},{"start":{"line":73,"column":36},"end":{"line":73,"column":41}}],"line":73},"28":{"loc":{"start":{"line":74,"column":6},"end":{"line":89,"column":7}},"type":"if","locations":[{"start":{"line":74,"column":6},"end":{"line":89,"column":7}},{"start":{},"end":{}}],"line":74},"29":{"loc":{"start":{"line":74,"column":10},"end":{"line":74,"column":78}},"type":"binary-expr","locations":[{"start":{"line":74,"column":10},"end":{"line":74,"column":21}},{"start":{"line":74,"column":25},"end":{"line":74,"column":56}},{"start":{"line":74,"column":60},"end":{"line":74,"column":78}}],"line":74},"30":{"loc":{"start":{"line":77,"column":8},"end":{"line":88,"column":9}},"type":"if","locations":[{"start":{"line":77,"column":8},"end":{"line":88,"column":9}},{"start":{"line":82,"column":15},"end":{"line":88,"column":9}}],"line":77},"31":{"loc":{"start":{"line":103,"column":6},"end":{"line":132,"column":7}},"type":"if","locations":[{"start":{"line":103,"column":6},"end":{"line":132,"column":7}},{"start":{"line":129,"column":13},"end":{"line":132,"column":7}}],"line":103},"32":{"loc":{"start":{"line":103,"column":10},"end":{"line":103,"column":42}},"type":"binary-expr","locations":[{"start":{"line":103,"column":10},"end":{"line":103,"column":14}},{"start":{"line":103,"column":18},"end":{"line":103,"column":42}}],"line":103},"33":{"loc":{"start":{"line":109,"column":8},"end":{"line":112,"column":9}},"type":"if","locations":[{"start":{"line":109,"column":8},"end":{"line":112,"column":9}},{"start":{},"end":{}}],"line":109},"34":{"loc":{"start":{"line":115,"column":8},"end":{"line":119,"column":9}},"type":"if","locations":[{"start":{"line":115,"column":8},"end":{"line":119,"column":9}},{"start":{},"end":{}}],"line":115},"35":{"loc":{"start":{"line":118,"column":21},"end":{"line":118,"column":75}},"type":"cond-expr","locations":[{"start":{"line":118,"column":61},"end":{"line":118,"column":67}},{"start":{"line":118,"column":70},"end":{"line":118,"column":75}}],"line":118},"36":{"loc":{"start":{"line":123,"column":8},"end":{"line":128,"column":9}},"type":"if","locations":[{"start":{"line":123,"column":8},"end":{"line":128,"column":9}},{"start":{"line":125,"column":15},"end":{"line":128,"column":9}}],"line":123},"37":{"loc":{"start":{"line":152,"column":20},"end":{"line":152,"column":39}},"type":"binary-expr","locations":[{"start":{"line":152,"column":20},"end":{"line":152,"column":31}},{"start":{"line":152,"column":35},"end":{"line":152,"column":39}}],"line":152},"38":{"loc":{"start":{"line":153,"column":19},"end":{"line":153,"column":38}},"type":"binary-expr","locations":[{"start":{"line":153,"column":19},"end":{"line":153,"column":30}},{"start":{"line":153,"column":34},"end":{"line":153,"column":38}}],"line":153},"39":{"loc":{"start":{"line":154,"column":18},"end":{"line":154,"column":30}},"type":"binary-expr","locations":[{"start":{"line":154,"column":18},"end":{"line":154,"column":22}},{"start":{"line":154,"column":26},"end":{"line":154,"column":30}}],"line":154},"40":{"loc":{"start":{"line":175,"column":6},"end":{"line":177,"column":7}},"type":"if","locations":[{"start":{"line":175,"column":6},"end":{"line":177,"column":7}},{"start":{},"end":{}}],"line":175},"41":{"loc":{"start":{"line":199,"column":6},"end":{"line":201,"column":7}},"type":"if","locations":[{"start":{"line":199,"column":6},"end":{"line":201,"column":7}},{"start":{},"end":{}}],"line":199},"42":{"loc":{"start":{"line":204,"column":6},"end":{"line":213,"column":7}},"type":"if","locations":[{"start":{"line":204,"column":6},"end":{"line":213,"column":7}},{"start":{},"end":{}}],"line":204},"43":{"loc":{"start":{"line":204,"column":10},"end":{"line":204,"column":69}},"type":"binary-expr","locations":[{"start":{"line":204,"column":10},"end":{"line":204,"column":31}},{"start":{"line":204,"column":35},"end":{"line":204,"column":69}}],"line":204},"44":{"loc":{"start":{"line":221,"column":6},"end":{"line":230,"column":7}},"type":"if","locations":[{"start":{"line":221,"column":6},"end":{"line":230,"column":7}},{"start":{},"end":{}}],"line":221},"45":{"loc":{"start":{"line":238,"column":6},"end":{"line":247,"column":7}},"type":"if","locations":[{"start":{"line":238,"column":6},"end":{"line":247,"column":7}},{"start":{},"end":{}}],"line":238},"46":{"loc":{"start":{"line":253,"column":18},"end":{"line":253,"column":38}},"type":"binary-expr","locations":[{"start":{"line":253,"column":18},"end":{"line":253,"column":32}},{"start":{"line":253,"column":36},"end":{"line":253,"column":38}}],"line":253},"47":{"loc":{"start":{"line":262,"column":6},"end":{"line":271,"column":7}},"type":"if","locations":[{"start":{"line":262,"column":6},"end":{"line":271,"column":7}},{"start":{},"end":{}}],"line":262},"48":{"loc":{"start":{"line":262,"column":10},"end":{"line":262,"column":66}},"type":"binary-expr","locations":[{"start":{"line":262,"column":10},"end":{"line":262,"column":30}},{"start":{"line":262,"column":34},"end":{"line":262,"column":66}}],"line":262},"49":{"loc":{"start":{"line":294,"column":8},"end":{"line":299,"column":9}},"type":"if","locations":[{"start":{"line":294,"column":8},"end":{"line":299,"column":9}},{"start":{},"end":{}}],"line":294},"50":{"loc":{"start":{"line":297,"column":26},"end":{"line":297,"column":46}},"type":"binary-expr","locations":[{"start":{"line":297,"column":26},"end":{"line":297,"column":36}},{"start":{"line":297,"column":40},"end":{"line":297,"column":46}}],"line":297},"51":{"loc":{"start":{"line":313,"column":28},"end":{"line":319,"column":14}},"type":"cond-expr","locations":[{"start":{"line":314,"column":12},"end":{"line":318,"column":30}},{"start":{"line":319,"column":12},"end":{"line":319,"column":14}}],"line":313},"52":{"loc":{"start":{"line":316,"column":28},"end":{"line":316,"column":48}},"type":"binary-expr","locations":[{"start":{"line":316,"column":28},"end":{"line":316,"column":38}},{"start":{"line":316,"column":42},"end":{"line":316,"column":48}}],"line":316},"53":{"loc":{"start":{"line":342,"column":6},"end":{"line":354,"column":7}},"type":"if","locations":[{"start":{"line":342,"column":6},"end":{"line":354,"column":7}},{"start":{"line":344,"column":13},"end":{"line":354,"column":7}}],"line":342},"54":{"loc":{"start":{"line":344,"column":13},"end":{"line":354,"column":7}},"type":"if","locations":[{"start":{"line":344,"column":13},"end":{"line":354,"column":7}},{"start":{"line":349,"column":13},"end":{"line":354,"column":7}}],"line":344},"55":{"loc":{"start":{"line":344,"column":17},"end":{"line":344,"column":74}},"type":"binary-expr","locations":[{"start":{"line":344,"column":17},"end":{"line":344,"column":30}},{"start":{"line":344,"column":34},"end":{"line":344,"column":74}}],"line":344},"56":{"loc":{"start":{"line":364,"column":20},"end":{"line":364,"column":51}},"type":"binary-expr","locations":[{"start":{"line":364,"column":20},"end":{"line":364,"column":45}},{"start":{"line":364,"column":49},"end":{"line":364,"column":51}}],"line":364},"57":{"loc":{"start":{"line":365,"column":19},"end":{"line":365,"column":48}},"type":"binary-expr","locations":[{"start":{"line":365,"column":19},"end":{"line":365,"column":43}},{"start":{"line":365,"column":47},"end":{"line":365,"column":48}}],"line":365},"58":{"loc":{"start":{"line":382,"column":8},"end":{"line":387,"column":9}},"type":"if","locations":[{"start":{"line":382,"column":8},"end":{"line":387,"column":9}},{"start":{},"end":{}}],"line":382},"59":{"loc":{"start":{"line":385,"column":26},"end":{"line":385,"column":46}},"type":"binary-expr","locations":[{"start":{"line":385,"column":26},"end":{"line":385,"column":36}},{"start":{"line":385,"column":40},"end":{"line":385,"column":46}}],"line":385},"60":{"loc":{"start":{"line":403,"column":8},"end":{"line":405,"column":9}},"type":"if","locations":[{"start":{"line":403,"column":8},"end":{"line":405,"column":9}},{"start":{},"end":{}}],"line":403},"61":{"loc":{"start":{"line":407,"column":28},"end":{"line":413,"column":14}},"type":"cond-expr","locations":[{"start":{"line":408,"column":12},"end":{"line":412,"column":30}},{"start":{"line":413,"column":12},"end":{"line":413,"column":14}}],"line":407},"62":{"loc":{"start":{"line":410,"column":28},"end":{"line":410,"column":48}},"type":"binary-expr","locations":[{"start":{"line":410,"column":28},"end":{"line":410,"column":38}},{"start":{"line":410,"column":42},"end":{"line":410,"column":48}}],"line":410},"63":{"loc":{"start":{"line":460,"column":6},"end":{"line":468,"column":7}},"type":"if","locations":[{"start":{"line":460,"column":6},"end":{"line":468,"column":7}},{"start":{},"end":{}}],"line":460},"64":{"loc":{"start":{"line":460,"column":10},"end":{"line":460,"column":37}},"type":"binary-expr","locations":[{"start":{"line":460,"column":10},"end":{"line":460,"column":16}},{"start":{"line":460,"column":20},"end":{"line":460,"column":37}}],"line":460}},"s":{"0":5,"1":5,"2":5,"3":6,"4":6,"5":6,"6":6,"7":6,"8":6,"9":0,"10":0,"11":0,"12":6,"13":0,"14":0,"15":0,"16":6,"17":1,"18":1,"19":1,"20":6,"21":0,"22":0,"23":6,"24":0,"25":0,"26":0,"27":6,"28":0,"29":0,"30":0,"31":6,"32":1,"33":1,"34":1,"35":6,"36":6,"37":6,"38":1,"39":6,"40":6,"41":1,"42":1,"43":1,"44":0,"45":6,"46":6,"47":6,"48":2,"49":2,"50":2,"51":2,"52":1,"53":1,"54":2,"55":0,"56":0,"57":0,"58":2,"59":2,"60":2,"61":0,"62":4,"63":6,"64":6,"65":6,"66":0,"67":0,"68":4,"69":4,"70":4,"71":4,"72":2,"73":2,"74":2,"75":2,"76":2,"77":2,"78":2,"79":0,"80":2,"81":1,"82":1,"83":2,"84":2,"85":1,"86":0,"87":1,"88":1,"89":0,"90":1,"91":2,"92":1,"93":1,"94":0,"95":1,"96":1,"97":6,"98":6,"99":1,"100":1,"101":1,"102":6,"103":6,"104":12,"105":12,"106":6,"107":12,"108":1,"109":1,"110":0,"111":1,"112":6,"113":12,"114":12,"115":12,"116":6,"117":1,"118":0,"119":0,"120":0,"121":0,"122":0,"123":0,"124":2,"125":2,"126":2,"127":2,"128":2,"129":2,"130":2,"131":2,"132":11,"133":11,"134":22,"135":22,"136":11,"137":22,"138":2,"139":2,"140":0,"141":2,"142":11,"143":11,"144":0,"145":11,"146":22,"147":22,"148":22,"149":11,"150":2,"151":0,"152":0,"153":1,"154":1,"155":1,"156":1,"157":6,"158":1,"159":0,"160":5},"f":{"0":6,"1":4,"2":2,"3":2,"4":2,"5":2,"6":6,"7":6,"8":6,"9":12,"10":12,"11":12,"12":0,"13":6,"14":12,"15":12,"16":12,"17":2,"18":11,"19":22,"20":22,"21":22,"22":0,"23":11,"24":22,"25":22,"26":22,"27":1,"28":6},"b":{"0":[0,6],"1":[0,0],"2":[0,0,0],"3":[0,6],"4":[0,0],"5":[0,0,0],"6":[1,5],"7":[6,1,1],"8":[1,0],"9":[1,1,1],"10":[0,6],"11":[6,1],"12":[0,0],"13":[0,6],"14":[6,1],"15":[0,0],"16":[0,0],"17":[0,6],"18":[0,0],"19":[0,0],"20":[1,5],"21":[6,1,1],"22":[1,0],"23":[1,1],"24":[6,5],"25":[1,5],"26":[6,1,1],"27":[6,5],"28":[1,5],"29":[6,1,1],"30":[1,0],"31":[2,4],"32":[6,2],"33":[1,1],"34":[0,2],"35":[0,0],"36":[2,0],"37":[6,5],"38":[6,5],"39":[6,4],"40":[2,2],"41":[0,2],"42":[1,1],"43":[2,1],"44":[0,1],"45":[0,1],"46":[2,0],"47":[0,1],"48":[1,1],"49":[6,0],"50":[12,12],"51":[6,0],"52":[12,12],"53":[0,0],"54":[0,0],"55":[0,0],"56":[2,1],"57":[2,1],"58":[11,0],"59":[22,22],"60":[0,11],"61":[11,0],"62":[22,22],"63":[1,0],"64":[1,1]},"_coverageSchema":"1a1c01bbd47fc00a2c39e90264f33305004495a9","hash":"1da1b9bc0643dd7162a8b7f020021020a324991f"}
,"C:\\Users\\neubr\\Documents\\hacktiv8\\phase2\\IndividualProject\\movies-app\\be-movies-app\\controllers\\authController.js": {"path":"C:\\Users\\neubr\\Documents\\hacktiv8\\phase2\\IndividualProject\\movies-app\\be-movies-app\\controllers\\authController.js","statementMap":{"0":{"start":{"line":1,"column":17},"end":{"line":1,"column":43}},"1":{"start":{"line":2,"column":42},"end":{"line":2,"column":70}},"2":{"start":{"line":3,"column":22},"end":{"line":3,"column":47}},"3":{"start":{"line":4,"column":25},"end":{"line":4,"column":55}},"4":{"start":{"line":5,"column":15},"end":{"line":5,"column":32}},"5":{"start":{"line":9,"column":4},"end":{"line":31,"column":5}},"6":{"start":{"line":10,"column":61},"end":{"line":10,"column":69}},"7":{"start":{"line":12,"column":17},"end":{"line":17,"column":8}},"8":{"start":{"line":19,"column":6},"end":{"line":19,"column":27}},"9":{"start":{"line":20,"column":6},"end":{"line":20,"column":27}},"10":{"start":{"line":21,"column":6},"end":{"line":21,"column":28}},"11":{"start":{"line":22,"column":6},"end":{"line":22,"column":28}},"12":{"start":{"line":23,"column":6},"end":{"line":23,"column":21}},"13":{"start":{"line":25,"column":6},"end":{"line":28,"column":9}},"14":{"start":{"line":30,"column":6},"end":{"line":30,"column":18}},"15":{"start":{"line":35,"column":4},"end":{"line":70,"column":5}},"16":{"start":{"line":36,"column":34},"end":{"line":36,"column":42}},"17":{"start":{"line":38,"column":6},"end":{"line":40,"column":7}},"18":{"start":{"line":39,"column":8},"end":{"line":39,"column":67}},"19":{"start":{"line":41,"column":6},"end":{"line":43,"column":7}},"20":{"start":{"line":42,"column":8},"end":{"line":42,"column":70}},"21":{"start":{"line":45,"column":19},"end":{"line":47,"column":8}},"22":{"start":{"line":49,"column":6},"end":{"line":51,"column":7}},"23":{"start":{"line":50,"column":8},"end":{"line":50,"column":74}},"24":{"start":{"line":53,"column":30},"end":{"line":53,"column":70}},"25":{"start":{"line":55,"column":6},"end":{"line":57,"column":7}},"26":{"start":{"line":56,"column":8},"end":{"line":56,"column":74}},"27":{"start":{"line":59,"column":27},"end":{"line":59,"column":53}},"28":{"start":{"line":61,"column":24},"end":{"line":61,"column":37}},"29":{"start":{"line":62,"column":6},"end":{"line":62,"column":32}},"30":{"start":{"line":63,"column":6},"end":{"line":63,"column":33}},"31":{"start":{"line":64,"column":6},"end":{"line":64,"column":33}},"32":{"start":{"line":65,"column":6},"end":{"line":65,"column":26}},"33":{"start":{"line":67,"column":6},"end":{"line":67,"column":62}},"34":{"start":{"line":69,"column":6},"end":{"line":69,"column":18}},"35":{"start":{"line":74,"column":4},"end":{"line":139,"column":5}},"36":{"start":{"line":75,"column":27},"end":{"line":75,"column":35}},"37":{"start":{"line":77,"column":6},"end":{"line":79,"column":7}},"38":{"start":{"line":78,"column":8},"end":{"line":78,"column":77}},"39":{"start":{"line":81,"column":21},"end":{"line":81,"column":67}},"40":{"start":{"line":84,"column":21},"end":{"line":87,"column":8}},"41":{"start":{"line":89,"column":22},"end":{"line":89,"column":41}},"42":{"start":{"line":92,"column":17},"end":{"line":94,"column":8}},"43":{"start":{"line":96,"column":6},"end":{"line":116,"column":7}},"44":{"start":{"line":98,"column":31},"end":{"line":98,"column":69}},"45":{"start":{"line":101,"column":23},"end":{"line":101,"column":50}},"46":{"start":{"line":102,"column":29},"end":{"line":102,"column":72}},"47":{"start":{"line":103,"column":8},"end":{"line":105,"column":9}},"48":{"start":{"line":104,"column":10},"end":{"line":104,"column":71}},"49":{"start":{"line":108,"column":8},"end":{"line":115,"column":11}},"50":{"start":{"line":119,"column":27},"end":{"line":119,"column":53}},"51":{"start":{"line":122,"column":24},"end":{"line":122,"column":37}},"52":{"start":{"line":123,"column":6},"end":{"line":123,"column":32}},"53":{"start":{"line":124,"column":6},"end":{"line":124,"column":33}},"54":{"start":{"line":125,"column":6},"end":{"line":125,"column":33}},"55":{"start":{"line":126,"column":6},"end":{"line":126,"column":26}},"56":{"start":{"line":128,"column":6},"end":{"line":132,"column":9}},"57":{"start":{"line":135,"column":6},"end":{"line":137,"column":7}},"58":{"start":{"line":136,"column":8},"end":{"line":136,"column":83}},"59":{"start":{"line":138,"column":6},"end":{"line":138,"column":18}},"60":{"start":{"line":143,"column":0},"end":{"line":143,"column":32}}},"fnMap":{"0":{"name":"(anonymous_0)","decl":{"start":{"line":8,"column":2},"end":{"line":8,"column":3}},"loc":{"start":{"line":8,"column":40},"end":{"line":32,"column":3}},"line":8},"1":{"name":"(anonymous_1)","decl":{"start":{"line":34,"column":2},"end":{"line":34,"column":3}},"loc":{"start":{"line":34,"column":37},"end":{"line":71,"column":3}},"line":34},"2":{"name":"(anonymous_2)","decl":{"start":{"line":73,"column":2},"end":{"line":73,"column":3}},"loc":{"start":{"line":73,"column":43},"end":{"line":140,"column":3}},"line":73}},"branchMap":{"0":{"loc":{"start":{"line":38,"column":6},"end":{"line":40,"column":7}},"type":"if","locations":[{"start":{"line":38,"column":6},"end":{"line":40,"column":7}},{"start":{},"end":{}}],"line":38},"1":{"loc":{"start":{"line":41,"column":6},"end":{"line":43,"column":7}},"type":"if","locations":[{"start":{"line":41,"column":6},"end":{"line":43,"column":7}},{"start":{},"end":{}}],"line":41},"2":{"loc":{"start":{"line":49,"column":6},"end":{"line":51,"column":7}},"type":"if","locations":[{"start":{"line":49,"column":6},"end":{"line":51,"column":7}},{"start":{},"end":{}}],"line":49},"3":{"loc":{"start":{"line":55,"column":6},"end":{"line":57,"column":7}},"type":"if","locations":[{"start":{"line":55,"column":6},"end":{"line":57,"column":7}},{"start":{},"end":{}}],"line":55},"4":{"loc":{"start":{"line":77,"column":6},"end":{"line":79,"column":7}},"type":"if","locations":[{"start":{"line":77,"column":6},"end":{"line":79,"column":7}},{"start":{},"end":{}}],"line":77},"5":{"loc":{"start":{"line":96,"column":6},"end":{"line":116,"column":7}},"type":"if","locations":[{"start":{"line":96,"column":6},"end":{"line":116,"column":7}},{"start":{},"end":{}}],"line":96},"6":{"loc":{"start":{"line":103,"column":8},"end":{"line":105,"column":9}},"type":"if","locations":[{"start":{"line":103,"column":8},"end":{"line":105,"column":9}},{"start":{},"end":{}}],"line":103},"7":{"loc":{"start":{"line":135,"column":6},"end":{"line":137,"column":7}},"type":"if","locations":[{"start":{"line":135,"column":6},"end":{"line":137,"column":7}},{"start":{},"end":{}}],"line":135},"8":{"loc":{"start":{"line":135,"column":10},"end":{"line":135,"column":81}},"type":"binary-expr","locations":[{"start":{"line":135,"column":10},"end":{"line":135,"column":32}},{"start":{"line":135,"column":36},"end":{"line":135,"column":81}}],"line":135}},"s":{"0":5,"1":5,"2":5,"3":5,"4":5,"5":13,"6":13,"7":13,"8":2,"9":2,"10":2,"11":2,"12":2,"13":2,"14":11,"15":12,"16":12,"17":12,"18":3,"19":9,"20":3,"21":6,"22":6,"23":2,"24":4,"25":4,"26":2,"27":2,"28":2,"29":2,"30":2,"31":2,"32":2,"33":2,"34":10,"35":7,"36":7,"37":7,"38":1,"39":6,"40":6,"41":3,"42":3,"43":3,"44":2,"45":2,"46":2,"47":2,"48":1,"49":2,"50":3,"51":3,"52":3,"53":3,"54":3,"55":3,"56":3,"57":4,"58":1,"59":4,"60":5},"f":{"0":13,"1":12,"2":7},"b":{"0":[3,9],"1":[3,6],"2":[2,4],"3":[2,2],"4":[1,6],"5":[2,1],"6":[1,1],"7":[1,3],"8":[4,3]},"_coverageSchema":"1a1c01bbd47fc00a2c39e90264f33305004495a9","hash":"c963fbb4c4f1525b5d4ab217ccd4c428c600e580"}
,"C:\\Users\\neubr\\Documents\\hacktiv8\\phase2\\IndividualProject\\movies-app\\be-movies-app\\controllers\\pubController.js": {"path":"C:\\Users\\neubr\\Documents\\hacktiv8\\phase2\\IndividualProject\\movies-app\\be-movies-app\\controllers\\pubController.js","statementMap":{"0":{"start":{"line":1,"column":14},"end":{"line":1,"column":30}},"1":{"start":{"line":4,"column":20},"end":{"line":4,"column":50}},"2":{"start":{"line":5,"column":19},"end":{"line":8,"column":3}},"3":{"start":{"line":11,"column":4},"end":{"line":28,"column":6}},"4":{"start":{"line":32,"column":4},"end":{"line":143,"column":5}},"5":{"start":{"line":33,"column":6},"end":{"line":33,"column":46}},"6":{"start":{"line":34,"column":45},"end":{"line":34,"column":54}},"7":{"start":{"line":37,"column":18},"end":{"line":37,"column":20}},"8":{"start":{"line":38,"column":23},"end":{"line":38,"column":24}},"9":{"start":{"line":41,"column":6},"end":{"line":47,"column":7}},"10":{"start":{"line":42,"column":26},"end":{"line":42,"column":63}},"11":{"start":{"line":43,"column":27},"end":{"line":43,"column":44}},"12":{"start":{"line":44,"column":8},"end":{"line":46,"column":9}},"13":{"start":{"line":45,"column":10},"end":{"line":45,"column":29}},"14":{"start":{"line":49,"column":6},"end":{"line":55,"column":7}},"15":{"start":{"line":50,"column":28},"end":{"line":50,"column":69}},"16":{"start":{"line":51,"column":27},"end":{"line":51,"column":46}},"17":{"start":{"line":52,"column":8},"end":{"line":54,"column":9}},"18":{"start":{"line":53,"column":10},"end":{"line":53,"column":34}},"19":{"start":{"line":58,"column":34},"end":{"line":58,"column":44}},"20":{"start":{"line":61,"column":21},"end":{"line":65,"column":7}},"21":{"start":{"line":68,"column":6},"end":{"line":76,"column":7}},"22":{"start":{"line":69,"column":8},"end":{"line":69,"column":55}},"23":{"start":{"line":70,"column":8},"end":{"line":70,"column":30}},"24":{"start":{"line":71,"column":13},"end":{"line":76,"column":7}},"25":{"start":{"line":72,"column":8},"end":{"line":72,"column":57}},"26":{"start":{"line":73,"column":8},"end":{"line":73,"column":36}},"27":{"start":{"line":75,"column":8},"end":{"line":75,"column":57}},"28":{"start":{"line":79,"column":6},"end":{"line":91,"column":7}},"29":{"start":{"line":80,"column":25},"end":{"line":80,"column":57}},"30":{"start":{"line":81,"column":27},"end":{"line":81,"column":69}},"31":{"start":{"line":83,"column":24},"end":{"line":88,"column":9}},"32":{"start":{"line":90,"column":8},"end":{"line":90,"column":76}},"33":{"start":{"line":93,"column":23},"end":{"line":96,"column":8}},"34":{"start":{"line":99,"column":28},"end":{"line":102,"column":8}},"35":{"start":{"line":104,"column":21},"end":{"line":104,"column":46}},"36":{"start":{"line":105,"column":32},"end":{"line":114,"column":8}},"37":{"start":{"line":106,"column":28},"end":{"line":108,"column":31}},"38":{"start":{"line":107,"column":10},"end":{"line":107,"column":39}},"39":{"start":{"line":107,"column":27},"end":{"line":107,"column":38}},"40":{"start":{"line":110,"column":8},"end":{"line":113,"column":11}},"41":{"start":{"line":117,"column":6},"end":{"line":127,"column":9}},"42":{"start":{"line":129,"column":6},"end":{"line":129,"column":83}},"43":{"start":{"line":131,"column":6},"end":{"line":142,"column":7}},"44":{"start":{"line":132,"column":8},"end":{"line":132,"column":74}},"45":{"start":{"line":133,"column":13},"end":{"line":142,"column":7}},"46":{"start":{"line":134,"column":8},"end":{"line":134,"column":63}},"47":{"start":{"line":135,"column":13},"end":{"line":142,"column":7}},"48":{"start":{"line":137,"column":8},"end":{"line":137,"column":90}},"49":{"start":{"line":140,"column":29},"end":{"line":140,"column":100}},"50":{"start":{"line":141,"column":8},"end":{"line":141,"column":69}},"51":{"start":{"line":147,"column":4},"end":{"line":225,"column":5}},"52":{"start":{"line":148,"column":23},"end":{"line":148,"column":32}},"53":{"start":{"line":151,"column":18},"end":{"line":151,"column":20}},"54":{"start":{"line":152,"column":23},"end":{"line":152,"column":24}},"55":{"start":{"line":155,"column":6},"end":{"line":161,"column":7}},"56":{"start":{"line":156,"column":26},"end":{"line":156,"column":63}},"57":{"start":{"line":157,"column":27},"end":{"line":157,"column":44}},"58":{"start":{"line":158,"column":8},"end":{"line":160,"column":9}},"59":{"start":{"line":159,"column":10},"end":{"line":159,"column":29}},"60":{"start":{"line":163,"column":6},"end":{"line":169,"column":7}},"61":{"start":{"line":164,"column":28},"end":{"line":164,"column":69}},"62":{"start":{"line":165,"column":27},"end":{"line":165,"column":46}},"63":{"start":{"line":166,"column":8},"end":{"line":168,"column":9}},"64":{"start":{"line":167,"column":10},"end":{"line":167,"column":34}},"65":{"start":{"line":172,"column":34},"end":{"line":172,"column":44}},"66":{"start":{"line":175,"column":23},"end":{"line":181,"column":8}},"67":{"start":{"line":184,"column":28},"end":{"line":187,"column":8}},"68":{"start":{"line":189,"column":21},"end":{"line":189,"column":46}},"69":{"start":{"line":190,"column":32},"end":{"line":199,"column":8}},"70":{"start":{"line":191,"column":28},"end":{"line":193,"column":31}},"71":{"start":{"line":192,"column":10},"end":{"line":192,"column":39}},"72":{"start":{"line":192,"column":27},"end":{"line":192,"column":38}},"73":{"start":{"line":195,"column":8},"end":{"line":198,"column":11}},"74":{"start":{"line":201,"column":6},"end":{"line":211,"column":9}},"75":{"start":{"line":213,"column":6},"end":{"line":213,"column":48}},"76":{"start":{"line":214,"column":6},"end":{"line":224,"column":7}},"77":{"start":{"line":215,"column":8},"end":{"line":215,"column":74}},"78":{"start":{"line":216,"column":13},"end":{"line":224,"column":7}},"79":{"start":{"line":218,"column":8},"end":{"line":218,"column":98}},"80":{"start":{"line":219,"column":13},"end":{"line":224,"column":7}},"81":{"start":{"line":221,"column":8},"end":{"line":221,"column":89}},"82":{"start":{"line":223,"column":8},"end":{"line":223,"column":98}},"83":{"start":{"line":229,"column":19},"end":{"line":229,"column":29}},"84":{"start":{"line":231,"column":4},"end":{"line":266,"column":5}},"85":{"start":{"line":233,"column":30},"end":{"line":236,"column":8}},"86":{"start":{"line":239,"column":31},"end":{"line":243,"column":8}},"87":{"start":{"line":245,"column":6},"end":{"line":250,"column":9}},"88":{"start":{"line":252,"column":6},"end":{"line":252,"column":48}},"89":{"start":{"line":253,"column":6},"end":{"line":265,"column":7}},"90":{"start":{"line":254,"column":8},"end":{"line":254,"column":77}},"91":{"start":{"line":255,"column":13},"end":{"line":265,"column":7}},"92":{"start":{"line":256,"column":8},"end":{"line":256,"column":74}},"93":{"start":{"line":257,"column":13},"end":{"line":265,"column":7}},"94":{"start":{"line":259,"column":8},"end":{"line":259,"column":97}},"95":{"start":{"line":260,"column":13},"end":{"line":265,"column":7}},"96":{"start":{"line":262,"column":8},"end":{"line":262,"column":89}},"97":{"start":{"line":264,"column":8},"end":{"line":264,"column":97}},"98":{"start":{"line":270,"column":4},"end":{"line":302,"column":5}},"99":{"start":{"line":271,"column":23},"end":{"line":274,"column":8}},"100":{"start":{"line":276,"column":32},"end":{"line":281,"column":9}},"101":{"start":{"line":276,"column":58},"end":{"line":281,"column":7}},"102":{"start":{"line":283,"column":6},"end":{"line":288,"column":9}},"103":{"start":{"line":290,"column":6},"end":{"line":290,"column":48}},"104":{"start":{"line":291,"column":6},"end":{"line":301,"column":7}},"105":{"start":{"line":292,"column":8},"end":{"line":292,"column":74}},"106":{"start":{"line":293,"column":13},"end":{"line":301,"column":7}},"107":{"start":{"line":295,"column":8},"end":{"line":295,"column":90}},"108":{"start":{"line":296,"column":13},"end":{"line":301,"column":7}},"109":{"start":{"line":298,"column":8},"end":{"line":298,"column":89}},"110":{"start":{"line":300,"column":8},"end":{"line":300,"column":90}},"111":{"start":{"line":306,"column":0},"end":{"line":306,"column":31}}},"fnMap":{"0":{"name":"(anonymous_0)","decl":{"start":{"line":10,"column":2},"end":{"line":10,"column":3}},"loc":{"start":{"line":10,"column":35},"end":{"line":29,"column":3}},"line":10},"1":{"name":"(anonymous_1)","decl":{"start":{"line":31,"column":2},"end":{"line":31,"column":3}},"loc":{"start":{"line":31,"column":41},"end":{"line":144,"column":3}},"line":31},"2":{"name":"(anonymous_2)","decl":{"start":{"line":105,"column":49},"end":{"line":105,"column":50}},"loc":{"start":{"line":105,"column":58},"end":{"line":114,"column":7}},"line":105},"3":{"name":"(anonymous_3)","decl":{"start":{"line":106,"column":49},"end":{"line":106,"column":50}},"loc":{"start":{"line":107,"column":10},"end":{"line":107,"column":39}},"line":107},"4":{"name":"(anonymous_4)","decl":{"start":{"line":107,"column":22},"end":{"line":107,"column":23}},"loc":{"start":{"line":107,"column":27},"end":{"line":107,"column":38}},"line":107},"5":{"name":"(anonymous_5)","decl":{"start":{"line":146,"column":2},"end":{"line":146,"column":3}},"loc":{"start":{"line":146,"column":48},"end":{"line":226,"column":3}},"line":146},"6":{"name":"(anonymous_6)","decl":{"start":{"line":190,"column":49},"end":{"line":190,"column":50}},"loc":{"start":{"line":190,"column":58},"end":{"line":199,"column":7}},"line":190},"7":{"name":"(anonymous_7)","decl":{"start":{"line":191,"column":49},"end":{"line":191,"column":50}},"loc":{"start":{"line":192,"column":10},"end":{"line":192,"column":39}},"line":192},"8":{"name":"(anonymous_8)","decl":{"start":{"line":192,"column":22},"end":{"line":192,"column":23}},"loc":{"start":{"line":192,"column":27},"end":{"line":192,"column":38}},"line":192},"9":{"name":"(anonymous_9)","decl":{"start":{"line":228,"column":2},"end":{"line":228,"column":3}},"loc":{"start":{"line":228,"column":44},"end":{"line":267,"column":3}},"line":228},"10":{"name":"(anonymous_10)","decl":{"start":{"line":269,"column":2},"end":{"line":269,"column":3}},"loc":{"start":{"line":269,"column":41},"end":{"line":303,"column":3}},"line":269},"11":{"name":"(anonymous_11)","decl":{"start":{"line":276,"column":48},"end":{"line":276,"column":49}},"loc":{"start":{"line":276,"column":58},"end":{"line":281,"column":7}},"line":276}},"branchMap":{"0":{"loc":{"start":{"line":15,"column":18},"end":{"line":15,"column":87}},"type":"cond-expr","locations":[{"start":{"line":15,"column":32},"end":{"line":15,"column":80}},{"start":{"line":15,"column":83},"end":{"line":15,"column":87}}],"line":15},"1":{"loc":{"start":{"line":16,"column":14},"end":{"line":16,"column":94}},"type":"cond-expr","locations":[{"start":{"line":16,"column":34},"end":{"line":16,"column":87}},{"start":{"line":16,"column":90},"end":{"line":16,"column":94}}],"line":16},"2":{"loc":{"start":{"line":18,"column":15},"end":{"line":18,"column":58}},"type":"cond-expr","locations":[{"start":{"line":18,"column":33},"end":{"line":18,"column":51}},{"start":{"line":18,"column":54},"end":{"line":18,"column":58}}],"line":18},"3":{"loc":{"start":{"line":23,"column":12},"end":{"line":23,"column":55}},"type":"cond-expr","locations":[{"start":{"line":23,"column":30},"end":{"line":23,"column":48}},{"start":{"line":23,"column":51},"end":{"line":23,"column":55}}],"line":23},"4":{"loc":{"start":{"line":24,"column":14},"end":{"line":24,"column":57}},"type":"cond-expr","locations":[{"start":{"line":24,"column":29},"end":{"line":24,"column":50}},{"start":{"line":24,"column":53},"end":{"line":24,"column":57}}],"line":24},"5":{"loc":{"start":{"line":41,"column":6},"end":{"line":47,"column":7}},"type":"if","locations":[{"start":{"line":41,"column":6},"end":{"line":47,"column":7}},{"start":{},"end":{}}],"line":41},"6":{"loc":{"start":{"line":41,"column":10},"end":{"line":41,"column":47}},"type":"binary-expr","locations":[{"start":{"line":41,"column":10},"end":{"line":41,"column":33}},{"start":{"line":41,"column":37},"end":{"line":41,"column":47}}],"line":41},"7":{"loc":{"start":{"line":42,"column":26},"end":{"line":42,"column":63}},"type":"binary-expr","locations":[{"start":{"line":42,"column":26},"end":{"line":42,"column":49}},{"start":{"line":42,"column":53},"end":{"line":42,"column":63}}],"line":42},"8":{"loc":{"start":{"line":44,"column":8},"end":{"line":46,"column":9}},"type":"if","locations":[{"start":{"line":44,"column":8},"end":{"line":46,"column":9}},{"start":{},"end":{}}],"line":44},"9":{"loc":{"start":{"line":44,"column":12},"end":{"line":44,"column":48}},"type":"binary-expr","locations":[{"start":{"line":44,"column":12},"end":{"line":44,"column":30}},{"start":{"line":44,"column":34},"end":{"line":44,"column":48}}],"line":44},"10":{"loc":{"start":{"line":49,"column":6},"end":{"line":55,"column":7}},"type":"if","locations":[{"start":{"line":49,"column":6},"end":{"line":55,"column":7}},{"start":{},"end":{}}],"line":49},"11":{"loc":{"start":{"line":49,"column":10},"end":{"line":49,"column":51}},"type":"binary-expr","locations":[{"start":{"line":49,"column":10},"end":{"line":49,"column":35}},{"start":{"line":49,"column":39},"end":{"line":49,"column":51}}],"line":49},"12":{"loc":{"start":{"line":50,"column":28},"end":{"line":50,"column":69}},"type":"binary-expr","locations":[{"start":{"line":50,"column":28},"end":{"line":50,"column":53}},{"start":{"line":50,"column":57},"end":{"line":50,"column":69}}],"line":50},"13":{"loc":{"start":{"line":52,"column":8},"end":{"line":54,"column":9}},"type":"if","locations":[{"start":{"line":52,"column":8},"end":{"line":54,"column":9}},{"start":{},"end":{}}],"line":52},"14":{"loc":{"start":{"line":52,"column":12},"end":{"line":52,"column":48}},"type":"binary-expr","locations":[{"start":{"line":52,"column":12},"end":{"line":52,"column":30}},{"start":{"line":52,"column":34},"end":{"line":52,"column":48}}],"line":52},"15":{"loc":{"start":{"line":68,"column":6},"end":{"line":76,"column":7}},"type":"if","locations":[{"start":{"line":68,"column":6},"end":{"line":76,"column":7}},{"start":{"line":71,"column":13},"end":{"line":76,"column":7}}],"line":68},"16":{"loc":{"start":{"line":71,"column":13},"end":{"line":76,"column":7}},"type":"if","locations":[{"start":{"line":71,"column":13},"end":{"line":76,"column":7}},{"start":{"line":74,"column":13},"end":{"line":76,"column":7}}],"line":71},"17":{"loc":{"start":{"line":79,"column":6},"end":{"line":91,"column":7}},"type":"if","locations":[{"start":{"line":79,"column":6},"end":{"line":91,"column":7}},{"start":{},"end":{}}],"line":79},"18":{"loc":{"start":{"line":80,"column":25},"end":{"line":80,"column":57}},"type":"cond-expr","locations":[{"start":{"line":80,"column":43},"end":{"line":80,"column":49}},{"start":{"line":80,"column":52},"end":{"line":80,"column":57}}],"line":80},"19":{"loc":{"start":{"line":81,"column":27},"end":{"line":81,"column":69}},"type":"cond-expr","locations":[{"start":{"line":81,"column":49},"end":{"line":81,"column":62}},{"start":{"line":81,"column":65},"end":{"line":81,"column":69}}],"line":81},"20":{"loc":{"start":{"line":90,"column":28},"end":{"line":90,"column":61}},"type":"binary-expr","locations":[{"start":{"line":90,"column":28},"end":{"line":90,"column":47}},{"start":{"line":90,"column":51},"end":{"line":90,"column":61}}],"line":90},"21":{"loc":{"start":{"line":106,"column":28},"end":{"line":108,"column":31}},"type":"binary-expr","locations":[{"start":{"line":106,"column":28},"end":{"line":108,"column":25}},{"start":{"line":108,"column":29},"end":{"line":108,"column":31}}],"line":106},"22":{"loc":{"start":{"line":129,"column":48},"end":{"line":129,"column":81}},"type":"binary-expr","locations":[{"start":{"line":129,"column":48},"end":{"line":129,"column":60}},{"start":{"line":129,"column":64},"end":{"line":129,"column":81}}],"line":129},"23":{"loc":{"start":{"line":131,"column":6},"end":{"line":142,"column":7}},"type":"if","locations":[{"start":{"line":131,"column":6},"end":{"line":142,"column":7}},{"start":{"line":133,"column":13},"end":{"line":142,"column":7}}],"line":131},"24":{"loc":{"start":{"line":131,"column":10},"end":{"line":131,"column":53}},"type":"binary-expr","locations":[{"start":{"line":131,"column":10},"end":{"line":131,"column":22}},{"start":{"line":131,"column":26},"end":{"line":131,"column":53}}],"line":131},"25":{"loc":{"start":{"line":133,"column":13},"end":{"line":142,"column":7}},"type":"if","locations":[{"start":{"line":133,"column":13},"end":{"line":142,"column":7}},{"start":{"line":135,"column":13},"end":{"line":142,"column":7}}],"line":133},"26":{"loc":{"start":{"line":133,"column":17},"end":{"line":133,"column":60}},"type":"binary-expr","locations":[{"start":{"line":133,"column":17},"end":{"line":133,"column":29}},{"start":{"line":133,"column":33},"end":{"line":133,"column":60}}],"line":133},"27":{"loc":{"start":{"line":135,"column":13},"end":{"line":142,"column":7}},"type":"if","locations":[{"start":{"line":135,"column":13},"end":{"line":142,"column":7}},{"start":{"line":138,"column":13},"end":{"line":142,"column":7}}],"line":135},"28":{"loc":{"start":{"line":140,"column":29},"end":{"line":140,"column":100}},"type":"binary-expr","locations":[{"start":{"line":140,"column":29},"end":{"line":140,"column":63}},{"start":{"line":140,"column":67},"end":{"line":140,"column":100}}],"line":140},"29":{"loc":{"start":{"line":155,"column":6},"end":{"line":161,"column":7}},"type":"if","locations":[{"start":{"line":155,"column":6},"end":{"line":161,"column":7}},{"start":{},"end":{}}],"line":155},"30":{"loc":{"start":{"line":155,"column":10},"end":{"line":155,"column":47}},"type":"binary-expr","locations":[{"start":{"line":155,"column":10},"end":{"line":155,"column":33}},{"start":{"line":155,"column":37},"end":{"line":155,"column":47}}],"line":155},"31":{"loc":{"start":{"line":156,"column":26},"end":{"line":156,"column":63}},"type":"binary-expr","locations":[{"start":{"line":156,"column":26},"end":{"line":156,"column":49}},{"start":{"line":156,"column":53},"end":{"line":156,"column":63}}],"line":156},"32":{"loc":{"start":{"line":158,"column":8},"end":{"line":160,"column":9}},"type":"if","locations":[{"start":{"line":158,"column":8},"end":{"line":160,"column":9}},{"start":{},"end":{}}],"line":158},"33":{"loc":{"start":{"line":158,"column":12},"end":{"line":158,"column":48}},"type":"binary-expr","locations":[{"start":{"line":158,"column":12},"end":{"line":158,"column":30}},{"start":{"line":158,"column":34},"end":{"line":158,"column":48}}],"line":158},"34":{"loc":{"start":{"line":163,"column":6},"end":{"line":169,"column":7}},"type":"if","locations":[{"start":{"line":163,"column":6},"end":{"line":169,"column":7}},{"start":{},"end":{}}],"line":163},"35":{"loc":{"start":{"line":163,"column":10},"end":{"line":163,"column":51}},"type":"binary-expr","locations":[{"start":{"line":163,"column":10},"end":{"line":163,"column":35}},{"start":{"line":163,"column":39},"end":{"line":163,"column":51}}],"line":163},"36":{"loc":{"start":{"line":164,"column":28},"end":{"line":164,"column":69}},"type":"binary-expr","locations":[{"start":{"line":164,"column":28},"end":{"line":164,"column":53}},{"start":{"line":164,"column":57},"end":{"line":164,"column":69}}],"line":164},"37":{"loc":{"start":{"line":166,"column":8},"end":{"line":168,"column":9}},"type":"if","locations":[{"start":{"line":166,"column":8},"end":{"line":168,"column":9}},{"start":{},"end":{}}],"line":166},"38":{"loc":{"start":{"line":166,"column":12},"end":{"line":166,"column":48}},"type":"binary-expr","locations":[{"start":{"line":166,"column":12},"end":{"line":166,"column":30}},{"start":{"line":166,"column":34},"end":{"line":166,"column":48}}],"line":166},"39":{"loc":{"start":{"line":191,"column":28},"end":{"line":193,"column":31}},"type":"binary-expr","locations":[{"start":{"line":191,"column":28},"end":{"line":193,"column":25}},{"start":{"line":193,"column":29},"end":{"line":193,"column":31}}],"line":191},"40":{"loc":{"start":{"line":214,"column":6},"end":{"line":224,"column":7}},"type":"if","locations":[{"start":{"line":214,"column":6},"end":{"line":224,"column":7}},{"start":{"line":216,"column":13},"end":{"line":224,"column":7}}],"line":214},"41":{"loc":{"start":{"line":214,"column":10},"end":{"line":214,"column":53}},"type":"binary-expr","locations":[{"start":{"line":214,"column":10},"end":{"line":214,"column":22}},{"start":{"line":214,"column":26},"end":{"line":214,"column":53}}],"line":214},"42":{"loc":{"start":{"line":216,"column":13},"end":{"line":224,"column":7}},"type":"if","locations":[{"start":{"line":216,"column":13},"end":{"line":224,"column":7}},{"start":{"line":219,"column":13},"end":{"line":224,"column":7}}],"line":216},"43":{"loc":{"start":{"line":219,"column":13},"end":{"line":224,"column":7}},"type":"if","locations":[{"start":{"line":219,"column":13},"end":{"line":224,"column":7}},{"start":{"line":222,"column":13},"end":{"line":224,"column":7}}],"line":219},"44":{"loc":{"start":{"line":219,"column":17},"end":{"line":219,"column":86}},"type":"binary-expr","locations":[{"start":{"line":219,"column":17},"end":{"line":219,"column":29}},{"start":{"line":219,"column":33},"end":{"line":219,"column":50}},{"start":{"line":219,"column":54},"end":{"line":219,"column":86}}],"line":219},"45":{"loc":{"start":{"line":253,"column":6},"end":{"line":265,"column":7}},"type":"if","locations":[{"start":{"line":253,"column":6},"end":{"line":265,"column":7}},{"start":{"line":255,"column":13},"end":{"line":265,"column":7}}],"line":253},"46":{"loc":{"start":{"line":253,"column":10},"end":{"line":253,"column":53}},"type":"binary-expr","locations":[{"start":{"line":253,"column":10},"end":{"line":253,"column":22}},{"start":{"line":253,"column":26},"end":{"line":253,"column":53}}],"line":253},"47":{"loc":{"start":{"line":255,"column":13},"end":{"line":265,"column":7}},"type":"if","locations":[{"start":{"line":255,"column":13},"end":{"line":265,"column":7}},{"start":{"line":257,"column":13},"end":{"line":265,"column":7}}],"line":255},"48":{"loc":{"start":{"line":255,"column":17},"end":{"line":255,"column":60}},"type":"binary-expr","locations":[{"start":{"line":255,"column":17},"end":{"line":255,"column":29}},{"start":{"line":255,"column":33},"end":{"line":255,"column":60}}],"line":255},"49":{"loc":{"start":{"line":257,"column":13},"end":{"line":265,"column":7}},"type":"if","locations":[{"start":{"line":257,"column":13},"end":{"line":265,"column":7}},{"start":{"line":260,"column":13},"end":{"line":265,"column":7}}],"line":257},"50":{"loc":{"start":{"line":260,"column":13},"end":{"line":265,"column":7}},"type":"if","locations":[{"start":{"line":260,"column":13},"end":{"line":265,"column":7}},{"start":{"line":263,"column":13},"end":{"line":265,"column":7}}],"line":260},"51":{"loc":{"start":{"line":260,"column":17},"end":{"line":260,"column":86}},"type":"binary-expr","locations":[{"start":{"line":260,"column":17},"end":{"line":260,"column":29}},{"start":{"line":260,"column":33},"end":{"line":260,"column":50}},{"start":{"line":260,"column":54},"end":{"line":260,"column":86}}],"line":260},"52":{"loc":{"start":{"line":291,"column":6},"end":{"line":301,"column":7}},"type":"if","locations":[{"start":{"line":291,"column":6},"end":{"line":301,"column":7}},{"start":{"line":293,"column":13},"end":{"line":301,"column":7}}],"line":291},"53":{"loc":{"start":{"line":291,"column":10},"end":{"line":291,"column":53}},"type":"binary-expr","locations":[{"start":{"line":291,"column":10},"end":{"line":291,"column":22}},{"start":{"line":291,"column":26},"end":{"line":291,"column":53}}],"line":291},"54":{"loc":{"start":{"line":293,"column":13},"end":{"line":301,"column":7}},"type":"if","locations":[{"start":{"line":293,"column":13},"end":{"line":301,"column":7}},{"start":{"line":296,"column":13},"end":{"line":301,"column":7}}],"line":293},"55":{"loc":{"start":{"line":296,"column":13},"end":{"line":301,"column":7}},"type":"if","locations":[{"start":{"line":296,"column":13},"end":{"line":301,"column":7}},{"start":{"line":299,"column":13},"end":{"line":301,"column":7}}],"line":296},"56":{"loc":{"start":{"line":296,"column":17},"end":{"line":296,"column":86}},"type":"binary-expr","locations":[{"start":{"line":296,"column":17},"end":{"line":296,"column":29}},{"start":{"line":296,"column":33},"end":{"line":296,"column":50}},{"start":{"line":296,"column":54},"end":{"line":296,"column":86}}],"line":296}},"s":{"0":5,"1":5,"2":5,"3":10,"4":11,"5":11,"6":11,"7":11,"8":11,"9":11,"10":2,"11":2,"12":2,"13":1,"14":11,"15":2,"16":2,"17":2,"18":1,"19":11,"20":11,"21":11,"22":1,"23":1,"24":10,"25":1,"26":1,"27":9,"28":11,"29":2,"30":2,"31":2,"32":2,"33":11,"34":7,"35":7,"36":7,"37":6,"38":6,"39":6,"40":6,"41":7,"42":4,"43":4,"44":1,"45":3,"46":1,"47":2,"48":1,"49":1,"50":1,"51":5,"52":5,"53":5,"54":5,"55":5,"56":1,"57":1,"58":1,"59":1,"60":5,"61":1,"62":1,"63":1,"64":1,"65":5,"66":5,"67":2,"68":2,"69":2,"70":2,"71":2,"72":2,"73":2,"74":2,"75":3,"76":3,"77":1,"78":2,"79":1,"80":1,"81":1,"82":0,"83":6,"84":6,"85":6,"86":2,"87":2,"88":4,"89":4,"90":1,"91":3,"92":1,"93":2,"94":1,"95":1,"96":1,"97":0,"98":4,"99":4,"100":1,"101":2,"102":1,"103":3,"104":3,"105":1,"106":2,"107":1,"108":1,"109":1,"110":0,"111":5},"f":{"0":10,"1":11,"2":6,"3":6,"4":6,"5":5,"6":2,"7":2,"8":2,"9":6,"10":4,"11":2},"b":{"0":[1,9],"1":[10,0],"2":[8,2],"3":[8,2],"4":[10,0],"5":[2,9],"6":[11,11],"7":[2,2],"8":[1,1],"9":[2,1],"10":[2,9],"11":[11,11],"12":[2,2],"13":[1,1],"14":[2,1],"15":[1,10],"16":[1,9],"17":[2,9],"18":[1,1],"19":[1,1],"20":[2,0],"21":[6,0],"22":[4,3],"23":[1,3],"24":[4,3],"25":[1,2],"26":[3,2],"27":[1,1],"28":[1,0],"29":[1,4],"30":[5,5],"31":[1,1],"32":[1,0],"33":[1,1],"34":[1,4],"35":[5,5],"36":[1,1],"37":[1,0],"38":[1,1],"39":[2,0],"40":[1,2],"41":[3,2],"42":[1,1],"43":[1,0],"44":[1,1,1],"45":[1,3],"46":[4,3],"47":[1,2],"48":[3,2],"49":[1,1],"50":[1,0],"51":[1,1,1],"52":[1,2],"53":[3,2],"54":[1,1],"55":[1,0],"56":[1,1,1]},"_coverageSchema":"1a1c01bbd47fc00a2c39e90264f33305004495a9","hash":"ba19db15e5272751a3d2a671f8166a8c0b6d56a5"}
,"C:\\Users\\neubr\\Documents\\hacktiv8\\phase2\\IndividualProject\\movies-app\\be-movies-app\\controllers\\userMoviesController.js": {"path":"C:\\Users\\neubr\\Documents\\hacktiv8\\phase2\\IndividualProject\\movies-app\\be-movies-app\\controllers\\userMoviesController.js","statementMap":{"0":{"start":{"line":1,"column":36},"end":{"line":1,"column":56}},"1":{"start":{"line":5,"column":4},"end":{"line":47,"column":5}},"2":{"start":{"line":6,"column":21},"end":{"line":6,"column":32}},"3":{"start":{"line":7,"column":32},"end":{"line":7,"column":40}},"4":{"start":{"line":9,"column":6},"end":{"line":11,"column":7}},"5":{"start":{"line":10,"column":8},"end":{"line":10,"column":80}},"6":{"start":{"line":13,"column":6},"end":{"line":15,"column":7}},"7":{"start":{"line":14,"column":8},"end":{"line":14,"column":88}},"8":{"start":{"line":18,"column":20},"end":{"line":18,"column":49}},"9":{"start":{"line":19,"column":6},"end":{"line":21,"column":7}},"10":{"start":{"line":20,"column":8},"end":{"line":20,"column":82}},"11":{"start":{"line":24,"column":23},"end":{"line":26,"column":8}},"12":{"start":{"line":28,"column":6},"end":{"line":30,"column":7}},"13":{"start":{"line":29,"column":8},"end":{"line":29,"column":79}},"14":{"start":{"line":32,"column":24},"end":{"line":37,"column":8}},"15":{"start":{"line":39,"column":6},"end":{"line":44,"column":9}},"16":{"start":{"line":46,"column":6},"end":{"line":46,"column":16}},"17":{"start":{"line":51,"column":4},"end":{"line":88,"column":5}},"18":{"start":{"line":52,"column":21},"end":{"line":52,"column":32}},"19":{"start":{"line":53,"column":31},"end":{"line":53,"column":40}},"20":{"start":{"line":55,"column":20},"end":{"line":55,"column":30}},"21":{"start":{"line":57,"column":6},"end":{"line":62,"column":7}},"22":{"start":{"line":58,"column":8},"end":{"line":60,"column":9}},"23":{"start":{"line":59,"column":10},"end":{"line":59,"column":90}},"24":{"start":{"line":61,"column":8},"end":{"line":61,"column":26}},"25":{"start":{"line":64,"column":6},"end":{"line":69,"column":7}},"26":{"start":{"line":65,"column":8},"end":{"line":67,"column":9}},"27":{"start":{"line":66,"column":10},"end":{"line":66,"column":89}},"28":{"start":{"line":68,"column":8},"end":{"line":68,"column":30}},"29":{"start":{"line":71,"column":25},"end":{"line":78,"column":8}},"30":{"start":{"line":80,"column":6},"end":{"line":85,"column":9}},"31":{"start":{"line":87,"column":6},"end":{"line":87,"column":16}},"32":{"start":{"line":92,"column":4},"end":{"line":119,"column":5}},"33":{"start":{"line":93,"column":21},"end":{"line":93,"column":32}},"34":{"start":{"line":94,"column":21},"end":{"line":94,"column":31}},"35":{"start":{"line":95,"column":25},"end":{"line":95,"column":33}},"36":{"start":{"line":97,"column":6},"end":{"line":99,"column":7}},"37":{"start":{"line":98,"column":8},"end":{"line":98,"column":74}},"38":{"start":{"line":101,"column":24},"end":{"line":103,"column":8}},"39":{"start":{"line":105,"column":6},"end":{"line":107,"column":7}},"40":{"start":{"line":106,"column":8},"end":{"line":106,"column":81}},"41":{"start":{"line":109,"column":6},"end":{"line":109,"column":41}},"42":{"start":{"line":111,"column":6},"end":{"line":116,"column":9}},"43":{"start":{"line":118,"column":6},"end":{"line":118,"column":16}},"44":{"start":{"line":123,"column":4},"end":{"line":143,"column":5}},"45":{"start":{"line":124,"column":21},"end":{"line":124,"column":32}},"46":{"start":{"line":125,"column":21},"end":{"line":125,"column":31}},"47":{"start":{"line":127,"column":24},"end":{"line":129,"column":8}},"48":{"start":{"line":131,"column":6},"end":{"line":133,"column":7}},"49":{"start":{"line":132,"column":8},"end":{"line":132,"column":76}},"50":{"start":{"line":135,"column":6},"end":{"line":135,"column":32}},"51":{"start":{"line":137,"column":6},"end":{"line":140,"column":9}},"52":{"start":{"line":142,"column":6},"end":{"line":142,"column":16}},"53":{"start":{"line":147,"column":0},"end":{"line":147,"column":38}}},"fnMap":{"0":{"name":"(anonymous_0)","decl":{"start":{"line":4,"column":2},"end":{"line":4,"column":3}},"loc":{"start":{"line":4,"column":45},"end":{"line":48,"column":3}},"line":4},"1":{"name":"(anonymous_1)","decl":{"start":{"line":50,"column":2},"end":{"line":50,"column":3}},"loc":{"start":{"line":50,"column":45},"end":{"line":89,"column":3}},"line":50},"2":{"name":"(anonymous_2)","decl":{"start":{"line":91,"column":2},"end":{"line":91,"column":3}},"loc":{"start":{"line":91,"column":49},"end":{"line":120,"column":3}},"line":91},"3":{"name":"(anonymous_3)","decl":{"start":{"line":122,"column":2},"end":{"line":122,"column":3}},"loc":{"start":{"line":122,"column":47},"end":{"line":144,"column":3}},"line":122}},"branchMap":{"0":{"loc":{"start":{"line":9,"column":6},"end":{"line":11,"column":7}},"type":"if","locations":[{"start":{"line":9,"column":6},"end":{"line":11,"column":7}},{"start":{},"end":{}}],"line":9},"1":{"loc":{"start":{"line":9,"column":10},"end":{"line":9,"column":27}},"type":"binary-expr","locations":[{"start":{"line":9,"column":10},"end":{"line":9,"column":18}},{"start":{"line":9,"column":22},"end":{"line":9,"column":27}}],"line":9},"2":{"loc":{"start":{"line":13,"column":6},"end":{"line":15,"column":7}},"type":"if","locations":[{"start":{"line":13,"column":6},"end":{"line":15,"column":7}},{"start":{},"end":{}}],"line":13},"3":{"loc":{"start":{"line":19,"column":6},"end":{"line":21,"column":7}},"type":"if","locations":[{"start":{"line":19,"column":6},"end":{"line":21,"column":7}},{"start":{},"end":{}}],"line":19},"4":{"loc":{"start":{"line":28,"column":6},"end":{"line":30,"column":7}},"type":"if","locations":[{"start":{"line":28,"column":6},"end":{"line":30,"column":7}},{"start":{},"end":{}}],"line":28},"5":{"loc":{"start":{"line":36,"column":16},"end":{"line":36,"column":55}},"type":"cond-expr","locations":[{"start":{"line":36,"column":39},"end":{"line":36,"column":48}},{"start":{"line":36,"column":51},"end":{"line":36,"column":55}}],"line":36},"6":{"loc":{"start":{"line":57,"column":6},"end":{"line":62,"column":7}},"type":"if","locations":[{"start":{"line":57,"column":6},"end":{"line":62,"column":7}},{"start":{},"end":{}}],"line":57},"7":{"loc":{"start":{"line":58,"column":8},"end":{"line":60,"column":9}},"type":"if","locations":[{"start":{"line":58,"column":8},"end":{"line":60,"column":9}},{"start":{},"end":{}}],"line":58},"8":{"loc":{"start":{"line":64,"column":6},"end":{"line":69,"column":7}},"type":"if","locations":[{"start":{"line":64,"column":6},"end":{"line":69,"column":7}},{"start":{},"end":{}}],"line":64},"9":{"loc":{"start":{"line":65,"column":8},"end":{"line":67,"column":9}},"type":"if","locations":[{"start":{"line":65,"column":8},"end":{"line":67,"column":9}},{"start":{},"end":{}}],"line":65},"10":{"loc":{"start":{"line":97,"column":6},"end":{"line":99,"column":7}},"type":"if","locations":[{"start":{"line":97,"column":6},"end":{"line":99,"column":7}},{"start":{},"end":{}}],"line":97},"11":{"loc":{"start":{"line":97,"column":10},"end":{"line":97,"column":50}},"type":"binary-expr","locations":[{"start":{"line":97,"column":10},"end":{"line":97,"column":17}},{"start":{"line":97,"column":21},"end":{"line":97,"column":50}}],"line":97},"12":{"loc":{"start":{"line":105,"column":6},"end":{"line":107,"column":7}},"type":"if","locations":[{"start":{"line":105,"column":6},"end":{"line":107,"column":7}},{"start":{},"end":{}}],"line":105},"13":{"loc":{"start":{"line":131,"column":6},"end":{"line":133,"column":7}},"type":"if","locations":[{"start":{"line":131,"column":6},"end":{"line":133,"column":7}},{"start":{},"end":{}}],"line":131}},"s":{"0":5,"1":7,"2":7,"3":7,"4":7,"5":1,"6":6,"7":1,"8":5,"9":5,"10":1,"11":4,"12":4,"13":1,"14":3,"15":3,"16":4,"17":4,"18":4,"19":4,"20":4,"21":4,"22":3,"23":1,"24":2,"25":3,"26":1,"27":0,"28":1,"29":3,"30":3,"31":1,"32":3,"33":3,"34":3,"35":3,"36":3,"37":1,"38":2,"39":2,"40":1,"41":1,"42":1,"43":2,"44":2,"45":2,"46":2,"47":2,"48":2,"49":1,"50":1,"51":1,"52":1,"53":5},"f":{"0":7,"1":4,"2":3,"3":2},"b":{"0":[1,6],"1":[7,6],"2":[1,5],"3":[1,4],"4":[1,3],"5":[1,2],"6":[3,1],"7":[1,2],"8":[1,2],"9":[0,1],"10":[1,2],"11":[3,3],"12":[1,1],"13":[1,1]},"_coverageSchema":"1a1c01bbd47fc00a2c39e90264f33305004495a9","hash":"77dbf503a594621595658b41efe17f93c4e24722"}
[...]
9,"column":68}},"line":39},"3":{"name":"(anonymous_3)","decl":{"start":{"line":86,"column":6},"end":{"line":86,"column":7}},"loc":{"start":{"line":86,"column":14},"end":{"line":86,"column":50}},"line":86},"4":{"name":"(anonymous_4)","decl":{"start":{"line":90,"column":43},"end":{"line":90,"column":44}},"loc":{"start":{"line":91,"column":6},"end":{"line":91,"column":48}},"line":91},"5":{"name":"(anonymous_5)","decl":{"start":{"line":91,"column":21},"end":{"line":91,"column":22}},"loc":{"start":{"line":91,"column":32},"end":{"line":91,"column":47}},"line":91},"6":{"name":"(anonymous_6)","decl":{"start":{"line":97,"column":16},"end":{"line":97,"column":17}},"loc":{"start":{"line":97,"column":27},"end":{"line":97,"column":61}},"line":97},"7":{"name":"(anonymous_7)","decl":{"start":{"line":99,"column":13},"end":{"line":99,"column":14}},"loc":{"start":{"line":99,"column":24},"end":{"line":99,"column":32}},"line":99},"8":{"name":"(anonymous_8)","decl":{"start":{"line":110,"column":37},"end":{"line":110,"column":38}},"loc":{"start":{"line":110,"column":48},"end":{"line":110,"column":56}},"line":110}},"branchMap":{"0":{"loc":{"start":{"line":13,"column":4},"end":{"line":15,"column":5}},"type":"if","locations":[{"start":{"line":13,"column":4},"end":{"line":15,"column":5}},{"start":{},"end":{}}],"line":13},"1":{"loc":{"start":{"line":56,"column":4},"end":{"line":58,"column":5}},"type":"if","locations":[{"start":{"line":56,"column":4},"end":{"line":58,"column":5}},{"start":{},"end":{}}],"line":56},"2":{"loc":{"start":{"line":71,"column":6},"end":{"line":76,"column":7}},"type":"if","locations":[{"start":{"line":71,"column":6},"end":{"line":76,"column":7}},{"start":{"line":73,"column":13},"end":{"line":76,"column":7}}],"line":71},"3":{"loc":{"start":{"line":75,"column":25},"end":{"line":75,"column":69}},"type":"binary-expr","locations":[{"start":{"line":75,"column":25},"end":{"line":75,"column":63}},{"start":{"line":75,"column":67},"end":{"line":75,"column":69}}],"line":75},"4":{"loc":{"start":{"line":80,"column":4},"end":{"line":82,"column":5}},"type":"if","locations":[{"start":{"line":80,"column":4},"end":{"line":82,"column":5}},{"start":{},"end":{}}],"line":80},"5":{"loc":{"start":{"line":86,"column":14},"end":{"line":86,"column":50}},"type":"binary-expr","locations":[{"start":{"line":86,"column":14},"end":{"line":86,"column":36}},{"start":{"line":86,"column":40},"end":{"line":86,"column":50}}],"line":86},"6":{"loc":{"start":{"line":95,"column":4},"end":{"line":102,"column":5}},"type":"if","locations":[{"start":{"line":95,"column":4},"end":{"line":102,"column":5}},{"start":{},"end":{}}],"line":95}},"s":{"0":6,"1":12,"2":12,"3":12,"4":1,"5":11,"6":11,"7":11,"8":11,"9":74,"10":11,"11":74,"12":11,"13":10,"14":10,"15":10,"16":1,"17":9,"18":9,"19":9,"20":3,"21":3,"22":2,"23":1,"24":9,"25":0,"26":9,"27":53,"28":9,"29":51,"30":147,"31":9,"32":3,"33":16,"34":5,"35":3,"36":9,"37":3,"38":3,"39":18,"40":6},"f":{"0":12,"1":74,"2":74,"3":53,"4":51,"5":147,"6":16,"7":5,"8":18},"b":{"0":[1,11],"1":[1,9],"2":[2,1],"3":[1,0],"4":[0,9],"5":[53,51],"6":[3,6]},"_coverageSchema":"1a1c01bbd47fc00a2c39e90264f33305004495a9","hash":"a516909331214e98179f6229f3570faf7ac17254"}
,"C:\\Users\\neubr\\Documents\\hacktiv8\\phase2\\IndividualProject\\movies-app\\be-movies-app\\helpers\\jwt.js": {"path":"C:\\Users\\neubr\\Documents\\hacktiv8\\phase2\\IndividualProject\\movies-app\\be-movies-app\\helpers\\jwt.js","statementMap":{"0":{"start":{"line":1,"column":12},"end":{"line":1,"column":35}},"1":{"start":{"line":3,"column":19},"end":{"line":3,"column":41}},"2":{"start":{"line":6,"column":18},"end":{"line":8,"column":1}},"3":{"start":{"line":7,"column":2},"end":{"line":7,"column":35}},"4":{"start":{"line":11,"column":20},"end":{"line":13,"column":1}},"5":{"start":{"line":12,"column":2},"end":{"line":12,"column":39}},"6":{"start":{"line":15,"column":0},"end":{"line":18,"column":2}}},"fnMap":{"0":{"name":"(anonymous_0)","decl":{"start":{"line":6,"column":18},"end":{"line":6,"column":19}},"loc":{"start":{"line":6,"column":27},"end":{"line":8,"column":1}},"line":6},"1":{"name":"(anonymous_1)","decl":{"start":{"line":11,"column":20},"end":{"line":11,"column":21}},"loc":{"start":{"line":11,"column":31},"end":{"line":13,"column":1}},"line":11}},"branchMap":{},"s":{"0":5,"1":5,"2":5,"3":9,"4":5,"5":32,"6":5},"f":{"0":9,"1":32},"b":{},"_coverageSchema":"1a1c01bbd47fc00a2c39e90264f33305004495a9","hash":"21e04c4c0486480c7c3ccb9a52d5b05eeb3400dc"}
,"C:\\Users\\neubr\\Documents\\hacktiv8\\phase2\\IndividualProject\\movies-app\\be-movies-app\\middlewares\\authentication.js": {"path":"C:\\Users\\neubr\\Documents\\hacktiv8\\phase2\\IndividualProject\\movies-app\\be-movies-app\\middlewares\\authentication.js","statementMap":{"0":{"start":{"line":1,"column":24},"end":{"line":1,"column":49}},"1":{"start":{"line":2,"column":17},"end":{"line":2,"column":37}},"2":{"start":{"line":5,"column":2},"end":{"line":37,"column":3}},"3":{"start":{"line":6,"column":30},"end":{"line":6,"column":41}},"4":{"start":{"line":8,"column":4},"end":{"line":10,"column":5}},"5":{"start":{"line":9,"column":6},"end":{"line":9,"column":63}},"6":{"start":{"line":12,"column":21},"end":{"line":12,"column":45}},"7":{"start":{"line":13,"column":22},"end":{"line":13,"column":33}},"8":{"start":{"line":14,"column":23},"end":{"line":14,"column":34}},"9":{"start":{"line":17,"column":4},"end":{"line":19,"column":5}},"10":{"start":{"line":18,"column":6},"end":{"line":18,"column":63}},"11":{"start":{"line":22,"column":19},"end":{"line":22,"column":42}},"12":{"start":{"line":25,"column":17},"end":{"line":25,"column":47}},"13":{"start":{"line":27,"column":4},"end":{"line":29,"column":5}},"14":{"start":{"line":28,"column":6},"end":{"line":28,"column":63}},"15":{"start":{"line":32,"column":4},"end":{"line":32,"column":20}},"16":{"start":{"line":34,"column":4},"end":{"line":34,"column":11}},"17":{"start":{"line":36,"column":4},"end":{"line":36,"column":14}},"18":{"start":{"line":40,"column":0},"end":{"line":40,"column":32}}},"fnMap":{"0":{"name":"authentication","decl":{"start":{"line":4,"column":15},"end":{"line":4,"column":29}},"loc":{"start":{"line":4,"column":46},"end":{"line":38,"column":1}},"line":4}},"branchMap":{"0":{"loc":{"start":{"line":8,"column":4},"end":{"line":10,"column":5}},"type":"if","locations":[{"start":{"line":8,"column":4},"end":{"line":10,"column":5}},{"start":{},"end":{}}],"line":8},"1":{"loc":{"start":{"line":17,"column":4},"end":{"line":19,"column":5}},"type":"if","locations":[{"start":{"line":17,"column":4},"end":{"line":19,"column":5}},{"start":{},"end":{}}],"line":17},"2":{"loc":{"start":{"line":17,"column":8},"end":{"line":17,"column":45}},"type":"binary-expr","locations":[{"start":{"line":17,"column":8},"end":{"line":17,"column":30}},{"start":{"line":17,"column":34},"end":{"line":17,"column":45}}],"line":17},"3":{"loc":{"start":{"line":27,"column":4},"end":{"line":29,"column":5}},"type":"if","locations":[{"start":{"line":27,"column":4},"end":{"line":29,"column":5}},{"start":{},"end":{}}],"line":27}},"s":{"0":5,"1":5,"2":40,"3":40,"4":40,"5":8,"6":32,"7":32,"8":32,"9":32,"10":0,"11":32,"12":30,"13":30,"14":0,"15":30,"16":30,"17":10,"18":5},"f":{"0":40},"b":{"0":[8,32],"1":[0,32],"2":[32,32],"3":[0,30]},"_coverageSchema":"1a1c01bbd47fc00a2c39e90264f33305004495a9","hash":"71cc512c579098a7d3867f48caad0ee1c2f74e92"}
,"C:\\Users\\neubr\\Documents\\hacktiv8\\phase2\\IndividualProject\\movies-app\\be-movies-app\\middlewares\\errorHandler.js": {"path":"C:\\Users\\neubr\\Documents\\hacktiv8\\phase2\\IndividualProject\\movies-app\\be-movies-app\\middlewares\\errorHandler.js","statementMap":{"0":{"start":{"line":2,"column":2},"end":{"line":2,"column":39}},"1":{"start":{"line":4,"column":2},"end":{"line":30,"column":3}},"2":{"start":{"line":7,"column":6},"end":{"line":7,"column":65}},"3":{"start":{"line":8,"column":6},"end":{"line":8,"column":12}},"4":{"start":{"line":10,"column":6},"end":{"line":10,"column":55}},"5":{"start":{"line":11,"column":6},"end":{"line":11,"column":12}},"6":{"start":{"line":13,"column":6},"end":{"line":13,"column":55}},"7":{"start":{"line":14,"column":6},"end":{"line":14,"column":12}},"8":{"start":{"line":16,"column":6},"end":{"line":16,"column":57}},"9":{"start":{"line":17,"column":6},"end":{"line":17,"column":12}},"10":{"start":{"line":19,"column":6},"end":{"line":19,"column":55}},"11":{"start":{"line":20,"column":6},"end":{"line":20,"column":12}},"12":{"start":{"line":22,"column":6},"end":{"line":22,"column":55}},"13":{"start":{"line":23,"column":6},"end":{"line":23,"column":12}},"14":{"start":{"line":25,"column":6},"end":{"line":25,"column":55}},"15":{"start":{"line":26,"column":6},"end":{"line":26,"column":12}},"16":{"start":{"line":28,"column":6},"end":{"line":28,"column":65}},"17":{"start":{"line":29,"column":6},"end":{"line":29,"column":12}},"18":{"start":{"line":33,"column":0},"end":{"line":33,"column":30}}},"fnMap":{"0":{"name":"errorHandler","decl":{"start":{"line":1,"column":9},"end":{"line":1,"column":21}},"loc":{"start":{"line":1,"column":45},"end":{"line":31,"column":1}},"line":1}},"branchMap":{"0":{"loc":{"start":{"line":4,"column":2},"end":{"line":30,"column":3}},"type":"switch","locations":[{"start":{"line":5,"column":4},"end":{"line":5,"column":36}},{"start":{"line":6,"column":4},"end":{"line":8,"column":12}},{"start":{"line":9,"column":4},"end":{"line":11,"column":12}},{"start":{"line":12,"column":4},"end":{"line":14,"column":12}},{"start":{"line":15,"column":4},"end":{"line":17,"column":12}},{"start":{"line":18,"column":4},"end":{"line":20,"column":12}},{"start":{"line":21,"column":4},"end":{"line":23,"column":12}},{"start":{"line":24,"column":4},"end":{"line":26,"column":12}},{"start":{"line":27,"column":4},"end":{"line":29,"column":12}}],"line":4}},"s":{"0":59,"1":59,"2":11,"3":11,"4":13,"5":13,"6":16,"7":16,"8":2,"9":2,"10":7,"11":7,"12":0,"13":0,"14":8,"15":8,"16":2,"17":2,"18":5},"f":{"0":59},"b":{"0":[8,11,13,16,2,7,0,8,2]},"_coverageSchema":"1a1c01bbd47fc00a2c39e90264f33305004495a9","hash":"71ea17370f2d4c447f92d865329df1602623e0e5"}
,"C:\\Users\\neubr\\Documents\\hacktiv8\\phase2\\IndividualProject\\movies-app\\be-movies-app\\models\\genre.js": {"path":"C:\\Users\\neubr\\Documents\\hacktiv8\\phase2\\IndividualProject\\movies-app\\be-movies-app\\models\\genre.js","statementMap":{"0":{"start":{"line":4,"column":4},"end":{"line":4,"column":24}},"1":{"start":{"line":5,"column":0},"end":{"line":23,"column":2}},"2":{"start":{"line":16,"column":2},"end":{"line":21,"column":5}},"3":{"start":{"line":22,"column":2},"end":{"line":22,"column":15}}},"fnMap":{"0":{"name":"(anonymous_0)","decl":{"start":{"line":5,"column":17},"end":{"line":5,"column":18}},"loc":{"start":{"line":5,"column":43},"end":{"line":23,"column":1}},"line":5},"1":{"name":"(anonymous_1)","decl":{"start":{"line":12,"column":4},"end":{"line":12,"column":5}},"loc":{"start":{"line":12,"column":29},"end":{"line":14,"column":5}},"line":12}},"branchMap":{},"s":{"0":5,"1":5,"2":5,"3":5},"f":{"0":5,"1":5},"b":{},"_coverageSchema":"1a1c01bbd47fc00a2c39e90264f33305004495a9","hash":"b278b3772db3d9616d0462f4560f316a26b41335"}
,"C:\\Users\\neubr\\Documents\\hacktiv8\\phase2\\IndividualProject\\movies-app\\be-movies-app\\models\\index.js": {"path":"C:\\Users\\neubr\\Documents\\hacktiv8\\phase2\\IndividualProject\\movies-app\\be-movies-app\\models\\index.js","statementMap":{"0":{"start":{"line":3,"column":11},"end":{"line":3,"column":24}},"1":{"start":{"line":4,"column":13},"end":{"line":4,"column":28}},"2":{"start":{"line":5,"column":18},"end":{"line":5,"column":38}},"3":{"start":{"line":6,"column":16},"end":{"line":6,"column":34}},"4":{"start":{"line":7,"column":17},"end":{"line":7,"column":42}},"5":{"start":{"line":8,"column":12},"end":{"line":8,"column":49}},"6":{"start":{"line":9,"column":15},"end":{"line":9,"column":65}},"7":{"start":{"line":10,"column":11},"end":{"line":10,"column":13}},"8":{"start":{"line":13,"column":0},"end":{"line":17,"column":1}},"9":{"start":{"line":14,"column":2},"end":{"line":14,"column":74}},"10":{"start":{"line":16,"column":2},"end":{"line":16,"column":87}},"11":{"start":{"line":19,"column":0},"end":{"line":32,"column":5}},"12":{"start":{"line":22,"column":4},"end":{"line":27,"column":6}},"13":{"start":{"line":30,"column":18},"end":{"line":30,"column":85}},"14":{"start":{"line":31,"column":4},"end":{"line":31,"column":27}},"15":{"start":{"line":34,"column":0},"end":{"line":38,"column":3}},"16":{"start":{"line":35,"column":2},"end":{"line":37,"column":3}},"17":{"start":{"line":36,"column":4},"end":{"line":36,"column":32}},"18":{"start":{"line":40,"column":0},"end":{"line":40,"column":25}},"19":{"start":{"line":41,"column":0},"end":{"line":41,"column":25}},"20":{"start":{"line":43,"column":0},"end":{"line":43,"column":20}}},"fnMap":{"0":{"name":"(anonymous_0)","decl":{"start":{"line":21,"column":10},"end":{"line":21,"column":11}},"loc":{"start":{"line":21,"column":18},"end":{"line":28,"column":3}},"line":21},"1":{"name":"(anonymous_1)","decl":{"start":{"line":29,"column":11},"end":{"line":29,"column":12}},"loc":{"start":{"line":29,"column":19},"end":{"line":32,"column":3}},"line":29},"2":{"name":"(anonymous_2)","decl":{"start":{"line":34,"column":24},"end":{"line":34,"column":25}},"loc":{"start":{"line":34,"column":37},"end":{"line":38,"column":1}},"line":34}},"branchMap":{"0":{"loc":{"start":{"line":8,"column":12},"end":{"line":8,"column":49}},"type":"binary-expr","locations":[{"start":{"line":8,"column":12},"end":{"line":8,"column":32}},{"start":{"line":8,"column":36},"end":{"line":8,"column":49}}],"line":8},"1":{"loc":{"start":{"line":13,"column":0},"end":{"line":17,"column":1}},"type":"if","locations":[{"start":{"line":13,"column":0},"end":{"line":17,"column":1}},{"start":{"line":15,"column":7},"end":{"line":17,"column":1}}],"line":13},"2":{"loc":{"start":{"line":23,"column":6},"end":{"line":26,"column":37}},"type":"binary-expr","locations":[{"start":{"line":23,"column":6},"end":{"line":23,"column":29}},{"start":{"line":24,"column":6},"end":{"line":24,"column":23}},{"start":{"line":25,"column":6},"end":{"line":25,"column":30}},{"start":{"line":26,"column":6},"end":{"line":26,"column":37}}],"line":23},"3":{"loc":{"start":{"line":35,"column":2},"end":{"line":37,"column":3}},"type":"if","locations":[{"start":{"line":35,"column":2},"end":{"line":37,"column":3}},{"start":{},"end":{}}],"line":35}},"s":{"0":5,"1":5,"2":5,"3":5,"4":5,"5":5,"6":5,"7":5,"8":5,"9":0,"10":5,"11":5,"12":30,"13":25,"14":25,"15":5,"16":25,"17":25,"18":5,"19":5,"20":5},"f":{"0":30,"1":25,"2":25},"b":{"0":[5,0],"1":[0,5],"2":[30,30,25,25],"3":[25,0]},"_coverageSchema":"1a1c01bbd47fc00a2c39e90264f33305004495a9","hash":"2e8492b9484492a2ae9733271936a7422d22c52a"}
,"C:\\Users\\neubr\\Documents\\hacktiv8\\phase2\\IndividualProject\\movies-app\\be-movies-app\\models\\movie.js": {"path":"C:\\Users\\neubr\\Documents\\hacktiv8\\phase2\\IndividualProject\\movies-app\\be-movies-app\\models\\movie.js","statementMap":{"0":{"start":{"line":4,"column":4},"end":{"line":4,"column":24}},"1":{"start":{"line":5,"column":0},"end":{"line":38,"column":2}},"2":{"start":{"line":14,"column":6},"end":{"line":18,"column":9}},"3":{"start":{"line":19,"column":6},"end":{"line":23,"column":9}},"4":{"start":{"line":26,"column":2},"end":{"line":36,"column":5}},"5":{"start":{"line":37,"column":2},"end":{"line":37,"column":15}}},"fnMap":{"0":{"name":"(anonymous_0)","decl":{"start":{"line":5,"column":17},"end":{"line":5,"column":18}},"loc":{"start":{"line":5,"column":43},"end":{"line":38,"column":1}},"line":5},"1":{"name":"(anonymous_1)","decl":{"start":{"line":12,"column":4},"end":{"line":12,"column":5}},"loc":{"start":{"line":12,"column":29},"end":{"line":24,"column":5}},"line":12}},"branchMap":{},"s":{"0":5,"1":5,"2":5,"3":5,"4":5,"5":5},"f":{"0":5,"1":5},"b":{},"_coverageSchema":"1a1c01bbd47fc00a2c39e90264f33305004495a9","hash":"56439a13ed67edede789d9f27058c519c676bbf0"}
,"C:\\Users\\neubr\\Documents\\hacktiv8\\phase2\\IndividualProject\\movies-app\\be-movies-app\\models\\user.js": {"path":"C:\\Users\\neubr\\Documents\\hacktiv8\\phase2\\IndividualProject\\movies-app\\be-movies-app\\models\\user.js","statementMap":{"0":{"start":{"line":4,"column":4},"end":{"line":4,"column":24}},"1":{"start":{"line":5,"column":25},"end":{"line":5,"column":53}},"2":{"start":{"line":6,"column":0},"end":{"line":89,"column":2}},"3":{"start":{"line":15,"column":6},"end":{"line":19,"column":9}},"4":{"start":{"line":20,"column":6},"end":{"line":24,"column":9}},"5":{"start":{"line":27,"column":2},"end":{"line":84,"column":5}},"6":{"start":{"line":85,"column":2},"end":{"line":87,"column":4}},"7":{"start":{"line":86,"column":4},"end":{"line":86,"column":47}},"8":{"start":{"line":88,"column":2},"end":{"line":88,"column":14}}},"fnMap":{"0":{"name":"(anonymous_0)","decl":{"start":{"line":6,"column":17},"end":{"line":6,"column":18}},"loc":{"start":{"line":6,"column":43},"end":{"line":89,"column":1}},"line":6},"1":{"name":"(anonymous_1)","decl":{"start":{"line":13,"column":4},"end":{"line":13,"column":5}},"loc":{"start":{"line":13,"column":29},"end":{"line":25,"column":5}},"line":13},"2":{"name":"(anonymous_2)","decl":{"start":{"line":85,"column":20},"end":{"line":85,"column":21}},"loc":{"start":{"line":85,"column":30},"end":{"line":87,"column":3}},"line":85}},"branchMap":{},"s":{"0":5,"1":5,"2":5,"3":5,"4":5,"5":5,"6":5,"7":20,"8":5},"f":{"0":5,"1":5,"2":20},"b":{},"_coverageSchema":"1a1c01bbd47fc00a2c39e90264f33305004495a9","hash":"c00e5d9bd6a62695583a48885a68cb23b0e832a9"}
,"C:\\Users\\neubr\\Documents\\hacktiv8\\phase2\\IndividualProject\\movies-app\\be-movies-app\\models\\usermovies.js": {"path":"C:\\Users\\neubr\\Documents\\hacktiv8\\phase2\\IndividualProject\\movies-app\\be-movies-app\\models\\usermovies.js","statementMap":{"0":{"start":{"line":4,"column":4},"end":{"line":4,"column":24}},"1":{"start":{"line":5,"column":0},"end":{"line":61,"column":2}},"2":{"start":{"line":14,"column":6},"end":{"line":18,"column":9}},"3":{"start":{"line":19,"column":6},"end":{"line":23,"column":9}},"4":{"start":{"line":26,"column":2},"end":{"line":59,"column":5}},"5":{"start":{"line":60,"column":2},"end":{"line":60,"column":20}}},"fnMap":{"0":{"name":"(anonymous_0)","decl":{"start":{"line":5,"column":17},"end":{"line":5,"column":18}},"loc":{"start":{"line":5,"column":43},"end":{"line":61,"column":1}},"line":5},"1":{"name":"(anonymous_1)","decl":{"start":{"line":12,"column":4},"end":{"line":12,"column":5}},"loc":{"start":{"line":12,"column":29},"end":{"line":24,"column":5}},"line":12}},"branchMap":{},"s":{"0":5,"1":5,"2":5,"3":5,"4":5,"5":5},"f":{"0":5,"1":5},"b":{},"_coverageSchema":"1a1c01bbd47fc00a2c39e90264f33305004495a9","hash":"a4b6463b31ad4c18a3d24c9885da49b4a38b68ba"}
,"C:\\Users\\neubr\\Documents\\hacktiv8\\phase2\\IndividualProject\\movies-app\\be-movies-app\\models\\userrecommendations.js": {"path":"C:\\Users\\neubr\\Documents\\hacktiv8\\phase2\\IndividualProject\\movies-app\\be-movies-app\\models\\userrecommendations.js","statementMap":{"0":{"start":{"line":4,"column":4},"end":{"line":4,"column":24}},"1":{"start":{"line":5,"column":0},"end":{"line":52,"column":2}},"2":{"start":{"line":14,"column":6},"end":{"line":18,"column":9}},"3":{"start":{"line":19,"column":6},"end":{"line":23,"column":9}},"4":{"start":{"line":26,"column":2},"end":{"line":50,"column":5}},"5":{"start":{"line":51,"column":2},"end":{"line":51,"column":29}}},"fnMap":{"0":{"name":"(anonymous_0)","decl":{"start":{"line":5,"column":17},"end":{"line":5,"column":18}},"loc":{"start":{"line":5,"column":43},"end":{"line":52,"column":1}},"line":5},"1":{"name":"(anonymous_1)","decl":{"start":{"line":12,"column":4},"end":{"line":12,"column":5}},"loc":{"start":{"line":12,"column":29},"end":{"line":24,"column":5}},"line":12}},"branchMap":{},"s":{"0":5,"1":5,"2":5,"3":5,"4":5,"5":5},"f":{"0":5,"1":5},"b":{},"_coverageSchema":"1a1c01bbd47fc00a2c39e90264f33305004495a9","hash":"3c8c2dff40515852dd07163d2047eb788e580d3f"}
}
