TN:
SF:app.js
FNF:0
FNH:0
DA:1,5
DA:2,5
DA:5,5
DA:6,5
DA:8,5
DA:9,5
DA:10,5
DA:11,5
DA:12,5
DA:13,5
DA:15,5
DA:17,5
DA:18,5
DA:19,5
DA:22,5
DA:23,5
DA:24,5
DA:25,5
DA:28,5
DA:29,5
DA:30,5
DA:33,5
DA:34,5
DA:37,5
DA:38,5
DA:39,5
DA:40,5
DA:41,5
DA:44,5
DA:49,5
DA:55,5
DA:57,5
LF:32
LH:32
BRDA:1,0,0,5
BRDA:1,0,1,0
BRF:2
BRH:1
end_of_record
TN:
SF:controllers\authController.js
FN:8,(anonymous_0)
FN:34,(anonymous_1)
FN:73,(anonymous_2)
FNF:3
FNH:3
FNDA:13,(anonymous_0)
FNDA:12,(anonymous_1)
FNDA:7,(anonymous_2)
DA:1,5
DA:2,5
DA:3,5
DA:4,5
DA:5,5
DA:9,13
DA:10,13
DA:12,13
DA:19,2
DA:20,2
DA:21,2
DA:22,2
DA:23,2
DA:25,2
DA:30,11
DA:35,12
DA:36,12
DA:38,12
DA:39,3
DA:41,9
DA:42,3
DA:45,6
DA:49,6
DA:50,2
DA:53,4
DA:55,4
DA:56,2
DA:59,2
DA:61,2
DA:62,2
DA:63,2
DA:64,2
DA:65,2
DA:67,2
DA:69,10
DA:74,7
DA:75,7
DA:77,7
DA:78,1
DA:81,6
DA:84,6
DA:89,3
DA:92,3
DA:96,3
DA:98,2
DA:101,2
DA:102,2
DA:103,2
DA:104,1
DA:108,2
DA:119,3
DA:122,3
DA:123,3
DA:124,3
DA:125,3
DA:126,3
DA:128,3
DA:135,4
DA:136,1
DA:138,4
DA:143,5
LF:61
LH:61
BRDA:38,0,0,3
BRDA:38,0,1,9
BRDA:41,1,0,3
BRDA:41,1,1,6
BRDA:49,2,0,2
BRDA:49,2,1,4
BRDA:55,3,0,2
BRDA:55,3,1,2
BRDA:77,4,0,1
BRDA:77,4,1,6
BRDA:96,5,0,2
BRDA:96,5,1,1
BRDA:103,6,0,1
BRDA:103,6,1,1
BRDA:135,7,0,1
BRDA:135,7,1,3
BRDA:135,8,0,4
BRDA:135,8,1,3
BRF:18
BRH:18
end_of_record
TN:
SF:controllers\moviesController.js
FN:6,(anonymous_0)
FN:169,(anonymous_1)
FN:190,(anonymous_2)
FN:218,(anonymous_3)
FN:219,(anonymous_4)
FN:250,(anonymous_5)
FN:281,(anonymous_6)
FN:281,(anonymous_7)
FN:293,(anonymous_8)
FN:296,(anonymous_9)
FN:297,(anonymous_10)
FN:298,(anonymous_11)
FN:309,(anonymous_12)
FN:312,(anonymous_13)
FN:315,(anonymous_14)
FN:316,(anonymous_15)
FN:317,(anonymous_16)
FN:361,(anonymous_17)
FN:381,(anonymous_18)
FN:384,(anonymous_19)
FN:385,(anonymous_20)
FN:386,(anonymous_21)
FN:397,(anonymous_22)
FN:400,(anonymous_23)
FN:409,(anonymous_24)
FN:410,(anonymous_25)
FN:411,(anonymous_26)
FN:452,(anonymous_27)
FN:461,(anonymous_28)
FNF:29
FNH:27
FNDA:6,(anonymous_0)
FNDA:4,(anonymous_1)
FNDA:2,(anonymous_2)
FNDA:2,(anonymous_3)
FNDA:2,(anonymous_4)
FNDA:2,(anonymous_5)
FNDA:6,(anonymous_6)
FNDA:6,(anonymous_7)
FNDA:6,(anonymous_8)
FNDA:12,(anonymous_9)
FNDA:12,(anonymous_10)
FNDA:12,(anonymous_11)
FNDA:0,(anonymous_12)
FNDA:6,(anonymous_13)
FNDA:12,(anonymous_14)
FNDA:12,(anonymous_15)
FNDA:12,(anonymous_16)
FNDA:2,(anonymous_17)
FNDA:11,(anonymous_18)
FNDA:22,(anonymous_19)
FNDA:22,(anonymous_20)
FNDA:22,(anonymous_21)
FNDA:0,(anonymous_22)
FNDA:11,(anonymous_23)
FNDA:22,(anonymous_24)
FNDA:22,(anonymous_25)
FNDA:22,(anonymous_26)
FNDA:1,(anonymous_27)
FNDA:6,(anonymous_28)
DA:1,5
DA:2,5
DA:3,5
DA:7,6
DA:8,6
DA:9,6
DA:12,6
DA:13,6
DA:16,6
DA:17,0
DA:18,0
DA:19,0
DA:21,6
DA:23,0
DA:24,0
DA:25,0
DA:27,6
DA:29,1
DA:30,1
DA:31,1
DA:36,6
DA:38,0
DA:39,0
DA:41,6
DA:43,0
DA:44,0
DA:45,0
DA:47,6
DA:49,0
DA:50,0
DA:51,0
DA:53,6
DA:55,1
DA:56,1
DA:57,1
DA:62,6
DA:65,6
DA:66,6
DA:67,1
DA:73,6
DA:74,6
DA:76,1
DA:77,1
DA:79,1
DA:85,0
DA:92,6
DA:95,6
DA:103,6
DA:104,2
DA:105,2
DA:106,2
DA:109,2
DA:110,1
DA:111,1
DA:115,2
DA:116,0
DA:117,0
DA:118,0
DA:122,2
DA:123,2
DA:124,2
DA:127,0
DA:131,4
DA:135,6
DA:138,6
DA:141,6
DA:164,0
DA:165,0
DA:170,4
DA:171,4
DA:173,4
DA:175,4
DA:176,2
DA:179,2
DA:186,2
DA:191,2
DA:192,2
DA:195,2
DA:199,2
DA:200,0
DA:204,2
DA:205,1
DA:216,1
DA:218,2
DA:219,2
DA:221,1
DA:222,0
DA:233,1
DA:238,1
DA:239,0
DA:250,2
DA:257,1
DA:262,1
DA:263,0
DA:274,1
DA:280,1
DA:281,6
DA:285,1
DA:292,1
DA:293,1
DA:294,6
DA:295,6
DA:296,12
DA:297,12
DA:298,12
DA:303,1
DA:309,1
DA:312,1
DA:313,6
DA:315,12
DA:316,12
DA:317,12
DA:321,6
DA:327,1
DA:340,0
DA:342,0
DA:343,0
DA:344,0
DA:345,0
DA:350,0
DA:362,2
DA:363,2
DA:364,2
DA:365,2
DA:366,2
DA:368,2
DA:380,2
DA:381,2
DA:382,11
DA:383,11
DA:384,22
DA:385,22
DA:386,22
DA:391,2
DA:397,2
DA:400,2
DA:401,11
DA:403,11
DA:404,0
DA:407,11
DA:409,22
DA:410,22
DA:411,22
DA:415,11
DA:424,2
DA:438,0
DA:439,0
DA:453,1
DA:455,1
DA:460,1
DA:461,6
DA:467,1
DA:470,0
DA:476,5
LF:154
LH:119
BRDA:16,0,0,0
BRDA:16,0,1,6
BRDA:18,1,0,0
BRDA:18,1,1,0
BRDA:18,2,0,0
BRDA:18,2,1,0
BRDA:18,2,2,0
BRDA:21,3,0,0
BRDA:21,3,1,6
BRDA:24,4,0,0
BRDA:24,4,1,0
BRDA:24,5,0,0
BRDA:24,5,1,0
BRDA:24,5,2,0
BRDA:27,6,0,1
BRDA:27,6,1,5
BRDA:27,7,0,6
BRDA:27,7,1,1
BRDA:27,7,2,1
BRDA:30,8,0,1
BRDA:30,8,1,0
BRDA:30,9,0,1
BRDA:30,9,1,1
BRDA:30,9,2,1
BRDA:36,10,0,0
BRDA:36,10,1,6
BRDA:36,11,0,6
BRDA:36,11,1,1
BRDA:38,12,0,0
BRDA:38,12,1,0
BRDA:41,13,0,0
BRDA:41,13,1,6
BRDA:41,14,0,6
BRDA:41,14,1,1
BRDA:44,15,0,0
BRDA:44,15,1,0
BRDA:44,16,0,0
BRDA:44,16,1,0
BRDA:47,17,0,0
BRDA:47,17,1,6
BRDA:50,18,0,0
BRDA:50,18,1,0
BRDA:50,19,0,0
BRDA:50,19,1,0
BRDA:53,20,0,1
BRDA:53,20,1,5
BRDA:53,21,0,6
BRDA:53,21,1,1
BRDA:53,21,2,1
BRDA:56,22,0,1
BRDA:56,22,1,0
BRDA:56,23,0,1
BRDA:56,23,1,1
BRDA:65,24,0,6
BRDA:65,24,1,5
BRDA:66,25,0,1
BRDA:66,25,1,5
BRDA:66,26,0,6
BRDA:66,26,1,1
BRDA:66,26,2,1
BRDA:73,27,0,6
BRDA:73,27,1,5
BRDA:74,28,0,1
BRDA:74,28,1,5
BRDA:74,29,0,6
BRDA:74,29,1,1
BRDA:74,29,2,1
BRDA:77,30,0,1
BRDA:77,30,1,0
BRDA:103,31,0,2
BRDA:103,31,1,4
BRDA:103,32,0,6
BRDA:103,32,1,2
BRDA:109,33,0,1
BRDA:109,33,1,1
BRDA:115,34,0,0
BRDA:115,34,1,2
BRDA:118,35,0,0
BRDA:118,35,1,0
BRDA:123,36,0,2
BRDA:123,36,1,0
BRDA:152,37,0,6
BRDA:152,37,1,5
BRDA:153,38,0,6
BRDA:153,38,1,5
BRDA:154,39,0,6
BRDA:154,39,1,4
BRDA:175,40,0,2
BRDA:175,40,1,2
BRDA:199,41,0,0
BRDA:199,41,1,2
BRDA:204,42,0,1
BRDA:204,42,1,1
BRDA:204,43,0,2
BRDA:204,43,1,1
BRDA:221,44,0,0
BRDA:221,44,1,1
BRDA:238,45,0,0
BRDA:238,45,1,1
BRDA:253,46,0,2
BRDA:253,46,1,0
BRDA:262,47,0,0
BRDA:262,47,1,1
BRDA:262,48,0,1
BRDA:262,48,1,1
BRDA:294,49,0,6
BRDA:294,49,1,0
BRDA:297,50,0,12
BRDA:297,50,1,12
BRDA:313,51,0,6
BRDA:313,51,1,0
BRDA:316,52,0,12
BRDA:316,52,1,12
BRDA:342,53,0,0
BRDA:342,53,1,0
BRDA:344,54,0,0
BRDA:344,54,1,0
BRDA:344,55,0,0
BRDA:344,55,1,0
BRDA:364,56,0,2
BRDA:364,56,1,1
BRDA:365,57,0,2
BRDA:365,57,1,1
BRDA:382,58,0,11
BRDA:382,58,1,0
BRDA:385,59,0,22
BRDA:385,59,1,22
BRDA:403,60,0,0
BRDA:403,60,1,11
BRDA:407,61,0,11
BRDA:407,61,1,0
BRDA:410,62,0,22
BRDA:410,62,1,22
BRDA:460,63,0,1
BRDA:460,63,1,0
BRDA:460,64,0,1
BRDA:460,64,1,1
BRF:137
BRH:88
end_of_record
TN:
SF:controllers\pubController.js
FN:10,(anonymous_0)
FN:31,(anonymous_1)
FN:105,(anonymous_2)
FN:106,(anonymous_3)
FN:107,(anonymous_4)
FN:146,(anonymous_5)
FN:190,(anonymous_6)
FN:191,(anonymous_7)
FN:192,(anonymous_8)
FN:228,(anonymous_9)
FN:269,(anonymous_10)
FN:276,(anonymous_11)
FNF:12
FNH:12
FNDA:10,(anonymous_0)
FNDA:11,(anonymous_1)
FNDA:6,(anonymous_2)
FNDA:6,(anonymous_3)
FNDA:6,(anonymous_4)
FNDA:5,(anonymous_5)
FNDA:2,(anonymous_6)
FNDA:2,(anonymous_7)
FNDA:2,(anonymous_8)
FNDA:6,(anonymous_9)
FNDA:4,(anonymous_10)
FNDA:2,(anonymous_11)
DA:1,5
DA:4,5
DA:5,5
DA:11,10
DA:32,11
DA:33,11
DA:34,11
DA:37,11
DA:38,11
DA:41,11
DA:42,2
DA:43,2
DA:44,2
DA:45,1
DA:49,11
DA:50,2
DA:51,2
DA:52,2
DA:53,1
DA:58,11
DA:61,11
DA:68,11
DA:69,1
DA:70,1
DA:71,10
DA:72,1
DA:73,1
DA:75,9
DA:79,11
DA:80,2
DA:81,2
DA:83,2
DA:90,2
DA:93,11
DA:99,7
DA:104,7
DA:105,7
DA:106,6
DA:107,6
DA:110,6
DA:117,7
DA:129,4
DA:131,4
DA:132,1
DA:133,3
DA:134,1
DA:135,2
DA:137,1
DA:140,1
DA:141,1
DA:147,5
DA:148,5
DA:151,5
DA:152,5
DA:155,5
DA:156,1
DA:157,1
DA:158,1
DA:159,1
DA:163,5
DA:164,1
DA:165,1
DA:166,1
DA:167,1
DA:172,5
DA:175,5
DA:184,2
DA:189,2
DA:190,2
DA:191,2
DA:192,2
DA:195,2
DA:201,2
DA:213,3
DA:214,3
DA:215,1
DA:216,2
DA:218,1
DA:219,1
DA:221,1
DA:223,0
DA:229,6
DA:231,6
DA:233,6
DA:239,2
DA:245,2
DA:252,4
DA:253,4
DA:254,1
DA:255,3
DA:256,1
DA:257,2
DA:259,1
DA:260,1
DA:262,1
DA:264,0
DA:270,4
DA:271,4
DA:276,2
DA:283,1
DA:290,3
DA:291,3
DA:292,1
DA:293,2
DA:295,1
DA:296,1
DA:298,1
DA:300,0
DA:306,5
LF:109
LH:106
BRDA:15,0,0,1
BRDA:15,0,1,9
BRDA:16,1,0,10
BRDA:16,1,1,0
BRDA:18,2,0,8
BRDA:18,2,1,2
BRDA:23,3,0,8
BRDA:23,3,1,2
BRDA:24,4,0,10
BRDA:24,4,1,0
BRDA:41,5,0,2
BRDA:41,5,1,9
BRDA:41,6,0,11
BRDA:41,6,1,11
BRDA:42,7,0,2
BRDA:42,7,1,2
BRDA:44,8,0,1
BRDA:44,8,1,1
BRDA:44,9,0,2
BRDA:44,9,1,1
BRDA:49,10,0,2
BRDA:49,10,1,9
BRDA:49,11,0,11
BRDA:49,11,1,11
BRDA:50,12,0,2
BRDA:50,12,1,2
BRDA:52,13,0,1
BRDA:52,13,1,1
BRDA:52,14,0,2
BRDA:52,14,1,1
BRDA:68,15,0,1
BRDA:68,15,1,10
BRDA:71,16,0,1
BRDA:71,16,1,9
BRDA:79,17,0,2
BRDA:79,17,1,9
BRDA:80,18,0,1
BRDA:80,18,1,1
BRDA:81,19,0,1
BRDA:81,19,1,1
BRDA:90,20,0,2
BRDA:90,20,1,0
BRDA:106,21,0,6
BRDA:106,21,1,0
BRDA:129,22,0,4
BRDA:129,22,1,3
BRDA:131,23,0,1
BRDA:131,23,1,3
BRDA:131,24,0,4
BRDA:131,24,1,3
BRDA:133,25,0,1
BRDA:133,25,1,2
BRDA:133,26,0,3
BRDA:133,26,1,2
BRDA:135,27,0,1
BRDA:135,27,1,1
BRDA:140,28,0,1
BRDA:140,28,1,0
BRDA:155,29,0,1
BRDA:155,29,1,4
BRDA:155,30,0,5
BRDA:155,30,1,5
BRDA:156,31,0,1
BRDA:156,31,1,1
BRDA:158,32,0,1
BRDA:158,32,1,0
BRDA:158,33,0,1
BRDA:158,33,1,1
BRDA:163,34,0,1
BRDA:163,34,1,4
BRDA:163,35,0,5
BRDA:163,35,1,5
BRDA:164,36,0,1
BRDA:164,36,1,1
BRDA:166,37,0,1
BRDA:166,37,1,0
BRDA:166,38,0,1
BRDA:166,38,1,1
BRDA:191,39,0,2
BRDA:191,39,1,0
BRDA:214,40,0,1
BRDA:214,40,1,2
BRDA:214,41,0,3
BRDA:214,41,1,2
BRDA:216,42,0,1
BRDA:216,42,1,1
BRDA:219,43,0,1
BRDA:219,43,1,0
BRDA:219,44,0,1
BRDA:219,44,1,1
BRDA:219,44,2,1
BRDA:253,45,0,1
BRDA:253,45,1,3
BRDA:253,46,0,4
BRDA:253,46,1,3
BRDA:255,47,0,1
BRDA:255,47,1,2
BRDA:255,48,0,3
BRDA:255,48,1,2
BRDA:257,49,0,1
BRDA:257,49,1,1
BRDA:260,50,0,1
BRDA:260,50,1,0
BRDA:260,51,0,1
BRDA:260,51,1,1
BRDA:260,51,2,1
BRDA:291,52,0,1
BRDA:291,52,1,2
BRDA:291,53,0,3
BRDA:291,53,1,2
BRDA:293,54,0,1
BRDA:293,54,1,1
BRDA:296,55,0,1
BRDA:296,55,1,0
BRDA:296,56,0,1
BRDA:296,56,1,1
BRDA:296,56,2,1
BRF:117
BRH:106
end_of_record
TN:
SF:controllers\userMoviesController.js
FN:4,(anonymous_0)
FN:50,(anonymous_1)
FN:91,(anonymous_2)
FN:122,(anonymous_3)
FNF:4
FNH:4
FNDA:7,(anonymous_0)
FNDA:4,(anonymous_1)
FNDA:3,(anonymous_2)
FNDA:2,(anonymous_3)
DA:1,5
DA:5,7
DA:6,7
DA:7,7
DA:9,7
DA:10,1
DA:13,6
DA:14,1
DA:18,5
DA:19,5
DA:20,1
DA:24,4
DA:28,4
DA:29,1
DA:32,3
DA:39,3
DA:46,4
DA:51,4
DA:52,4
DA:53,4
DA:55,4
DA:57,4
DA:58,3
DA:59,1
DA:61,2
DA:64,3
DA:65,1
DA:66,0
DA:68,1
DA:71,3
DA:80,3
DA:87,1
DA:92,3
DA:93,3
DA:94,3
DA:95,3
DA:97,3
DA:98,1
DA:101,2
DA:105,2
DA:106,1
DA:109,1
DA:111,1
DA:118,2
DA:123,2
DA:124,2
DA:125,2
DA:127,2
DA:131,2
DA:132,1
DA:135,1
DA:137,1
DA:142,1
DA:147,5
LF:54
LH:53
BRDA:9,0,0,1
BRDA:9,0,1,6
BRDA:9,1,0,7
BRDA:9,1,1,6
BRDA:13,2,0,1
BRDA:13,2,1,5
BRDA:19,3,0,1
BRDA:19,3,1,4
BRDA:28,4,0,1
BRDA:28,4,1,3
BRDA:36,5,0,1
BRDA:36,5,1,2
BRDA:57,6,0,3
BRDA:57,6,1,1
BRDA:58,7,0,1
BRDA:58,7,1,2
BRDA:64,8,0,1
BRDA:64,8,1,2
BRDA:65,9,0,0
BRDA:65,9,1,1
BRDA:97,10,0,1
BRDA:97,10,1,2
BRDA:97,11,0,3
BRDA:97,11,1,3
BRDA:105,12,0,1
BRDA:105,12,1,1
BRDA:131,13,0,1
BRDA:131,13,1,1
BRF:28
BRH:27
end_of_record
TN:
SF:helpers\bcrypt.js
FN:3,(anonymous_0)
FN:8,(anonymous_1)
FNF:2
FNH:2
FNDA:20,(anonymous_0)
FNDA:4,(anonymous_1)
DA:1,5
DA:3,5
DA:4,20
DA:5,20
DA:8,5
DA:9,4
DA:12,5
LF:7
LH:7
BRF:0
BRH:0
end_of_record
TN:
SF:helpers\gemini.js
FN:9,generateRecommendationIds
FN:27,(anonymous_1)
FN:40,(anonymous_2)
FN:78,(anonymous_3)
FN:81,(anonymous_4)
FN:82,(anonymous_5)
FN:88,(anonymous_6)
FN:90,(anonymous_7)
FN:104,(anonymous_8)
FNF:9
FNH:9
FNDA:12,generateRecommendationIds
FNDA:74,(anonymous_1)
FNDA:74,(anonymous_2)
FNDA:53,(anonymous_3)
FNDA:51,(anonymous_4)
FNDA:147,(anonymous_5)
FNDA:16,(anonymous_6)
FNDA:5,(anonymous_7)
FNDA:18,(anonymous_8)
DA:1,6
DA:10,12
DA:12,12
DA:13,12
DA:14,1
DA:18,11
DA:19,11
DA:22,11
DA:25,11
DA:27,74
DA:34,11
DA:40,74
DA:51,11
DA:52,10
DA:53,10
DA:58,9
DA:60,9
DA:63,3
DA:64,3
DA:65,2
DA:68,1
DA:73,9
DA:74,0
DA:78,53
DA:81,9
DA:82,147
DA:86,9
DA:87,3
DA:88,16
DA:90,5
DA:92,3
DA:96,9
DA:99,3
DA:102,3
DA:104,18
DA:108,6
LF:36
LH:35
BRDA:13,0,0,1
BRDA:13,0,1,11
BRDA:64,1,0,2
BRDA:64,1,1,1
BRDA:68,2,0,1
BRDA:68,2,1,0
BRDA:73,3,0,0
BRDA:73,3,1,9
BRDA:78,4,0,53
BRDA:78,4,1,51
BRDA:86,5,0,3
BRDA:86,5,1,6
BRF:12
BRH:10
end_of_record
TN:
SF:helpers\jwt.js
FN:6,(anonymous_0)
FN:11,(anonymous_1)
FNF:2
FNH:2
FNDA:9,(anonymous_0)
FNDA:32,(anonymous_1)
DA:1,5
DA:3,5
DA:6,5
DA:7,9
DA:11,5
DA:12,32
DA:15,5
LF:7
LH:7
BRF:0
BRH:0
end_of_record
TN:
SF:middlewares\authentication.js
FN:4,authentication
FNF:1
FNH:1
FNDA:40,authentication
DA:1,5
DA:2,5
DA:5,40
DA:6,40
DA:8,40
DA:9,8
DA:12,32
DA:13,32
DA:14,32
DA:17,32
DA:18,0
DA:22,32
DA:25,30
DA:27,30
DA:28,0
DA:32,30
DA:34,30
DA:36,10
DA:40,5
LF:19
LH:17
BRDA:8,0,0,8
BRDA:8,0,1,32
BRDA:17,1,0,0
BRDA:17,1,1,32
BRDA:17,2,0,32
BRDA:17,2,1,32
BRDA:27,3,0,0
BRDA:27,3,1,30
BRF:8
BRH:6
end_of_record
TN:
SF:middlewares\errorHandler.js
FN:1,errorHandler
FNF:1
FNH:1
FNDA:59,errorHandler
DA:2,59
DA:4,59
DA:7,11
DA:8,11
DA:10,13
DA:11,13
DA:13,16
DA:14,16
DA:16,2
DA:17,2
DA:19,7
DA:20,7
DA:22,0
DA:23,0
DA:25,8
DA:26,8
DA:28,2
DA:29,2
DA:33,5
LF:19
LH:17
BRDA:4,0,0,8
BRDA:4,0,1,11
BRDA:4,0,2,13
BRDA:4,0,3,16
BRDA:4,0,4,2
BRDA:4,0,5,7
BRDA:4,0,6,0
BRDA:4,0,7,8
BRDA:4,0,8,2
BRF:9
BRH:8
end_of_record
TN:
SF:models\genre.js
FN:5,(anonymous_0)
FN:12,(anonymous_1)
FNF:2
FNH:2
FNDA:5,(anonymous_0)
FNDA:5,(anonymous_1)
DA:4,5
DA:5,5
DA:16,5
DA:22,5
LF:4
LH:4
BRF:0
BRH:0
end_of_record
TN:
SF:models\index.js
FN:21,(anonymous_0)
FN:29,(anonymous_1)
FN:34,(anonymous_2)
FNF:3
FNH:3
FNDA:30,(anonymous_0)
FNDA:25,(anonymous_1)
FNDA:25,(anonymous_2)
DA:3,5
DA:4,5
DA:5,5
DA:6,5
DA:7,5
DA:8,5
DA:9,5
DA:10,5
DA:13,5
DA:14,0
DA:16,5
DA:19,5
DA:22,30
DA:30,25
DA:31,25
DA:34,5
DA:35,25
DA:36,25
DA:40,5
DA:41,5
DA:43,5
LF:21
LH:20
BRDA:8,0,0,5
BRDA:8,0,1,0
BRDA:13,1,0,0
BRDA:13,1,1,5
BRDA:23,2,0,30
BRDA:23,2,1,30
BRDA:23,2,2,25
BRDA:23,2,3,25
BRDA:35,3,0,25
BRDA:35,3,1,0
BRF:10
BRH:7
end_of_record
TN:
SF:models\movie.js
FN:5,(anonymous_0)
FN:12,(anonymous_1)
FNF:2
FNH:2
FNDA:5,(anonymous_0)
FNDA:5,(anonymous_1)
DA:4,5
DA:5,5
DA:14,5
DA:19,5
DA:26,5
DA:37,5
LF:6
LH:6
BRF:0
BRH:0
end_of_record
TN:
SF:models\user.js
FN:6,(anonymous_0)
FN:13,(anonymous_1)
FN:85,(anonymous_2)
FNF:3
FNH:3
FNDA:5,(anonymous_0)
FNDA:5,(anonymous_1)
FNDA:20,(anonymous_2)
DA:4,5
DA:5,5
DA:6,5
DA:15,5
DA:20,5
DA:27,5
DA:85,5
DA:86,20
DA:88,5
LF:9
LH:9
BRF:0
BRH:0
end_of_record
TN:
SF:models\usermovies.js
FN:5,(anonymous_0)
FN:12,(anonymous_1)
FNF:2
FNH:2
FNDA:5,(anonymous_0)
FNDA:5,(anonymous_1)
DA:4,5
DA:5,5
DA:14,5
DA:19,5
DA:26,5
DA:60,5
LF:6
LH:6
BRF:0
BRH:0
end_of_record
TN:
SF:models\userrecommendations.js
FN:5,(anonymous_0)
FN:12,(anonymous_1)
FNF:2
FNH:2
FNDA:5,(anonymous_0)
FNDA:5,(anonymous_1)
DA:4,5
DA:5,5
DA:14,5
DA:19,5
DA:26,5
DA:51,5
LF:6
LH:6
BRF:0
BRH:0
end_of_record
